<?xml version="1.0" encoding="UTF-8"?>
<coverage generated="1775842939284" clover="3.2.0">
  <project timestamp="1775842939284" name="All files">
    <metrics statements="1430" coveredstatements="1156" conditionals="1437" coveredconditionals="894" methods="290" coveredmethods="233" elements="3157" coveredelements="2283" complexity="0" loc="1430" ncloc="1430" packages="6" files="15" classes="15"/>
    <package name="public.js">
      <metrics statements="262" coveredstatements="194" conditionals="362" coveredconditionals="217" methods="105" coveredmethods="63"/>
      <file name="component-compositions.js" path="/home/runner/work/CircuiTry3D/CircuiTry3D/public/js/component-compositions.js">
        <metrics statements="37" coveredstatements="21" conditionals="42" coveredconditionals="17" methods="9" coveredmethods="7"/>
        <line num="12" count="1" type="stmt"/>
        <line num="18" count="1" type="stmt"/>
        <line num="62" count="1" type="stmt"/>
        <line num="352" count="32" type="cond" truecount="1" falsecount="1"/>
        <line num="353" count="32" type="cond" truecount="2" falsecount="0"/>
        <line num="354" count="239" type="cond" truecount="2" falsecount="0"/>
        <line num="359" count="7" type="stmt"/>
        <line num="360" count="7" type="cond" truecount="2" falsecount="0"/>
        <line num="361" count="12" type="stmt"/>
        <line num="362" count="6" type="cond" truecount="1" falsecount="1"/>
        <line num="363" count="6" type="cond" truecount="1" falsecount="1"/>
        <line num="364" count="0" type="stmt"/>
        <line num="365" count="0" type="cond" truecount="0" falsecount="2"/>
        <line num="369" count="2" type="stmt"/>
        <line num="370" count="2" type="cond" truecount="1" falsecount="1"/>
        <line num="371" count="2" type="stmt"/>
        <line num="372" count="12" type="stmt"/>
        <line num="373" count="12" type="cond" truecount="1" falsecount="1"/>
        <line num="374" count="12" type="stmt"/>
        <line num="386" count="0" type="cond" truecount="0" falsecount="4"/>
        <line num="387" count="0" type="cond" truecount="0" falsecount="2"/>
        <line num="388" count="0" type="stmt"/>
        <line num="390" count="0" type="stmt"/>
        <line num="392" count="0" type="stmt"/>
        <line num="393" count="0" type="stmt"/>
        <line num="394" count="0" type="cond" truecount="0" falsecount="2"/>
        <line num="395" count="0" type="stmt"/>
        <line num="397" count="0" type="stmt"/>
        <line num="401" count="0" type="cond" truecount="0" falsecount="4"/>
        <line num="403" count="0" type="stmt"/>
        <line num="405" count="0" type="stmt"/>
        <line num="411" count="1" type="stmt"/>
        <line num="421" count="1" type="cond" truecount="3" falsecount="1"/>
        <line num="422" count="1" type="stmt"/>
        <line num="424" count="0" type="stmt"/>
        <line num="428" count="1" type="cond" truecount="2" falsecount="2"/>
        <line num="429" count="0" type="stmt"/>
      </file>
      <file name="component-failure-engine.js" path="/home/runner/work/CircuiTry3D/CircuiTry3D/public/js/component-failure-engine.js">
        <metrics statements="225" coveredstatements="173" conditionals="320" coveredconditionals="200" methods="96" coveredmethods="56"/>
        <line num="63" count="2" type="stmt"/>
        <line num="69" count="2" type="stmt"/>
        <line num="92" count="2" type="stmt"/>
        <line num="201" count="2" type="stmt"/>
        <line num="227" count="2" type="cond" truecount="1" falsecount="1"/>
        <line num="228" count="0" type="cond" truecount="0" falsecount="2"/>
        <line num="247" count="2" type="stmt"/>
        <line num="415" count="2" type="stmt"/>
        <line num="477" count="2" type="stmt"/>
        <line num="697" count="2" type="stmt"/>
        <line num="708" count="3" type="cond" truecount="1" falsecount="1"/>
        <line num="714" count="2" type="cond" truecount="1" falsecount="1"/>
        <line num="721" count="3" type="stmt"/>
        <line num="722" count="0" type="stmt"/>
        <line num="733" count="1" type="cond" truecount="1" falsecount="1"/>
        <line num="735" count="1" type="cond" truecount="1" falsecount="1"/>
        <line num="742" count="1" type="stmt"/>
        <line num="743" count="0" type="stmt"/>
        <line num="754" count="1" type="cond" truecount="1" falsecount="1"/>
        <line num="756" count="1" type="cond" truecount="1" falsecount="1"/>
        <line num="763" count="1" type="stmt"/>
        <line num="764" count="0" type="stmt"/>
        <line num="775" count="2" type="cond" truecount="1" falsecount="1"/>
        <line num="777" count="1" type="cond" truecount="1" falsecount="1"/>
        <line num="784" count="2" type="cond" truecount="1" falsecount="1"/>
        <line num="786" count="0" type="cond" truecount="0" falsecount="2"/>
        <line num="793" count="2" type="cond" truecount="2" falsecount="0"/>
        <line num="794" count="0" type="stmt"/>
        <line num="805" count="0" type="cond" truecount="0" falsecount="2"/>
        <line num="807" count="0" type="cond" truecount="0" falsecount="2"/>
        <line num="814" count="0" type="stmt"/>
        <line num="815" count="0" type="stmt"/>
        <line num="826" count="0" type="cond" truecount="0" falsecount="2"/>
        <line num="828" count="0" type="cond" truecount="0" falsecount="2"/>
        <line num="835" count="0" type="stmt"/>
        <line num="836" count="0" type="stmt"/>
        <line num="847" count="0" type="stmt"/>
        <line num="848" count="0" type="stmt"/>
        <line num="859" count="0" type="stmt"/>
        <line num="860" count="0" type="stmt"/>
        <line num="871" count="2" type="cond" truecount="2" falsecount="0"/>
        <line num="873" count="0" type="cond" truecount="0" falsecount="2"/>
        <line num="880" count="2" type="cond" truecount="2" falsecount="0"/>
        <line num="882" count="0" type="cond" truecount="0" falsecount="2"/>
        <line num="889" count="2" type="cond" truecount="1" falsecount="1"/>
        <line num="890" count="2" type="stmt"/>
        <line num="901" count="1" type="cond" truecount="1" falsecount="1"/>
        <line num="903" count="1" type="cond" truecount="1" falsecount="1"/>
        <line num="910" count="1" type="cond" truecount="2" falsecount="0"/>
        <line num="912" count="0" type="cond" truecount="0" falsecount="2"/>
        <line num="923" count="1" type="cond" truecount="1" falsecount="1"/>
        <line num="925" count="1" type="cond" truecount="1" falsecount="1"/>
        <line num="936" count="0" type="cond" truecount="0" falsecount="2"/>
        <line num="938" count="0" type="cond" truecount="0" falsecount="2"/>
        <line num="945" count="0" type="stmt"/>
        <line num="946" count="0" type="stmt"/>
        <line num="957" count="1" type="cond" truecount="2" falsecount="0"/>
        <line num="958" count="0" type="stmt"/>
        <line num="965" count="1" type="cond" truecount="2" falsecount="0"/>
        <line num="967" count="0" type="cond" truecount="0" falsecount="2"/>
        <line num="978" count="3" type="cond" truecount="2" falsecount="0"/>
        <line num="980" count="1" type="cond" truecount="1" falsecount="1"/>
        <line num="987" count="3" type="stmt"/>
        <line num="988" count="0" type="stmt"/>
        <line num="1000" count="0" type="cond" truecount="0" falsecount="2"/>
        <line num="1001" count="0" type="cond" truecount="0" falsecount="2"/>
        <line num="1002" count="0" type="cond" truecount="0" falsecount="4"/>
        <line num="1003" count="0" type="stmt"/>
        <line num="1006" count="0" type="cond" truecount="0" falsecount="2"/>
        <line num="1007" count="0" type="cond" truecount="0" falsecount="2"/>
        <line num="1008" count="0" type="cond" truecount="0" falsecount="4"/>
        <line num="1009" count="0" type="stmt"/>
        <line num="1017" count="0" type="cond" truecount="0" falsecount="2"/>
        <line num="1019" count="0" type="cond" truecount="0" falsecount="2"/>
        <line num="1030" count="1" type="cond" truecount="1" falsecount="1"/>
        <line num="1032" count="1" type="cond" truecount="1" falsecount="1"/>
        <line num="1043" count="1" type="cond" truecount="1" falsecount="1"/>
        <line num="1045" count="1" type="cond" truecount="1" falsecount="1"/>
        <line num="1056" count="1" type="cond" truecount="1" falsecount="1"/>
        <line num="1058" count="1" type="cond" truecount="1" falsecount="1"/>
        <line num="1065" count="1" type="stmt"/>
        <line num="1066" count="0" type="stmt"/>
        <line num="1077" count="0" type="stmt"/>
        <line num="1078" count="0" type="stmt"/>
        <line num="1089" count="0" type="stmt"/>
        <line num="1090" count="0" type="stmt"/>
        <line num="1101" count="0" type="stmt"/>
        <line num="1102" count="0" type="stmt"/>
        <line num="1119" count="16" type="cond" truecount="4" falsecount="0"/>
        <line num="1120" count="16" type="cond" truecount="4" falsecount="0"/>
        <line num="1124" count="16" type="cond" truecount="1" falsecount="1"/>
        <line num="1130" count="8" type="cond" truecount="4" falsecount="0"/>
        <line num="1131" count="8" type="stmt"/>
        <line num="1145" count="16" type="cond" truecount="1" falsecount="1"/>
        <line num="1146" count="16" type="cond" truecount="1" falsecount="1"/>
        <line num="1147" count="16" type="cond" truecount="3" falsecount="0"/>
        <line num="1148" count="16" type="stmt"/>
        <line num="1154" count="4" type="cond" truecount="1" falsecount="1"/>
        <line num="1155" count="4" type="cond" truecount="1" falsecount="2"/>
        <line num="1156" count="4" type="stmt"/>
        <line num="1157" count="4" type="stmt"/>
        <line num="1169" count="16" type="cond" truecount="1" falsecount="1"/>
        <line num="1170" count="16" type="cond" truecount="3" falsecount="0"/>
        <line num="1171" count="16" type="cond" truecount="2" falsecount="0"/>
        <line num="1174" count="0" type="cond" truecount="0" falsecount="2"/>
        <line num="1175" count="0" type="cond" truecount="0" falsecount="3"/>
        <line num="1176" count="0" type="cond" truecount="0" falsecount="2"/>
        <line num="1177" count="0" type="stmt"/>
        <line num="1189" count="1" type="stmt"/>
        <line num="1190" count="1" type="stmt"/>
        <line num="1197" count="1" type="cond" truecount="1" falsecount="1"/>
        <line num="1199" count="1" type="cond" truecount="1" falsecount="1"/>
        <line num="1218" count="119" type="cond" truecount="4" falsecount="0"/>
        <line num="1219" count="2" type="stmt"/>
        <line num="1221" count="117" type="stmt"/>
        <line num="1224" count="117" type="cond" truecount="2" falsecount="0"/>
        <line num="1225" count="94" type="stmt"/>
        <line num="1229" count="23" type="cond" truecount="2" falsecount="0"/>
        <line num="1230" count="3" type="stmt"/>
        <line num="1236" count="20" type="stmt"/>
        <line num="1237" count="1606" type="cond" truecount="2" falsecount="0"/>
        <line num="1238" count="1586" type="cond" truecount="2" falsecount="0"/>
        <line num="1239" count="7" type="stmt"/>
        <line num="1244" count="13" type="cond" truecount="4" falsecount="0"/>
        <line num="1245" count="12" type="cond" truecount="2" falsecount="0"/>
        <line num="1246" count="11" type="cond" truecount="2" falsecount="0"/>
        <line num="1247" count="10" type="cond" truecount="2" falsecount="0"/>
        <line num="1248" count="9" type="cond" truecount="4" falsecount="0"/>
        <line num="1249" count="8" type="cond" truecount="3" falsecount="1"/>
        <line num="1250" count="8" type="cond" truecount="2" falsecount="0"/>
        <line num="1251" count="7" type="cond" truecount="2" falsecount="2"/>
        <line num="1252" count="7" type="cond" truecount="3" falsecount="1"/>
        <line num="1253" count="7" type="cond" truecount="2" falsecount="0"/>
        <line num="1254" count="6" type="cond" truecount="4" falsecount="0"/>
        <line num="1255" count="4" type="cond" truecount="1" falsecount="1"/>
        <line num="1258" count="5" type="stmt"/>
        <line num="1269" count="39" type="stmt"/>
        <line num="1270" count="39" type="cond" truecount="4" falsecount="0"/>
        <line num="1271" count="2" type="stmt"/>
        <line num="1274" count="37" type="stmt"/>
        <line num="1278" count="37" type="cond" truecount="2" falsecount="1"/>
        <line num="1282" count="39" type="cond" truecount="1" falsecount="1"/>
        <line num="1283" count="0" type="stmt"/>
        <line num="1286" count="37" type="cond" truecount="1" falsecount="1"/>
        <line num="1287" count="39" type="stmt"/>
        <line num="1288" count="39" type="stmt"/>
        <line num="1290" count="39" type="stmt"/>
        <line num="1291" count="89" type="stmt"/>
        <line num="1292" count="89" type="cond" truecount="2" falsecount="0"/>
        <line num="1293" count="29" type="cond" truecount="1" falsecount="1"/>
        <line num="1294" count="29" type="cond" truecount="1" falsecount="1"/>
        <line num="1295" count="29" type="stmt"/>
        <line num="1296" count="29" type="stmt"/>
        <line num="1304" count="37" type="cond" truecount="2" falsecount="0"/>
        <line num="1305" count="9" type="stmt"/>
        <line num="1308" count="28" type="stmt"/>
        <line num="1331" count="6" type="cond" truecount="6" falsecount="0"/>
        <line num="1332" count="3" type="cond" truecount="1" falsecount="1"/>
        <line num="1333" count="3" type="stmt"/>
        <line num="1335" count="3" type="stmt"/>
        <line num="1337" count="3" type="stmt"/>
        <line num="1339" count="3" type="cond" truecount="4" falsecount="0"/>
        <line num="1340" count="1" type="stmt"/>
        <line num="1346" count="3" type="cond" truecount="4" falsecount="0"/>
        <line num="1347" count="1" type="stmt"/>
        <line num="1350" count="3" type="cond" truecount="4" falsecount="0"/>
        <line num="1351" count="1" type="stmt"/>
        <line num="1360" count="4" type="cond" truecount="6" falsecount="0"/>
        <line num="1361" count="2" type="cond" truecount="1" falsecount="1"/>
        <line num="1362" count="2" type="stmt"/>
        <line num="1364" count="2" type="stmt"/>
        <line num="1366" count="2" type="stmt"/>
        <line num="1367" count="2" type="cond" truecount="2" falsecount="0"/>
        <line num="1368" count="1" type="stmt"/>
        <line num="1370" count="2" type="stmt"/>
        <line num="1384" count="2" type="stmt"/>
        <line num="1385" count="2" type="stmt"/>
        <line num="1396" count="1" type="cond" truecount="4" falsecount="1"/>
        <line num="1397" count="0" type="stmt"/>
        <line num="1399" count="1" type="stmt"/>
        <line num="1400" count="1" type="stmt"/>
        <line num="1401" count="1" type="stmt"/>
        <line num="1402" count="16" type="cond" truecount="3" falsecount="1"/>
        <line num="1403" count="16" type="stmt"/>
        <line num="1404" count="16" type="stmt"/>
        <line num="1406" count="16" type="cond" truecount="1" falsecount="1"/>
        <line num="1407" count="16" type="stmt"/>
        <line num="1408" count="45" type="stmt"/>
        <line num="1428" count="76" type="cond" truecount="1" falsecount="1"/>
        <line num="1429" count="76" type="stmt"/>
        <line num="1430" count="76" type="cond" truecount="2" falsecount="0"/>
        <line num="1432" count="7" type="cond" truecount="1" falsecount="1"/>
        <line num="1433" count="14" type="cond" truecount="1" falsecount="1"/>
        <line num="1436" count="76" type="cond" truecount="1" falsecount="1"/>
        <line num="1438" count="76" type="cond" truecount="3" falsecount="1"/>
        <line num="1445" count="76" type="stmt"/>
        <line num="1446" count="76" type="cond" truecount="4" falsecount="0"/>
        <line num="1447" count="7" type="stmt"/>
        <line num="1448" count="7" type="stmt"/>
        <line num="1449" count="37" type="stmt"/>
        <line num="1450" count="37" type="cond" truecount="1" falsecount="1"/>
        <line num="1451" count="37" type="cond" truecount="1" falsecount="1"/>
        <line num="1454" count="7" type="cond" truecount="1" falsecount="1"/>
        <line num="1457" count="7" type="stmt"/>
        <line num="1468" count="2" type="stmt"/>
        <line num="1470" count="39" type="stmt"/>
        <line num="1471" count="39" type="cond" truecount="2" falsecount="0"/>
        <line num="1473" count="38" type="stmt"/>
        <line num="1474" count="38" type="cond" truecount="2" falsecount="0"/>
        <line num="1477" count="39" type="cond" truecount="2" falsecount="0"/>
        <line num="1479" count="4" type="cond" truecount="1" falsecount="1"/>
        <line num="1484" count="39" type="cond" truecount="4" falsecount="0"/>
        <line num="1485" count="2" type="stmt"/>
        <line num="1487" count="2" type="stmt"/>
        <line num="1489" count="2" type="cond" truecount="1" falsecount="1"/>
        <line num="1490" count="2" type="cond" truecount="1" falsecount="1"/>
        <line num="1491" count="2" type="stmt"/>
        <line num="1507" count="2" type="cond" truecount="2" falsecount="0"/>
        <line num="1508" count="1" type="cond" truecount="1" falsecount="1"/>
        <line num="1511" count="1" type="stmt"/>
        <line num="1514" count="2" type="stmt"/>
        <line num="1520" count="2" type="stmt"/>
        <line num="1545" count="2" type="cond" truecount="3" falsecount="1"/>
        <line num="1546" count="2" type="stmt"/>
        <line num="1548" count="0" type="stmt"/>
      </file>
    </package>
    <package name="src.data">
      <metrics statements="40" coveredstatements="21" conditionals="43" coveredconditionals="9" methods="12" coveredmethods="10"/>
      <file name="circuitTipsFacts.ts" path="/home/runner/work/CircuiTry3D/CircuiTry3D/src/data/circuitTipsFacts.ts">
        <metrics statements="1" coveredstatements="1" conditionals="0" coveredconditionals="0" methods="0" coveredmethods="0"/>
        <line num="7" count="1" type="stmt"/>
      </file>
      <file name="troubleshootingProblems.ts" path="/home/runner/work/CircuiTry3D/CircuiTry3D/src/data/troubleshootingProblems.ts">
        <metrics statements="39" coveredstatements="20" conditionals="43" coveredconditionals="9" methods="12" coveredmethods="10"/>
        <line num="38" count="0" type="cond" truecount="0" falsecount="4"/>
        <line num="39" count="0" type="stmt"/>
        <line num="40" count="0" type="cond" truecount="0" falsecount="4"/>
        <line num="41" count="0" type="stmt"/>
        <line num="45" count="0" type="cond" truecount="0" falsecount="2"/>
        <line num="46" count="0" type="stmt"/>
        <line num="47" count="0" type="cond" truecount="0" falsecount="4"/>
        <line num="48" count="0" type="stmt"/>
        <line num="49" count="0" type="cond" truecount="0" falsecount="2"/>
        <line num="51" count="0" type="cond" truecount="0" falsecount="3"/>
        <line num="54" count="0" type="cond" truecount="0" falsecount="2"/>
        <line num="55" count="0" type="cond" truecount="0" falsecount="2"/>
        <line num="56" count="0" type="stmt"/>
        <line num="59" count="0" type="cond" truecount="0" falsecount="2"/>
        <line num="60" count="0" type="cond" truecount="0" falsecount="2"/>
        <line num="61" count="0" type="cond" truecount="0" falsecount="2"/>
        <line num="62" count="0" type="cond" truecount="0" falsecount="2"/>
        <line num="63" count="0" type="stmt"/>
        <line num="68" count="1" type="stmt"/>
        <line num="69" count="101" type="stmt"/>
        <line num="75" count="1" type="stmt"/>
        <line num="76" count="36" type="stmt"/>
        <line num="78" count="122" type="stmt"/>
        <line num="85" count="10" type="stmt"/>
        <line num="86" count="10" type="cond" truecount="1" falsecount="1"/>
        <line num="87" count="10" type="stmt"/>
        <line num="88" count="10" type="cond" truecount="1" falsecount="1"/>
        <line num="90" count="10" type="stmt"/>
        <line num="91" count="10" type="stmt"/>
        <line num="92" count="49" type="cond" truecount="2" falsecount="0"/>
        <line num="94" count="10" type="stmt"/>
        <line num="95" count="55" type="stmt"/>
        <line num="98" count="10" type="cond" truecount="2" falsecount="0"/>
        <line num="100" count="26" type="cond" truecount="2" falsecount="0"/>
        <line num="103" count="8" type="stmt"/>
        <line num="106" count="2" type="cond" truecount="1" falsecount="1"/>
        <line num="107" count="10" type="stmt"/>
        <line num="110" count="0" type="stmt"/>
        <line num="113" count="1" type="stmt"/>
      </file>
    </package>
    <package name="src.model">
      <metrics statements="73" coveredstatements="60" conditionals="41" coveredconditionals="29" methods="17" coveredmethods="13"/>
      <file name="node.ts" path="/home/runner/work/CircuiTry3D/CircuiTry3D/src/model/node.ts">
        <metrics statements="21" coveredstatements="21" conditionals="8" coveredconditionals="8" methods="5" coveredmethods="5"/>
        <line num="17" count="93" type="stmt"/>
        <line num="29" count="22" type="stmt"/>
        <line num="30" count="22" type="stmt"/>
        <line num="31" count="22" type="stmt"/>
        <line num="42" count="8" type="stmt"/>
        <line num="43" count="8" type="stmt"/>
        <line num="45" count="8" type="stmt"/>
        <line num="46" count="12" type="stmt"/>
        <line num="47" count="12" type="cond" truecount="2" falsecount="0"/>
        <line num="48" count="5" type="stmt"/>
        <line num="49" count="5" type="stmt"/>
        <line num="53" count="8" type="stmt"/>
        <line num="60" count="4" type="cond" truecount="2" falsecount="0"/>
        <line num="61" count="3" type="stmt"/>
        <line num="70" count="6" type="stmt"/>
        <line num="71" count="2" type="stmt"/>
        <line num="76" count="6" type="stmt"/>
        <line num="82" count="6" type="cond" truecount="2" falsecount="0"/>
        <line num="83" count="2" type="stmt"/>
        <line num="84" count="2" type="stmt"/>
        <line num="87" count="6" type="stmt"/>
      </file>
      <file name="wire.ts" path="/home/runner/work/CircuiTry3D/CircuiTry3D/src/model/wire.ts">
        <metrics statements="52" coveredstatements="39" conditionals="33" coveredconditionals="21" methods="12" coveredmethods="8"/>
        <line num="14" count="50" type="stmt"/>
        <line num="16" count="105" type="stmt"/>
        <line num="27" count="13" type="cond" truecount="4" falsecount="0"/>
        <line num="28" count="2" type="stmt"/>
        <line num="32" count="11" type="stmt"/>
        <line num="45" count="14" type="stmt"/>
        <line num="46" count="29" type="cond" truecount="2" falsecount="0"/>
        <line num="47" count="4" type="stmt"/>
        <line num="51" count="10" type="stmt"/>
        <line num="52" count="10" type="cond" truecount="1" falsecount="1"/>
        <line num="53" count="0" type="stmt"/>
        <line num="56" count="10" type="cond" truecount="2" falsecount="0"/>
        <line num="57" count="1" type="stmt"/>
        <line num="60" count="9" type="stmt"/>
        <line num="61" count="9" type="stmt"/>
        <line num="72" count="10" type="cond" truecount="1" falsecount="1"/>
        <line num="74" count="10" type="stmt"/>
        <line num="75" count="10" type="stmt"/>
        <line num="76" count="10" type="stmt"/>
        <line num="78" count="10" type="stmt"/>
        <line num="79" count="12" type="stmt"/>
        <line num="80" count="12" type="stmt"/>
        <line num="83" count="12" type="stmt"/>
        <line num="84" count="12" type="stmt"/>
        <line num="86" count="12" type="cond" truecount="2" falsecount="0"/>
        <line num="87" count="11" type="stmt"/>
        <line num="88" count="11" type="stmt"/>
        <line num="89" count="11" type="stmt"/>
        <line num="93" count="10" type="cond" truecount="1" falsecount="1"/>
        <line num="95" count="10" type="stmt"/>
        <line num="111" count="0" type="cond" truecount="0" falsecount="4"/>
        <line num="113" count="0" type="stmt"/>
        <line num="114" count="0" type="stmt"/>
        <line num="115" count="0" type="stmt"/>
        <line num="117" count="0" type="stmt"/>
        <line num="124" count="0" type="stmt"/>
        <line num="131" count="0" type="stmt"/>
        <line num="138" count="41" type="stmt"/>
        <line num="139" count="41" type="stmt"/>
        <line num="140" count="41" type="stmt"/>
        <line num="148" count="12" type="stmt"/>
        <line num="149" count="12" type="stmt"/>
        <line num="151" count="12" type="cond" truecount="3" falsecount="1"/>
        <line num="153" count="0" type="stmt"/>
        <line num="157" count="12" type="stmt"/>
        <line num="161" count="12" type="stmt"/>
        <line num="171" count="2" type="cond" truecount="2" falsecount="0"/>
        <line num="172" count="1" type="stmt"/>
        <line num="182" count="0" type="cond" truecount="0" falsecount="2"/>
        <line num="184" count="0" type="cond" truecount="0" falsecount="2"/>
        <line num="185" count="0" type="stmt"/>
        <line num="187" count="0" type="stmt"/>
      </file>
    </package>
    <package name="src.services">
      <metrics statements="239" coveredstatements="185" conditionals="314" coveredconditionals="190" methods="36" coveredmethods="34"/>
      <file name="aiHelperService.ts" path="/home/runner/work/CircuiTry3D/CircuiTry3D/src/services/aiHelperService.ts">
        <metrics statements="106" coveredstatements="60" conditionals="172" coveredconditionals="64" methods="10" coveredmethods="8"/>
        <line num="20" count="1" type="stmt"/>
        <line num="412" count="1" type="stmt"/>
        <line num="426" count="7" type="cond" truecount="2" falsecount="0"/>
        <line num="427" count="2" type="stmt"/>
        <line num="430" count="5" type="stmt"/>
        <line num="432" count="5" type="cond" truecount="2" falsecount="0"/>
        <line num="433" count="1" type="stmt"/>
        <line num="436" count="4" type="cond" truecount="2" falsecount="0"/>
        <line num="437" count="2" type="cond" truecount="1" falsecount="1"/>
        <line num="438" count="2" type="cond" truecount="2" falsecount="0"/>
        <line num="439" count="1" type="stmt"/>
        <line num="441" count="1" type="cond" truecount="1" falsecount="1"/>
        <line num="442" count="1" type="stmt"/>
        <line num="444" count="0" type="stmt"/>
        <line num="448" count="2" type="cond" truecount="1" falsecount="1"/>
        <line num="449" count="0" type="stmt"/>
        <line num="452" count="2" type="cond" truecount="3" falsecount="1"/>
        <line num="454" count="2" type="cond" truecount="2" falsecount="2"/>
        <line num="457" count="2" type="stmt"/>
        <line num="460" count="0" type="stmt"/>
        <line num="464" count="5" type="cond" truecount="1" falsecount="1"/>
        <line num="465" count="0" type="stmt"/>
        <line num="467" count="5" type="cond" truecount="2" falsecount="0"/>
        <line num="468" count="3" type="stmt"/>
        <line num="470" count="2" type="cond" truecount="1" falsecount="1"/>
        <line num="471" count="2" type="stmt"/>
        <line num="473" count="0" type="stmt"/>
        <line num="479" count="11" type="cond" truecount="2" falsecount="2"/>
        <line num="480" count="11" type="stmt"/>
        <line num="483" count="0" type="stmt"/>
        <line num="484" count="0" type="stmt"/>
        <line num="487" count="0" type="cond" truecount="0" falsecount="2"/>
        <line num="488" count="11" type="cond" truecount="0" falsecount="2"/>
        <line num="489" count="0" type="stmt"/>
        <line num="490" count="0" type="stmt"/>
        <line num="492" count="0" type="stmt"/>
        <line num="495" count="0" type="cond" truecount="0" falsecount="2"/>
        <line num="496" count="0" type="stmt"/>
        <line num="502" count="0" type="cond" truecount="0" falsecount="2"/>
        <line num="507" count="0" type="stmt"/>
        <line num="518" count="0" type="cond" truecount="0" falsecount="2"/>
        <line num="519" count="0" type="stmt"/>
        <line num="521" count="0" type="cond" truecount="0" falsecount="2"/>
        <line num="522" count="0" type="stmt"/>
        <line num="525" count="0" type="stmt"/>
        <line num="533" count="583" type="stmt"/>
        <line num="534" count="583" type="stmt"/>
        <line num="535" count="3498" type="cond" truecount="2" falsecount="0"/>
        <line num="536" count="19" type="stmt"/>
        <line num="539" count="583" type="stmt"/>
        <line num="546" count="0" type="stmt"/>
        <line num="547" count="0" type="stmt"/>
        <line num="551" count="11" type="cond" truecount="1" falsecount="1"/>
        <line num="552" count="0" type="cond" truecount="0" falsecount="2"/>
        <line num="555" count="11" type="cond" truecount="3" falsecount="5"/>
        <line num="556" count="0" type="stmt"/>
        <line num="560" count="0" type="cond" truecount="0" falsecount="8"/>
        <line num="561" count="0" type="stmt"/>
        <line num="565" count="0" type="cond" truecount="0" falsecount="8"/>
        <line num="566" count="0" type="stmt"/>
        <line num="570" count="0" type="cond" truecount="0" falsecount="10"/>
        <line num="571" count="0" type="stmt"/>
        <line num="575" count="0" type="cond" truecount="0" falsecount="6"/>
        <line num="579" count="0" type="stmt"/>
        <line num="582" count="0" type="stmt"/>
        <line num="591" count="15" type="stmt"/>
        <line num="594" count="15" type="cond" truecount="2" falsecount="0"/>
        <line num="602" count="2" type="stmt"/>
        <line num="607" count="13" type="cond" truecount="1" falsecount="1"/>
        <line num="612" count="0" type="stmt"/>
        <line num="613" count="0" type="cond" truecount="0" falsecount="2"/>
        <line num="614" count="0" type="stmt"/>
        <line num="618" count="13" type="cond" truecount="2" falsecount="0"/>
        <line num="619" count="2" type="stmt"/>
        <line num="621" count="2" type="cond" truecount="5" falsecount="0"/>
        <line num="622" count="1" type="cond" truecount="1" falsecount="1"/>
        <line num="623" count="1" type="stmt"/>
        <line num="627" count="1" type="cond" truecount="5" falsecount="1"/>
        <line num="628" count="0" type="cond" truecount="0" falsecount="2"/>
        <line num="630" count="0" type="cond" truecount="0" falsecount="5"/>
        <line num="635" count="0" type="stmt"/>
        <line num="639" count="1" type="cond" truecount="1" falsecount="1"/>
        <line num="644" count="1" type="cond" truecount="2" falsecount="2"/>
        <line num="645" count="0" type="stmt"/>
        <line num="647" count="1" type="cond" truecount="1" falsecount="1"/>
        <line num="648" count="1" type="stmt"/>
        <line num="652" count="0" type="cond" truecount="0" falsecount="4"/>
        <line num="653" count="0" type="cond" truecount="0" falsecount="2"/>
        <line num="654" count="0" type="stmt"/>
        <line num="660" count="11" type="stmt"/>
        <line num="661" count="11" type="cond" truecount="1" falsecount="1"/>
        <line num="662" count="0" type="stmt"/>
        <line num="663" count="0" type="cond" truecount="0" falsecount="2"/>
        <line num="664" count="0" type="stmt"/>
        <line num="668" count="583" type="stmt"/>
        <line num="672" count="1931" type="stmt"/>
        <line num="674" count="11" type="stmt"/>
        <line num="675" count="11" type="cond" truecount="2" falsecount="0"/>
        <line num="676" count="9" type="stmt"/>
        <line num="677" count="9" type="stmt"/>
        <line num="678" count="9" type="cond" truecount="2" falsecount="0"/>
        <line num="679" count="9" type="cond" truecount="1" falsecount="1"/>
        <line num="680" count="9" type="stmt"/>
        <line num="684" count="2" type="stmt"/>
        <line num="685" count="2" type="cond" truecount="1" falsecount="1"/>
        <line num="686" count="15" type="stmt"/>
      </file>
      <file name="circuitExplainService.ts" path="/home/runner/work/CircuiTry3D/CircuiTry3D/src/services/circuitExplainService.ts">
        <metrics statements="101" coveredstatements="93" conditionals="117" coveredconditionals="101" methods="12" coveredmethods="12"/>
        <line num="39" count="1" type="cond" truecount="1" falsecount="1"/>
        <line num="47" count="34" type="cond" truecount="1" falsecount="1"/>
        <line num="48" count="0" type="stmt"/>
        <line num="49" count="0" type="stmt"/>
        <line num="55" count="0" type="cond" truecount="0" falsecount="2"/>
        <line num="56" count="0" type="stmt"/>
        <line num="57" count="0" type="stmt"/>
        <line num="59" count="0" type="stmt"/>
        <line num="65" count="1" type="stmt"/>
        <line num="99" count="34" type="stmt"/>
        <line num="100" count="56" type="stmt"/>
        <line num="102" count="56" type="cond" truecount="1" falsecount="1"/>
        <line num="104" count="56" type="cond" truecount="2" falsecount="0"/>
        <line num="105" count="2" type="stmt"/>
        <line num="106" count="57" type="stmt"/>
        <line num="107" count="56" type="stmt"/>
        <line num="114" count="438" type="cond" truecount="2" falsecount="0"/>
        <line num="118" count="34" type="stmt"/>
        <line num="122" count="34" type="stmt"/>
        <line num="123" count="34" type="cond" truecount="2" falsecount="0"/>
        <line num="124" count="30" type="cond" truecount="2" falsecount="0"/>
        <line num="125" count="25" type="cond" truecount="2" falsecount="0"/>
        <line num="126" count="24" type="cond" truecount="2" falsecount="0"/>
        <line num="127" count="18" type="stmt"/>
        <line num="133" count="34" type="stmt"/>
        <line num="134" count="34" type="stmt"/>
        <line num="135" count="34" type="stmt"/>
        <line num="136" count="34" type="stmt"/>
        <line num="137" count="34" type="cond" truecount="3" falsecount="0"/>
        <line num="141" count="34" type="cond" truecount="2" falsecount="0"/>
        <line num="142" count="4" type="stmt"/>
        <line num="144" count="30" type="cond" truecount="2" falsecount="0"/>
        <line num="145" count="5" type="cond" truecount="2" falsecount="0"/>
        <line num="146" count="5" type="stmt"/>
        <line num="147" count="25" type="cond" truecount="2" falsecount="0"/>
        <line num="148" count="18" type="stmt"/>
        <line num="152" count="7" type="cond" truecount="2" falsecount="0"/>
        <line num="153" count="1" type="stmt"/>
        <line num="158" count="6" type="stmt"/>
        <line num="166" count="34" type="cond" truecount="2" falsecount="0"/>
        <line num="167" count="4" type="stmt"/>
        <line num="168" count="30" type="cond" truecount="2" falsecount="0"/>
        <line num="169" count="5" type="stmt"/>
        <line num="175" count="25" type="cond" truecount="2" falsecount="0"/>
        <line num="179" count="25" type="cond" truecount="4" falsecount="0"/>
        <line num="180" count="24" type="stmt"/>
        <line num="183" count="1" type="stmt"/>
        <line num="189" count="34" type="stmt"/>
        <line num="193" count="34" type="cond" truecount="4" falsecount="0"/>
        <line num="194" count="9" type="stmt"/>
        <line num="195" count="25" type="cond" truecount="2" falsecount="0"/>
        <line num="196" count="1" type="stmt"/>
        <line num="199" count="24" type="stmt"/>
        <line num="200" count="24" type="cond" truecount="1" falsecount="1"/>
        <line num="201" count="24" type="stmt"/>
        <line num="202" count="24" type="cond" truecount="1" falsecount="1"/>
        <line num="203" count="24" type="stmt"/>
        <line num="204" count="24" type="cond" truecount="3" falsecount="1"/>
        <line num="205" count="24" type="stmt"/>
        <line num="206" count="24" type="cond" truecount="1" falsecount="1"/>
        <line num="207" count="24" type="stmt"/>
        <line num="208" count="24" type="cond" truecount="2" falsecount="0"/>
        <line num="209" count="2" type="stmt"/>
        <line num="210" count="24" type="cond" truecount="2" falsecount="0"/>
        <line num="211" count="1" type="stmt"/>
        <line num="212" count="24" type="cond" truecount="1" falsecount="1"/>
        <line num="213" count="0" type="stmt"/>
        <line num="214" count="24" type="cond" truecount="2" falsecount="0"/>
        <line num="215" count="1" type="stmt"/>
        <line num="216" count="24" type="cond" truecount="2" falsecount="0"/>
        <line num="217" count="4" type="stmt"/>
        <line num="218" count="24" type="cond" truecount="2" falsecount="0"/>
        <line num="219" count="2" type="stmt"/>
        <line num="220" count="24" type="cond" truecount="2" falsecount="0"/>
        <line num="221" count="2" type="stmt"/>
        <line num="222" count="24" type="cond" truecount="1" falsecount="1"/>
        <line num="226" count="34" type="stmt"/>
        <line num="227" count="34" type="cond" truecount="2" falsecount="0"/>
        <line num="228" count="10" type="stmt"/>
        <line num="230" count="34" type="cond" truecount="4" falsecount="0"/>
        <line num="231" count="2" type="stmt"/>
        <line num="233" count="34" type="cond" truecount="2" falsecount="0"/>
        <line num="234" count="5" type="stmt"/>
        <line num="236" count="34" type="cond" truecount="4" falsecount="0"/>
        <line num="237" count="1" type="stmt"/>
        <line num="239" count="34" type="cond" truecount="4" falsecount="0"/>
        <line num="240" count="1" type="stmt"/>
        <line num="242" count="34" type="cond" truecount="4" falsecount="0"/>
        <line num="243" count="3" type="stmt"/>
        <line num="245" count="34" type="cond" truecount="4" falsecount="0"/>
        <line num="246" count="1" type="stmt"/>
        <line num="248" count="34" type="cond" truecount="3" falsecount="1"/>
        <line num="249" count="0" type="stmt"/>
        <line num="251" count="34" type="cond" truecount="2" falsecount="0"/>
        <line num="252" count="2" type="stmt"/>
        <line num="254" count="34" type="cond" truecount="2" falsecount="0"/>
        <line num="255" count="15" type="stmt"/>
        <line num="258" count="34" type="stmt"/>
        <line num="279" count="34" type="stmt"/>
        <line num="280" count="34" type="cond" truecount="1" falsecount="1"/>
        <line num="281" count="34" type="stmt"/>
      </file>
      <file name="circuitSerializer.ts" path="/home/runner/work/CircuiTry3D/CircuiTry3D/src/services/circuitSerializer.ts">
        <metrics statements="32" coveredstatements="32" conditionals="25" coveredconditionals="25" methods="14" coveredmethods="14"/>
        <line num="74" count="1" type="stmt"/>
        <line num="80" count="6" type="stmt"/>
        <line num="92" count="5" type="stmt"/>
        <line num="104" count="6" type="stmt"/>
        <line num="106" count="17" type="stmt"/>
        <line num="115" count="4" type="stmt"/>
        <line num="117" count="10" type="stmt"/>
        <line num="126" count="2" type="stmt"/>
        <line num="133" count="2" type="stmt"/>
        <line num="140" count="1" type="stmt"/>
        <line num="147" count="1" type="stmt"/>
        <line num="162" count="26" type="stmt"/>
        <line num="163" count="26" type="stmt"/>
        <line num="165" count="26" type="stmt"/>
        <line num="184" count="10" type="cond" truecount="4" falsecount="0"/>
        <line num="185" count="3" type="stmt"/>
        <line num="188" count="7" type="stmt"/>
        <line num="190" count="7" type="cond" truecount="2" falsecount="0"/>
        <line num="191" count="2" type="stmt"/>
        <line num="194" count="5" type="cond" truecount="4" falsecount="0"/>
        <line num="195" count="1" type="stmt"/>
        <line num="198" count="4" type="stmt"/>
        <line num="199" count="4" type="cond" truecount="2" falsecount="0"/>
        <line num="205" count="1" type="stmt"/>
        <line num="208" count="3" type="cond" truecount="4" falsecount="0"/>
        <line num="209" count="1" type="stmt"/>
        <line num="212" count="2" type="stmt"/>
        <line num="213" count="2" type="cond" truecount="2" falsecount="0"/>
        <line num="218" count="1" type="stmt"/>
        <line num="221" count="1" type="stmt"/>
        <line num="230" count="2" type="stmt"/>
        <line num="245" count="2" type="stmt"/>
      </file>
    </package>
    <package name="src.sim">
      <metrics statements="519" coveredstatements="423" conditionals="366" coveredconditionals="200" methods="64" coveredmethods="59"/>
      <file name="connectivity.ts" path="/home/runner/work/CircuiTry3D/CircuiTry3D/src/sim/connectivity.ts">
        <metrics statements="137" coveredstatements="125" conditionals="81" coveredconditionals="57" methods="17" coveredmethods="16"/>
        <line num="27" count="3" type="stmt"/>
        <line num="34" count="14" type="stmt"/>
        <line num="40" count="14" type="stmt"/>
        <line num="41" count="38" type="stmt"/>
        <line num="42" count="38" type="stmt"/>
        <line num="46" count="14" type="stmt"/>
        <line num="47" count="31" type="cond" truecount="1" falsecount="1"/>
        <line num="49" count="31" type="stmt"/>
        <line num="51" count="31" type="stmt"/>
        <line num="53" count="31" type="stmt"/>
        <line num="54" count="64" type="stmt"/>
        <line num="55" count="64" type="cond" truecount="2" falsecount="0"/>
        <line num="57" count="53" type="cond" truecount="1" falsecount="1"/>
        <line num="58" count="53" type="stmt"/>
        <line num="59" count="53" type="stmt"/>
        <line num="60" count="53" type="stmt"/>
        <line num="65" count="31" type="cond" truecount="2" falsecount="0"/>
        <line num="66" count="9" type="stmt"/>
        <line num="69" count="22" type="stmt"/>
        <line num="70" count="23" type="stmt"/>
        <line num="71" count="23" type="stmt"/>
        <line num="73" count="23" type="cond" truecount="1" falsecount="1"/>
        <line num="74" count="0" type="stmt"/>
        <line num="77" count="23" type="stmt"/>
        <line num="83" count="23" type="stmt"/>
        <line num="85" count="23" type="cond" truecount="1" falsecount="1"/>
        <line num="86" count="0" type="stmt"/>
        <line num="88" count="23" type="cond" truecount="1" falsecount="1"/>
        <line num="89" count="0" type="stmt"/>
        <line num="92" count="23" type="stmt"/>
        <line num="93" count="23" type="stmt"/>
        <line num="97" count="14" type="stmt"/>
        <line num="104" count="64" type="stmt"/>
        <line num="105" count="124" type="cond" truecount="2" falsecount="0"/>
        <line num="106" count="53" type="stmt"/>
        <line num="109" count="11" type="stmt"/>
        <line num="121" count="9" type="stmt"/>
        <line num="122" count="9" type="stmt"/>
        <line num="129" count="30" type="cond" truecount="1" falsecount="1"/>
        <line num="130" count="30" type="stmt"/>
        <line num="131" count="30" type="stmt"/>
        <line num="140" count="96" type="cond" truecount="1" falsecount="1"/>
        <line num="141" count="0" type="stmt"/>
        <line num="144" count="96" type="cond" truecount="2" falsecount="0"/>
        <line num="146" count="26" type="stmt"/>
        <line num="149" count="96" type="stmt"/>
        <line num="157" count="19" type="stmt"/>
        <line num="158" count="19" type="stmt"/>
        <line num="160" count="19" type="cond" truecount="2" falsecount="0"/>
        <line num="162" count="17" type="cond" truecount="1" falsecount="1"/>
        <line num="163" count="19" type="cond" truecount="1" falsecount="1"/>
        <line num="166" count="19" type="cond" truecount="1" falsecount="1"/>
        <line num="167" count="0" type="stmt"/>
        <line num="168" count="17" type="cond" truecount="2" falsecount="0"/>
        <line num="169" count="7" type="stmt"/>
        <line num="171" count="10" type="stmt"/>
        <line num="172" count="10" type="stmt"/>
        <line num="180" count="5" type="stmt"/>
        <line num="187" count="5" type="stmt"/>
        <line num="189" count="5" type="stmt"/>
        <line num="190" count="20" type="stmt"/>
        <line num="191" count="20" type="cond" truecount="2" falsecount="0"/>
        <line num="192" count="7" type="stmt"/>
        <line num="194" count="20" type="stmt"/>
        <line num="197" count="5" type="stmt"/>
        <line num="206" count="4" type="stmt"/>
        <line num="209" count="4" type="stmt"/>
        <line num="210" count="16" type="stmt"/>
        <line num="214" count="4" type="stmt"/>
        <line num="215" count="13" type="stmt"/>
        <line num="219" count="4" type="stmt"/>
        <line num="220" count="4" type="stmt"/>
        <line num="227" count="4" type="stmt"/>
        <line num="228" count="4" type="stmt"/>
        <line num="230" count="4" type="stmt"/>
        <line num="231" count="15" type="stmt"/>
        <line num="232" count="15" type="cond" truecount="2" falsecount="0"/>
        <line num="234" count="13" type="stmt"/>
        <line num="236" count="13" type="stmt"/>
        <line num="237" count="13" type="cond" truecount="1" falsecount="1"/>
        <line num="238" count="13" type="stmt"/>
        <line num="239" count="22" type="cond" truecount="2" falsecount="0"/>
        <line num="240" count="11" type="stmt"/>
        <line num="246" count="4" type="stmt"/>
        <line num="278" count="2" type="cond" truecount="3" falsecount="1"/>
        <line num="279" count="0" type="stmt"/>
        <line num="290" count="2" type="stmt"/>
        <line num="293" count="2" type="stmt"/>
        <line num="296" count="2" type="stmt"/>
        <line num="297" count="2" type="stmt"/>
        <line num="300" count="9" type="cond" truecount="2" falsecount="0"/>
        <line num="301" count="5" type="stmt"/>
        <line num="303" count="1" type="cond" truecount="3" falsecount="1"/>
        <line num="304" count="1" type="stmt"/>
        <line num="310" count="2" type="stmt"/>
        <line num="311" count="2" type="cond" truecount="3" falsecount="1"/>
        <line num="313" count="2" type="stmt"/>
        <line num="314" count="2" type="stmt"/>
        <line num="315" count="2" type="cond" truecount="1" falsecount="1"/>
        <line num="316" count="2" type="stmt"/>
        <line num="317" count="2" type="stmt"/>
        <line num="322" count="0" type="cond" truecount="0" falsecount="2"/>
        <line num="326" count="2" type="stmt"/>
        <line num="332" count="2" type="cond" truecount="3" falsecount="0"/>
        <line num="335" count="2" type="cond" truecount="2" falsecount="0"/>
        <line num="336" count="1" type="stmt"/>
        <line num="337" count="1" type="cond" truecount="1" falsecount="1"/>
        <line num="338" count="0" type="stmt"/>
        <line num="339" count="1" type="cond" truecount="1" falsecount="1"/>
        <line num="340" count="0" type="stmt"/>
        <line num="341" count="1" type="cond" truecount="1" falsecount="1"/>
        <line num="342" count="1" type="stmt"/>
        <line num="344" count="0" type="stmt"/>
        <line num="347" count="2" type="stmt"/>
        <line num="351" count="9" type="stmt"/>
        <line num="362" count="2" type="stmt"/>
        <line num="363" count="2" type="stmt"/>
        <line num="365" count="2" type="cond" truecount="1" falsecount="1"/>
        <line num="368" count="2" type="stmt"/>
        <line num="369" count="2" type="cond" truecount="1" falsecount="1"/>
        <line num="371" count="2" type="stmt"/>
        <line num="375" count="2" type="stmt"/>
        <line num="376" count="8" type="stmt"/>
        <line num="378" count="8" type="cond" truecount="1" falsecount="1"/>
        <line num="380" count="0" type="stmt"/>
        <line num="383" count="8" type="stmt"/>
        <line num="385" count="8" type="stmt"/>
        <line num="386" count="8" type="cond" truecount="1" falsecount="1"/>
        <line num="387" count="8" type="stmt"/>
        <line num="389" count="14" type="cond" truecount="2" falsecount="0"/>
        <line num="390" count="10" type="cond" truecount="2" falsecount="0"/>
        <line num="392" count="2" type="stmt"/>
        <line num="394" count="8" type="stmt"/>
        <line num="401" count="0" type="stmt"/>
        <line num="414" count="2" type="stmt"/>
        <line num="415" count="2" type="stmt"/>
        <line num="416" count="2" type="stmt"/>
      </file>
      <file name="dcSolver.ts" path="/home/runner/work/CircuiTry3D/CircuiTry3D/src/sim/dcSolver.ts">
        <metrics statements="382" coveredstatements="298" conditionals="285" coveredconditionals="143" methods="47" coveredmethods="43"/>
        <line num="75" count="2" type="stmt"/>
        <line num="76" count="2" type="stmt"/>
        <line num="78" count="2" type="stmt"/>
        <line num="79" count="23" type="stmt"/>
        <line num="80" count="23" type="stmt"/>
        <line num="81" count="23" type="stmt"/>
        <line num="84" count="34" type="stmt"/>
        <line num="87" count="0" type="stmt"/>
        <line num="88" count="0" type="cond" truecount="0" falsecount="2"/>
        <line num="91" count="0" type="stmt"/>
        <line num="92" count="0" type="cond" truecount="0" falsecount="2"/>
        <line num="93" count="0" type="stmt"/>
        <line num="94" count="0" type="cond" truecount="0" falsecount="2"/>
        <line num="95" count="0" type="cond" truecount="0" falsecount="2"/>
        <line num="96" count="0" type="cond" truecount="0" falsecount="2"/>
        <line num="97" count="0" type="cond" truecount="0" falsecount="2"/>
        <line num="98" count="0" type="cond" truecount="0" falsecount="2"/>
        <line num="99" count="0" type="cond" truecount="0" falsecount="2"/>
        <line num="100" count="0" type="stmt"/>
        <line num="104" count="8" type="stmt"/>
        <line num="105" count="8" type="cond" truecount="1" falsecount="1"/>
        <line num="111" count="8" type="stmt"/>
        <line num="112" count="8" type="stmt"/>
        <line num="113" count="8" type="stmt"/>
        <line num="114" count="8" type="stmt"/>
        <line num="115" count="8" type="stmt"/>
        <line num="116" count="8" type="cond" truecount="2" falsecount="0"/>
        <line num="117" count="8" type="cond" truecount="1" falsecount="1"/>
        <line num="118" count="8" type="stmt"/>
        <line num="121" count="8" type="cond" truecount="1" falsecount="1"/>
        <line num="122" count="8" type="stmt"/>
        <line num="123" count="8" type="cond" truecount="1" falsecount="1"/>
        <line num="124" count="0" type="cond" truecount="0" falsecount="2"/>
        <line num="125" count="0" type="cond" truecount="0" falsecount="2"/>
        <line num="126" count="0" type="cond" truecount="0" falsecount="2"/>
        <line num="127" count="0" type="stmt"/>
        <line num="131" count="0" type="stmt"/>
        <line num="132" count="0" type="cond" truecount="0" falsecount="2"/>
        <line num="134" count="0" type="stmt"/>
        <line num="135" count="0" type="stmt"/>
        <line num="136" count="0" type="stmt"/>
        <line num="138" count="0" type="stmt"/>
        <line num="139" count="0" type="stmt"/>
        <line num="140" count="0" type="cond" truecount="0" falsecount="2"/>
        <line num="141" count="0" type="cond" truecount="0" falsecount="2"/>
        <line num="142" count="0" type="stmt"/>
        <line num="146" count="0" type="cond" truecount="0" falsecount="2"/>
        <line num="147" count="0" type="stmt"/>
        <line num="148" count="0" type="cond" truecount="0" falsecount="2"/>
        <line num="149" count="0" type="cond" truecount="0" falsecount="2"/>
        <line num="150" count="0" type="cond" truecount="0" falsecount="2"/>
        <line num="151" count="0" type="cond" truecount="0" falsecount="2"/>
        <line num="152" count="0" type="stmt"/>
        <line num="156" count="4" type="cond" truecount="1" falsecount="1"/>
        <line num="157" count="4" type="stmt"/>
        <line num="158" count="4" type="cond" truecount="1" falsecount="1"/>
        <line num="163" count="0" type="stmt"/>
        <line num="164" count="0" type="cond" truecount="0" falsecount="2"/>
        <line num="165" count="0" type="stmt"/>
        <line num="166" count="0" type="cond" truecount="0" falsecount="2"/>
        <line num="169" count="0" type="cond" truecount="0" falsecount="2"/>
        <line num="173" count="4" type="cond" truecount="1" falsecount="1"/>
        <line num="175" count="4" type="stmt"/>
        <line num="176" count="4" type="cond" truecount="1" falsecount="1"/>
        <line num="179" count="0" type="stmt"/>
        <line num="180" count="0" type="cond" truecount="0" falsecount="2"/>
        <line num="181" count="0" type="stmt"/>
        <line num="182" count="0" type="cond" truecount="0" falsecount="2"/>
        <line num="186" count="0" type="cond" truecount="0" falsecount="2"/>
        <line num="190" count="3" type="stmt"/>
        <line num="191" count="18" type="stmt"/>
        <line num="192" count="3" type="stmt"/>
        <line num="194" count="3" type="stmt"/>
        <line num="196" count="18" type="stmt"/>
        <line num="197" count="18" type="stmt"/>
        <line num="198" count="18" type="stmt"/>
        <line num="199" count="61" type="stmt"/>
        <line num="200" count="61" type="cond" truecount="2" falsecount="0"/>
        <line num="201" count="9" type="stmt"/>
        <line num="202" count="9" type="stmt"/>
        <line num="206" count="18" type="cond" truecount="1" falsecount="1"/>
        <line num="207" count="0" type="stmt"/>
        <line num="210" count="18" type="cond" truecount="2" falsecount="0"/>
        <line num="211" count="9" type="stmt"/>
        <line num="212" count="9" type="stmt"/>
        <line num="213" count="9" type="stmt"/>
        <line num="214" count="9" type="stmt"/>
        <line num="215" count="9" type="stmt"/>
        <line num="216" count="9" type="stmt"/>
        <line num="219" count="18" type="stmt"/>
        <line num="220" count="18" type="stmt"/>
        <line num="221" count="79" type="stmt"/>
        <line num="223" count="18" type="stmt"/>
        <line num="226" count="18" type="stmt"/>
        <line num="227" count="140" type="cond" truecount="2" falsecount="0"/>
        <line num="228" count="122" type="stmt"/>
        <line num="229" count="122" type="cond" truecount="2" falsecount="0"/>
        <line num="230" count="21" type="stmt"/>
        <line num="231" count="123" type="stmt"/>
        <line num="233" count="21" type="stmt"/>
        <line num="237" count="3" type="stmt"/>
        <line num="241" count="4" type="stmt"/>
        <line num="243" count="4" type="stmt"/>
        <line num="244" count="19" type="cond" truecount="2" falsecount="0"/>
        <line num="245" count="7" type="stmt"/>
        <line num="246" count="7" type="stmt"/>
        <line num="247" count="14" type="stmt"/>
        <line num="254" count="7" type="stmt"/>
        <line num="257" count="12" type="cond" truecount="2" falsecount="0"/>
        <line num="258" count="4" type="stmt"/>
        <line num="259" count="4" type="stmt"/>
        <line num="265" count="4" type="stmt"/>
        <line num="268" count="8" type="cond" truecount="1" falsecount="1"/>
        <line num="269" count="0" type="stmt"/>
        <line num="270" count="0" type="stmt"/>
        <line num="271" count="0" type="stmt"/>
        <line num="272" count="0" type="stmt"/>
        <line num="275" count="8" type="stmt"/>
        <line num="276" count="8" type="stmt"/>
        <line num="277" count="8" type="stmt"/>
        <line num="280" count="4" type="stmt"/>
        <line num="288" count="4" type="stmt"/>
        <line num="289" count="4" type="stmt"/>
        <line num="290" count="34" type="stmt"/>
        <line num="291" count="34" type="stmt"/>
        <line num="292" count="34" type="cond" truecount="2" falsecount="0"/>
        <line num="293" count="16" type="stmt"/>
        <line num="297" count="34" type="stmt"/>
        <line num="298" count="4" type="stmt"/>
        <line num="299" count="80" type="stmt"/>
        <line num="300" count="80" type="stmt"/>
        <line num="301" count="28" type="stmt"/>
        <line num="302" count="28" type="stmt"/>
        <line num="304" count="80" type="stmt"/>
        <line num="306" count="4" type="stmt"/>
        <line num="307" count="23" type="stmt"/>
        <line num="308" count="23" type="stmt"/>
        <line num="309" count="23" type="cond" truecount="2" falsecount="0"/>
        <line num="312" count="4" type="stmt"/>
        <line num="313" count="4" type="stmt"/>
        <line num="314" count="32" type="stmt"/>
        <line num="315" count="16" type="stmt"/>
        <line num="316" count="48" type="stmt"/>
        <line num="317" count="144" type="stmt"/>
        <line num="318" count="144" type="stmt"/>
        <line num="319" count="144" type="cond" truecount="2" falsecount="0"/>
        <line num="320" count="16" type="stmt"/>
        <line num="321" count="34" type="stmt"/>
        <line num="322" count="80" type="cond" truecount="2" falsecount="0"/>
        <line num="323" count="23" type="cond" truecount="1" falsecount="1"/>
        <line num="324" count="23" type="stmt"/>
        <line num="332" count="4" type="stmt"/>
        <line num="333" count="4" type="stmt"/>
        <line num="334" count="4" type="stmt"/>
        <line num="336" count="34" type="stmt"/>
        <line num="338" count="4" type="stmt"/>
        <line num="339" count="34" type="stmt"/>
        <line num="340" count="34" type="stmt"/>
        <line num="341" count="34" type="cond" truecount="2" falsecount="0"/>
        <line num="342" count="16" type="stmt"/>
        <line num="343" count="16" type="stmt"/>
        <line num="344" count="16" type="stmt"/>
        <line num="346" count="34" type="stmt"/>
        <line num="349" count="4" type="stmt"/>
        <line num="353" count="59" type="cond" truecount="1" falsecount="1"/>
        <line num="358" count="13" type="stmt"/>
        <line num="359" count="4" type="cond" truecount="1" falsecount="1"/>
        <line num="360" count="4" type="stmt"/>
        <line num="361" count="4" type="cond" truecount="1" falsecount="1"/>
        <line num="365" count="0" type="stmt"/>
        <line num="366" count="0" type="cond" truecount="0" falsecount="2"/>
        <line num="367" count="0" type="stmt"/>
        <line num="368" count="0" type="cond" truecount="0" falsecount="2"/>
        <line num="372" count="0" type="stmt"/>
        <line num="373" count="0" type="cond" truecount="0" falsecount="2"/>
        <line num="377" count="4" type="stmt"/>
        <line num="378" count="4" type="stmt"/>
        <line num="379" count="7" type="cond" truecount="2" falsecount="0"/>
        <line num="380" count="7" type="cond" truecount="1" falsecount="1"/>
        <line num="381" count="7" type="stmt"/>
        <line num="382" count="7" type="stmt"/>
        <line num="385" count="4" type="stmt"/>
        <line num="386" count="19" type="cond" truecount="2" falsecount="0"/>
        <line num="387" count="7" type="stmt"/>
        <line num="388" count="7" type="stmt"/>
        <line num="389" count="7" type="stmt"/>
        <line num="390" count="7" type="stmt"/>
        <line num="391" count="7" type="cond" truecount="4" falsecount="1"/>
        <line num="392" count="7" type="stmt"/>
        <line num="395" count="7" type="stmt"/>
        <line num="399" count="12" type="cond" truecount="1" falsecount="1"/>
        <line num="400" count="0" type="stmt"/>
        <line num="401" count="0" type="stmt"/>
        <line num="402" count="0" type="cond" truecount="0" falsecount="5"/>
        <line num="403" count="0" type="stmt"/>
        <line num="407" count="4" type="stmt"/>
        <line num="411" count="4" type="cond" truecount="1" falsecount="1"/>
        <line num="412" count="4" type="stmt"/>
        <line num="413" count="4" type="stmt"/>
        <line num="414" count="4" type="stmt"/>
        <line num="415" count="8" type="stmt"/>
        <line num="416" count="8" type="cond" truecount="2" falsecount="0"/>
        <line num="417" count="7" type="cond" truecount="1" falsecount="1"/>
        <line num="418" count="7" type="stmt"/>
        <line num="419" count="7" type="stmt"/>
        <line num="420" count="7" type="cond" truecount="2" falsecount="0"/>
        <line num="421" count="6" type="stmt"/>
        <line num="422" count="7" type="cond" truecount="2" falsecount="0"/>
        <line num="425" count="3" type="stmt"/>
        <line num="437" count="4" type="cond" truecount="2" falsecount="0"/>
        <line num="438" count="4" type="stmt"/>
        <line num="439" count="4" type="stmt"/>
        <line num="441" count="4" type="stmt"/>
        <line num="442" count="4" type="cond" truecount="1" falsecount="1"/>
        <line num="443" count="0" type="stmt"/>
        <line num="453" count="4" type="stmt"/>
        <line num="454" count="4" type="stmt"/>
        <line num="455" count="34" type="stmt"/>
        <line num="458" count="4" type="stmt"/>
        <line num="459" count="4" type="stmt"/>
        <line num="461" count="4" type="stmt"/>
        <line num="462" count="11" type="stmt"/>
        <line num="466" count="4" type="stmt"/>
        <line num="467" count="19" type="cond" truecount="4" falsecount="0"/>
        <line num="468" count="4" type="stmt"/>
        <line num="469" count="4" type="stmt"/>
        <line num="470" count="4" type="cond" truecount="4" falsecount="1"/>
        <line num="471" count="4" type="stmt"/>
        <line num="473" count="4" type="cond" truecount="1" falsecount="1"/>
        <line num="476" count="4" type="stmt"/>
        <line num="477" count="4" type="stmt"/>
        <line num="480" count="15" type="cond" truecount="2" falsecount="0"/>
        <line num="481" count="4" type="stmt"/>
        <line num="482" count="4" type="stmt"/>
        <line num="483" count="4" type="cond" truecount="4" falsecount="1"/>
        <line num="484" count="4" type="cond" truecount="1" falsecount="1"/>
        <line num="485" count="4" type="stmt"/>
        <line num="492" count="4" type="stmt"/>
        <line num="495" count="11" type="cond" truecount="2" falsecount="0"/>
        <line num="496" count="7" type="stmt"/>
        <line num="497" count="7" type="stmt"/>
        <line num="498" count="7" type="stmt"/>
        <line num="499" count="7" type="stmt"/>
        <line num="500" count="7" type="cond" truecount="4" falsecount="1"/>
        <line num="501" count="7" type="stmt"/>
        <line num="509" count="7" type="stmt"/>
        <line num="512" count="4" type="cond" truecount="1" falsecount="1"/>
        <line num="514" count="0" type="stmt"/>
        <line num="515" count="0" type="stmt"/>
        <line num="516" count="0" type="cond" truecount="0" falsecount="5"/>
        <line num="517" count="0" type="stmt"/>
        <line num="524" count="0" type="stmt"/>
        <line num="535" count="4" type="cond" truecount="3" falsecount="1"/>
        <line num="536" count="0" type="stmt"/>
        <line num="537" count="0" type="stmt"/>
        <line num="538" count="0" type="cond" truecount="0" falsecount="5"/>
        <line num="544" count="0" type="cond" truecount="0" falsecount="2"/>
        <line num="545" count="0" type="cond" truecount="0" falsecount="2"/>
        <line num="550" count="0" type="stmt"/>
        <line num="560" count="0" type="stmt"/>
        <line num="567" count="0" type="stmt"/>
        <line num="573" count="4" type="stmt"/>
        <line num="574" count="16" type="stmt"/>
        <line num="575" count="16" type="stmt"/>
        <line num="576" count="4" type="stmt"/>
        <line num="577" count="46" type="stmt"/>
        <line num="578" count="46" type="stmt"/>
        <line num="579" count="19" type="stmt"/>
        <line num="580" count="19" type="stmt"/>
        <line num="582" count="46" type="stmt"/>
        <line num="584" count="4" type="stmt"/>
        <line num="585" count="15" type="stmt"/>
        <line num="586" count="15" type="stmt"/>
        <line num="587" count="15" type="cond" truecount="3" falsecount="1"/>
        <line num="588" count="15" type="stmt"/>
        <line num="589" count="15" type="stmt"/>
        <line num="590" count="15" type="cond" truecount="2" falsecount="0"/>
        <line num="593" count="4" type="stmt"/>
        <line num="594" count="11" type="stmt"/>
        <line num="596" count="4" type="stmt"/>
        <line num="597" count="4" type="stmt"/>
        <line num="598" count="16" type="stmt"/>
        <line num="599" count="16" type="cond" truecount="2" falsecount="0"/>
        <line num="600" count="16" type="stmt"/>
        <line num="605" count="4" type="stmt"/>
        <line num="606" count="19" type="stmt"/>
        <line num="607" count="4" type="stmt"/>
        <line num="608" count="4" type="stmt"/>
        <line num="609" count="4" type="stmt"/>
        <line num="610" count="4" type="cond" truecount="5" falsecount="0"/>
        <line num="611" count="1" type="stmt"/>
        <line num="623" count="3" type="stmt"/>
        <line num="624" count="3" type="stmt"/>
        <line num="625" count="3" type="stmt"/>
        <line num="628" count="3" type="stmt"/>
        <line num="629" count="14" type="stmt"/>
        <line num="633" count="3" type="stmt"/>
        <line num="635" count="3" type="stmt"/>
        <line num="636" count="3" type="stmt"/>
        <line num="637" count="4" type="stmt"/>
        <line num="639" count="10" type="cond" truecount="2" falsecount="0"/>
        <line num="640" count="5" type="cond" truecount="2" falsecount="0"/>
        <line num="643" count="4" type="cond" truecount="2" falsecount="0"/>
        <line num="644" count="1" type="stmt"/>
        <line num="645" count="1" type="stmt"/>
        <line num="647" count="1" type="stmt"/>
        <line num="651" count="3" type="stmt"/>
        <line num="652" count="3" type="stmt"/>
        <line num="653" count="10" type="cond" truecount="2" falsecount="0"/>
        <line num="654" count="3" type="stmt"/>
        <line num="655" count="3" type="cond" truecount="3" falsecount="1"/>
        <line num="656" count="3" type="stmt"/>
        <line num="657" count="3" type="stmt"/>
        <line num="660" count="3" type="cond" truecount="1" falsecount="1"/>
        <line num="661" count="0" type="stmt"/>
        <line num="662" count="0" type="cond" truecount="0" falsecount="2"/>
        <line num="663" count="0" type="stmt"/>
        <line num="664" count="0" type="cond" truecount="0" falsecount="4"/>
        <line num="667" count="3" type="cond" truecount="1" falsecount="1"/>
        <line num="668" count="0" type="cond" truecount="0" falsecount="2"/>
        <line num="670" count="3" type="cond" truecount="1" falsecount="1"/>
        <line num="671" count="0" type="stmt"/>
        <line num="673" count="3" type="cond" truecount="1" falsecount="1"/>
        <line num="675" count="12" type="stmt"/>
        <line num="676" count="9" type="stmt"/>
        <line num="678" count="4" type="stmt"/>
        <line num="679" count="4" type="stmt"/>
        <line num="680" count="4" type="stmt"/>
        <line num="682" count="4" type="cond" truecount="1" falsecount="1"/>
        <line num="683" count="0" type="stmt"/>
        <line num="684" count="0" type="stmt"/>
        <line num="687" count="140" type="stmt"/>
        <line num="688" count="18" type="stmt"/>
        <line num="690" count="24" type="cond" truecount="3" falsecount="1"/>
        <line num="691" count="27" type="stmt"/>
        <line num="693" count="3" type="stmt"/>
        <line num="694" count="3" type="cond" truecount="1" falsecount="1"/>
        <line num="695" count="3" type="stmt"/>
        <line num="696" count="3" type="stmt"/>
        <line num="697" count="3" type="cond" truecount="1" falsecount="1"/>
        <line num="698" count="3" type="cond" truecount="1" falsecount="1"/>
        <line num="699" count="3" type="cond" truecount="3" falsecount="1"/>
        <line num="700" count="3" type="stmt"/>
        <line num="701" count="3" type="stmt"/>
        <line num="705" count="3" type="stmt"/>
        <line num="706" count="9" type="stmt"/>
        <line num="707" count="9" type="stmt"/>
        <line num="708" count="9" type="stmt"/>
        <line num="709" count="9" type="stmt"/>
        <line num="710" count="9" type="cond" truecount="2" falsecount="0"/>
        <line num="711" count="9" type="cond" truecount="2" falsecount="0"/>
        <line num="712" count="9" type="stmt"/>
        <line num="713" count="9" type="cond" truecount="2" falsecount="0"/>
        <line num="714" count="9" type="cond" truecount="2" falsecount="0"/>
        <line num="715" count="9" type="stmt"/>
        <line num="718" count="3" type="stmt"/>
        <line num="719" count="3" type="cond" truecount="1" falsecount="1"/>
        <line num="720" count="0" type="stmt"/>
        <line num="731" count="3" type="stmt"/>
        <line num="732" count="3" type="stmt"/>
        <line num="733" count="9" type="stmt"/>
        <line num="736" count="3" type="stmt"/>
        <line num="737" count="3" type="stmt"/>
        <line num="738" count="9" type="stmt"/>
        <line num="741" count="6" type="cond" truecount="1" falsecount="1"/>
        <line num="744" count="3" type="stmt"/>
        <line num="745" count="3" type="stmt"/>
        <line num="746" count="3" type="stmt"/>
        <line num="753" count="3" type="stmt"/>
        <line num="754" count="9" type="cond" truecount="1" falsecount="1"/>
        <line num="755" count="9" type="cond" truecount="2" falsecount="0"/>
        <line num="756" count="3" type="stmt"/>
        <line num="761" count="3" type="stmt"/>
        <line num="763" count="6" type="cond" truecount="1" falsecount="1"/>
        <line num="764" count="6" type="stmt"/>
        <line num="765" count="6" type="stmt"/>
        <line num="768" count="0" type="cond" truecount="0" falsecount="5"/>
        <line num="771" count="0" type="stmt"/>
        <line num="781" count="3" type="stmt"/>
        <line num="782" count="4" type="cond" truecount="1" falsecount="1"/>
        <line num="783" count="0" type="stmt"/>
        <line num="787" count="3" type="stmt"/>
      </file>
    </package>
    <package name="src.utils">
      <metrics statements="297" coveredstatements="273" conditionals="311" coveredconditionals="249" methods="56" coveredmethods="54"/>
      <file name="electrical.ts" path="/home/runner/work/CircuiTry3D/CircuiTry3D/src/utils/electrical.ts">
        <metrics statements="176" coveredstatements="161" conditionals="245" coveredconditionals="200" methods="31" coveredmethods="30"/>
        <line num="12" count="3" type="stmt"/>
        <line num="19" count="3" type="stmt"/>
        <line num="26" count="3" type="stmt"/>
        <line num="33" count="3" type="stmt"/>
        <line num="35" count="2462" type="cond" truecount="2" falsecount="0"/>
        <line num="37" count="3" type="stmt"/>
        <line num="38" count="0" type="cond" truecount="0" falsecount="4"/>
        <line num="39" count="0" type="stmt"/>
        <line num="42" count="0" type="stmt"/>
        <line num="46" count="6" type="cond" truecount="2" falsecount="0"/>
        <line num="47" count="1" type="stmt"/>
        <line num="49" count="5" type="stmt"/>
        <line num="53" count="66" type="stmt"/>
        <line num="55" count="66" type="stmt"/>
        <line num="56" count="95" type="stmt"/>
        <line num="57" count="95" type="cond" truecount="2" falsecount="0"/>
        <line num="58" count="91" type="stmt"/>
        <line num="62" count="66" type="stmt"/>
        <line num="66" count="54" type="stmt"/>
        <line num="67" count="54" type="stmt"/>
        <line num="71" count="20" type="cond" truecount="2" falsecount="0"/>
        <line num="72" count="2" type="stmt"/>
        <line num="75" count="18" type="stmt"/>
        <line num="77" count="18" type="stmt"/>
        <line num="78" count="18" type="cond" truecount="2" falsecount="0"/>
        <line num="79" count="17" type="cond" truecount="2" falsecount="0"/>
        <line num="80" count="15" type="cond" truecount="2" falsecount="0"/>
        <line num="81" count="8" type="stmt"/>
        <line num="84" count="18" type="stmt"/>
        <line num="88" count="8" type="cond" truecount="2" falsecount="0"/>
        <line num="89" count="3" type="stmt"/>
        <line num="92" count="5" type="cond" truecount="1" falsecount="1"/>
        <line num="93" count="8" type="stmt"/>
        <line num="109" count="66" type="cond" truecount="2" falsecount="0"/>
        <line num="110" count="66" type="cond" truecount="2" falsecount="0"/>
        <line num="112" count="66" type="cond" truecount="2" falsecount="0"/>
        <line num="113" count="66" type="cond" truecount="2" falsecount="0"/>
        <line num="114" count="66" type="cond" truecount="2" falsecount="0"/>
        <line num="115" count="66" type="cond" truecount="2" falsecount="0"/>
        <line num="117" count="66" type="stmt"/>
        <line num="119" count="66" type="stmt"/>
        <line num="120" count="71" type="cond" truecount="1" falsecount="1"/>
        <line num="121" count="0" type="stmt"/>
        <line num="124" count="71" type="cond" truecount="4" falsecount="1"/>
        <line num="126" count="45" type="cond" truecount="2" falsecount="2"/>
        <line num="127" count="45" type="stmt"/>
        <line num="128" count="45" type="stmt"/>
        <line num="129" count="45" type="stmt"/>
        <line num="131" count="0" type="stmt"/>
        <line num="133" count="19" type="cond" truecount="2" falsecount="2"/>
        <line num="134" count="19" type="stmt"/>
        <line num="135" count="19" type="stmt"/>
        <line num="136" count="19" type="stmt"/>
        <line num="138" count="0" type="stmt"/>
        <line num="140" count="3" type="cond" truecount="2" falsecount="2"/>
        <line num="141" count="3" type="stmt"/>
        <line num="142" count="3" type="stmt"/>
        <line num="143" count="3" type="stmt"/>
        <line num="145" count="0" type="stmt"/>
        <line num="147" count="4" type="cond" truecount="2" falsecount="2"/>
        <line num="148" count="4" type="stmt"/>
        <line num="149" count="4" type="stmt"/>
        <line num="150" count="4" type="stmt"/>
        <line num="152" count="0" type="stmt"/>
        <line num="154" count="0" type="stmt"/>
        <line num="158" count="66" type="stmt"/>
        <line num="159" count="115" type="stmt"/>
        <line num="161" count="115" type="cond" truecount="5" falsecount="0"/>
        <line num="162" count="1" type="cond" truecount="1" falsecount="1"/>
        <line num="165" count="115" type="cond" truecount="6" falsecount="0"/>
        <line num="166" count="16" type="cond" truecount="1" falsecount="1"/>
        <line num="169" count="115" type="cond" truecount="6" falsecount="0"/>
        <line num="170" count="1" type="cond" truecount="1" falsecount="1"/>
        <line num="173" count="115" type="cond" truecount="5" falsecount="0"/>
        <line num="174" count="45" type="cond" truecount="1" falsecount="1"/>
        <line num="177" count="115" type="cond" truecount="3" falsecount="2"/>
        <line num="178" count="0" type="cond" truecount="0" falsecount="2"/>
        <line num="181" count="115" type="cond" truecount="4" falsecount="2"/>
        <line num="182" count="0" type="cond" truecount="0" falsecount="2"/>
        <line num="185" count="115" type="cond" truecount="6" falsecount="0"/>
        <line num="186" count="1" type="cond" truecount="1" falsecount="1"/>
        <line num="189" count="115" type="cond" truecount="7" falsecount="0"/>
        <line num="190" count="2" type="stmt"/>
        <line num="191" count="2" type="cond" truecount="1" falsecount="1"/>
        <line num="192" count="2" type="cond" truecount="1" falsecount="1"/>
        <line num="196" count="115" type="cond" truecount="6" falsecount="0"/>
        <line num="197" count="3" type="cond" truecount="1" falsecount="1"/>
        <line num="200" count="115" type="cond" truecount="3" falsecount="3"/>
        <line num="201" count="0" type="stmt"/>
        <line num="202" count="0" type="cond" truecount="0" falsecount="2"/>
        <line num="203" count="0" type="cond" truecount="0" falsecount="2"/>
        <line num="207" count="115" type="cond" truecount="6" falsecount="0"/>
        <line num="208" count="2" type="cond" truecount="1" falsecount="1"/>
        <line num="211" count="115" type="cond" truecount="3" falsecount="3"/>
        <line num="212" count="0" type="cond" truecount="0" falsecount="2"/>
        <line num="215" count="115" type="cond" truecount="2" falsecount="0"/>
        <line num="216" count="66" type="stmt"/>
        <line num="220" count="66" type="cond" truecount="6" falsecount="0"/>
        <line num="221" count="3" type="stmt"/>
        <line num="224" count="63" type="stmt"/>
        <line num="234" count="31" type="stmt"/>
        <line num="241" count="3" type="stmt"/>
        <line num="299" count="3" type="stmt"/>
        <line num="310" count="3" type="stmt"/>
        <line num="324" count="3" type="stmt"/>
        <line num="335" count="3" type="stmt"/>
        <line num="344" count="9" type="cond" truecount="4" falsecount="0"/>
        <line num="345" count="2" type="stmt"/>
        <line num="347" count="7" type="stmt"/>
        <line num="357" count="9" type="cond" truecount="6" falsecount="0"/>
        <line num="358" count="7" type="stmt"/>
        <line num="360" count="2" type="stmt"/>
        <line num="371" count="8" type="stmt"/>
        <line num="381" count="8" type="cond" truecount="4" falsecount="0"/>
        <line num="382" count="1" type="stmt"/>
        <line num="384" count="7" type="stmt"/>
        <line num="394" count="10" type="cond" truecount="4" falsecount="0"/>
        <line num="395" count="1" type="stmt"/>
        <line num="397" count="9" type="cond" truecount="2" falsecount="0"/>
        <line num="399" count="5" type="cond" truecount="4" falsecount="0"/>
        <line num="401" count="4" type="stmt"/>
        <line num="410" count="9" type="cond" truecount="2" falsecount="0"/>
        <line num="411" count="1" type="stmt"/>
        <line num="413" count="8" type="stmt"/>
        <line num="422" count="4" type="cond" truecount="2" falsecount="0"/>
        <line num="423" count="2" type="stmt"/>
        <line num="425" count="2" type="cond" truecount="2" falsecount="0"/>
        <line num="435" count="6" type="cond" truecount="6" falsecount="0"/>
        <line num="436" count="5" type="stmt"/>
        <line num="438" count="1" type="stmt"/>
        <line num="447" count="5" type="cond" truecount="2" falsecount="0"/>
        <line num="450" count="5" type="stmt"/>
        <line num="451" count="5" type="stmt"/>
        <line num="452" count="5" type="stmt"/>
        <line num="455" count="5" type="stmt"/>
        <line num="456" count="5" type="stmt"/>
        <line num="457" count="5" type="stmt"/>
        <line num="460" count="5" type="cond" truecount="2" falsecount="0"/>
        <line num="463" count="5" type="stmt"/>
        <line num="464" count="5" type="stmt"/>
        <line num="465" count="5" type="stmt"/>
        <line num="467" count="5" type="stmt"/>
        <line num="489" count="6" type="cond" truecount="2" falsecount="0"/>
        <line num="490" count="3" type="stmt"/>
        <line num="493" count="3" type="cond" truecount="1" falsecount="1"/>
        <line num="494" count="6" type="stmt"/>
        <line num="495" count="6" type="cond" truecount="2" falsecount="0"/>
        <line num="504" count="3" type="stmt"/>
        <line num="525" count="8" type="stmt"/>
        <line num="527" count="8" type="cond" truecount="4" falsecount="0"/>
        <line num="528" count="3" type="stmt"/>
        <line num="531" count="8" type="cond" truecount="4" falsecount="0"/>
        <line num="532" count="3" type="stmt"/>
        <line num="535" count="8" type="cond" truecount="4" falsecount="0"/>
        <line num="536" count="2" type="stmt"/>
        <line num="539" count="8" type="cond" truecount="4" falsecount="0"/>
        <line num="540" count="2" type="stmt"/>
        <line num="543" count="8" type="cond" truecount="4" falsecount="0"/>
        <line num="544" count="2" type="stmt"/>
        <line num="547" count="8" type="stmt"/>
        <line num="556" count="3" type="stmt"/>
        <line num="557" count="2" type="stmt"/>
        <line num="558" count="1" type="stmt"/>
        <line num="559" count="1" type="stmt"/>
        <line num="565" count="3" type="stmt"/>
        <line num="566" count="2" type="stmt"/>
        <line num="567" count="1" type="stmt"/>
        <line num="576" count="7" type="cond" truecount="2" falsecount="0"/>
        <line num="577" count="1" type="stmt"/>
        <line num="580" count="6" type="cond" truecount="2" falsecount="0"/>
        <line num="581" count="1" type="stmt"/>
        <line num="583" count="5" type="cond" truecount="2" falsecount="0"/>
        <line num="584" count="1" type="stmt"/>
        <line num="586" count="4" type="cond" truecount="2" falsecount="0"/>
        <line num="587" count="1" type="stmt"/>
        <line num="589" count="3" type="stmt"/>
      </file>
      <file name="geom.ts" path="/home/runner/work/CircuiTry3D/CircuiTry3D/src/utils/geom.ts">
        <metrics statements="48" coveredstatements="46" conditionals="22" coveredconditionals="17" methods="12" coveredmethods="11"/>
        <line num="7" count="128" type="stmt"/>
        <line num="8" count="128" type="stmt"/>
        <line num="9" count="128" type="stmt"/>
        <line num="17" count="6" type="stmt"/>
        <line num="18" count="6" type="stmt"/>
        <line num="20" count="6" type="cond" truecount="4" falsecount="0"/>
        <line num="22" count="1" type="stmt"/>
        <line num="26" count="5" type="stmt"/>
        <line num="30" count="5" type="stmt"/>
        <line num="45" count="5" type="stmt"/>
        <line num="46" count="5" type="stmt"/>
        <line num="47" count="5" type="stmt"/>
        <line num="48" count="5" type="stmt"/>
        <line num="50" count="5" type="stmt"/>
        <line num="53" count="5" type="cond" truecount="2" falsecount="0"/>
        <line num="54" count="2" type="stmt"/>
        <line num="57" count="3" type="stmt"/>
        <line num="58" count="3" type="stmt"/>
        <line num="60" count="3" type="stmt"/>
        <line num="61" count="3" type="stmt"/>
        <line num="64" count="3" type="cond" truecount="5" falsecount="1"/>
        <line num="65" count="3" type="stmt"/>
        <line num="71" count="0" type="stmt"/>
        <line num="78" count="2" type="stmt"/>
        <line num="79" count="2" type="stmt"/>
        <line num="86" count="0" type="cond" truecount="0" falsecount="4"/>
        <line num="99" count="3" type="stmt"/>
        <line num="100" count="3" type="stmt"/>
        <line num="107" count="7" type="stmt"/>
        <line num="108" count="7" type="stmt"/>
        <line num="109" count="7" type="stmt"/>
        <line num="116" count="7" type="stmt"/>
        <line num="117" count="7" type="cond" truecount="2" falsecount="0"/>
        <line num="118" count="5" type="stmt"/>
        <line num="120" count="7" type="stmt"/>
        <line num="127" count="3" type="stmt"/>
        <line num="128" count="3" type="stmt"/>
        <line num="129" count="3" type="stmt"/>
        <line num="132" count="3" type="stmt"/>
        <line num="133" count="9" type="stmt"/>
        <line num="134" count="27" type="stmt"/>
        <line num="135" count="27" type="stmt"/>
        <line num="136" count="27" type="cond" truecount="2" falsecount="0"/>
        <line num="137" count="3" type="stmt"/>
        <line num="142" count="3" type="stmt"/>
        <line num="149" count="1" type="stmt"/>
        <line num="158" count="6" type="stmt"/>
        <line num="165" count="3" type="stmt"/>
      </file>
      <file name="id.ts" path="/home/runner/work/CircuiTry3D/CircuiTry3D/src/utils/id.ts">
        <metrics statements="5" coveredstatements="4" conditionals="10" coveredconditionals="5" methods="1" coveredmethods="1"/>
        <line num="8" count="181" type="cond" truecount="1" falsecount="1"/>
        <line num="14" count="181" type="cond" truecount="3" falsecount="1"/>
        <line num="16" count="181" type="cond" truecount="1" falsecount="1"/>
        <line num="17" count="181" type="stmt"/>
        <line num="21" count="0" type="stmt"/>
      </file>
      <file name="practiceSolver.ts" path="/home/runner/work/CircuiTry3D/CircuiTry3D/src/utils/practiceSolver.ts">
        <metrics statements="68" coveredstatements="62" conditionals="34" coveredconditionals="27" methods="12" coveredmethods="12"/>
        <line num="23" count="1" type="stmt"/>
        <line num="24" count="13" type="cond" truecount="1" falsecount="1"/>
        <line num="25" count="0" type="stmt"/>
        <line num="27" count="13" type="stmt"/>
        <line num="31" count="19" type="stmt"/>
        <line num="32" count="33" type="stmt"/>
        <line num="33" count="33" type="stmt"/>
        <line num="38" count="16" type="stmt"/>
        <line num="40" count="16" type="stmt"/>
        <line num="42" count="16" type="stmt"/>
        <line num="43" count="30" type="stmt"/>
        <line num="44" count="30" type="cond" truecount="2" falsecount="0"/>
        <line num="45" count="2" type="stmt"/>
        <line num="48" count="28" type="cond" truecount="2" falsecount="0"/>
        <line num="49" count="30" type="cond" truecount="4" falsecount="0"/>
        <line num="50" count="27" type="stmt"/>
        <line num="53" count="1" type="stmt"/>
        <line num="56" count="16" type="stmt"/>
        <line num="57" count="72" type="cond" truecount="2" falsecount="0"/>
        <line num="58" count="28" type="stmt"/>
        <line num="63" count="44" type="cond" truecount="2" falsecount="0"/>
        <line num="64" count="30" type="stmt"/>
        <line num="65" count="14" type="cond" truecount="2" falsecount="0"/>
        <line num="66" count="16" type="stmt"/>
        <line num="69" count="6" type="stmt"/>
        <line num="70" count="12" type="stmt"/>
        <line num="71" count="12" type="cond" truecount="1" falsecount="1"/>
        <line num="72" count="0" type="stmt"/>
        <line num="74" count="12" type="stmt"/>
        <line num="77" count="6" type="cond" truecount="1" falsecount="1"/>
        <line num="78" count="0" type="stmt"/>
        <line num="81" count="6" type="stmt"/>
        <line num="84" count="41" type="stmt"/>
        <line num="85" count="41" type="stmt"/>
        <line num="88" count="16" type="stmt"/>
        <line num="90" count="16" type="stmt"/>
        <line num="95" count="16" type="stmt"/>
        <line num="103" count="16" type="stmt"/>
        <line num="105" count="16" type="stmt"/>
        <line num="106" count="41" type="cond" truecount="3" falsecount="1"/>
        <line num="107" count="0" type="stmt"/>
        <line num="110" count="41" type="cond" truecount="2" falsecount="0"/>
        <line num="111" count="27" type="stmt"/>
        <line num="112" count="27" type="cond" truecount="1" falsecount="1"/>
        <line num="113" count="0" type="stmt"/>
        <line num="116" count="27" type="stmt"/>
        <line num="123" count="27" type="stmt"/>
        <line num="124" count="27" type="stmt"/>
        <line num="127" count="14" type="cond" truecount="2" falsecount="0"/>
        <line num="128" count="8" type="stmt"/>
        <line num="129" count="16" type="stmt"/>
        <line num="130" count="16" type="stmt"/>
        <line num="131" count="16" type="stmt"/>
        <line num="133" count="8" type="stmt"/>
        <line num="137" count="6" type="stmt"/>
        <line num="138" count="12" type="stmt"/>
        <line num="139" count="12" type="cond" truecount="1" falsecount="1"/>
        <line num="140" count="0" type="stmt"/>
        <line num="142" count="12" type="stmt"/>
        <line num="143" count="12" type="stmt"/>
        <line num="147" count="16" type="stmt"/>
        <line num="149" count="16" type="stmt"/>
        <line num="155" count="16" type="stmt"/>
        <line num="165" count="3" type="stmt"/>
        <line num="166" count="3" type="stmt"/>
        <line num="168" count="1" type="cond" truecount="1" falsecount="1"/>
        <line num="169" count="1" type="stmt"/>
        <line num="170" count="1" type="stmt"/>
      </file>
    </package>
  </project>
</coverage>
