{"/home/runner/work/CircuiTry3D/CircuiTry3D/public/js/component-compositions.js": {"path":"/home/runner/work/CircuiTry3D/CircuiTry3D/public/js/component-compositions.js","statementMap":{"0":{"start":{"line":12,"column":0},"end":{"line":432,"column":null}},"1":{"start":{"line":18,"column":27},"end":{"line":57,"column":3}},"2":{"start":{"line":62,"column":33},"end":{"line":346,"column":3}},"3":{"start":{"line":352,"column":16},"end":{"line":352,"column":56}},"4":{"start":{"line":353,"column":4},"end":{"line":355,"column":null}},"5":{"start":{"line":354,"column":13},"end":{"line":354,"column":63}},"6":{"start":{"line":359,"column":17},"end":{"line":359,"column":53}},"7":{"start":{"line":360,"column":4},"end":{"line":360,"column":null}},"8":{"start":{"line":360,"column":15},"end":{"line":360,"column":null}},"9":{"start":{"line":361,"column":21},"end":{"line":361,"column":65}},"10":{"start":{"line":361,"column":52},"end":{"line":361,"column":64}},"11":{"start":{"line":362,"column":4},"end":{"line":362,"column":null}},"12":{"start":{"line":362,"column":19},"end":{"line":362,"column":null}},"13":{"start":{"line":363,"column":4},"end":{"line":363,"column":null}},"14":{"start":{"line":363,"column":54},"end":{"line":363,"column":null}},"15":{"start":{"line":364,"column":16},"end":{"line":364,"column":54}},"16":{"start":{"line":365,"column":4},"end":{"line":365,"column":null}},"17":{"start":{"line":369,"column":17},"end":{"line":369,"column":53}},"18":{"start":{"line":370,"column":4},"end":{"line":370,"column":null}},"19":{"start":{"line":370,"column":15},"end":{"line":370,"column":null}},"20":{"start":{"line":371,"column":4},"end":{"line":375,"column":null}},"21":{"start":{"line":372,"column":18},"end":{"line":372,"column":51}},"22":{"start":{"line":373,"column":6},"end":{"line":373,"column":null}},"23":{"start":{"line":373,"column":16},"end":{"line":373,"column":null}},"24":{"start":{"line":374,"column":6},"end":{"line":374,"column":null}},"25":{"start":{"line":386,"column":4},"end":{"line":391,"column":null}},"26":{"start":{"line":387,"column":6},"end":{"line":389,"column":null}},"27":{"start":{"line":388,"column":8},"end":{"line":388,"column":null}},"28":{"start":{"line":390,"column":6},"end":{"line":390,"column":null}},"29":{"start":{"line":392,"column":16},"end":{"line":392,"column":55}},"30":{"start":{"line":393,"column":16},"end":{"line":393,"column":80}},"31":{"start":{"line":393,"column":56},"end":{"line":393,"column":79}},"32":{"start":{"line":394,"column":4},"end":{"line":398,"column":null}},"33":{"start":{"line":395,"column":6},"end":{"line":395,"column":null}},"34":{"start":{"line":397,"column":6},"end":{"line":397,"column":null}},"35":{"start":{"line":401,"column":4},"end":{"line":404,"column":null}},"36":{"start":{"line":403,"column":6},"end":{"line":403,"column":null}},"37":{"start":{"line":405,"column":4},"end":{"line":405,"column":null}},"38":{"start":{"line":411,"column":32},"end":{"line":418,"column":3}},"39":{"start":{"line":421,"column":2},"end":{"line":425,"column":null}},"40":{"start":{"line":422,"column":4},"end":{"line":422,"column":null}},"41":{"start":{"line":424,"column":4},"end":{"line":424,"column":null}},"42":{"start":{"line":428,"column":2},"end":{"line":430,"column":null}},"43":{"start":{"line":429,"column":4},"end":{"line":429,"column":null}}},"fnMap":{"0":{"name":"(anonymous_0)","decl":{"start":{"line":12,"column":1},"end":{"line":12,"column":9}},"loc":{"start":{"line":12,"column":19},"end":{"line":432,"column":1}},"line":12},"1":{"name":"getComponentComposition","decl":{"start":{"line":351,"column":11},"end":{"line":351,"column":34}},"loc":{"start":{"line":351,"column":48},"end":{"line":356,"column":null}},"line":351},"2":{"name":"(anonymous_2)","decl":{"start":{"line":354,"column":6},"end":{"line":354,"column":7}},"loc":{"start":{"line":354,"column":13},"end":{"line":354,"column":63}},"line":354},"3":{"name":"getCriticalOperatingLimitC","decl":{"start":{"line":358,"column":11},"end":{"line":358,"column":37}},"loc":{"start":{"line":358,"column":51},"end":{"line":366,"column":null}},"line":358},"4":{"name":"(anonymous_4)","decl":{"start":{"line":361,"column":45},"end":{"line":361,"column":46}},"loc":{"start":{"line":361,"column":52},"end":{"line":361,"column":64}},"line":361},"5":{"name":"getComponentMaterials","decl":{"start":{"line":368,"column":11},"end":{"line":368,"column":32}},"loc":{"start":{"line":368,"column":46},"end":{"line":376,"column":null}},"line":368},"6":{"name":"(anonymous_6)","decl":{"start":{"line":371,"column":38},"end":{"line":371,"column":39}},"loc":{"start":{"line":371,"column":47},"end":{"line":375,"column":5}},"line":371},"7":{"name":"registerComposition","decl":{"start":{"line":385,"column":11},"end":{"line":385,"column":30}},"loc":{"start":{"line":385,"column":44},"end":{"line":406,"column":null}},"line":385},"8":{"name":"(anonymous_8)","decl":{"start":{"line":393,"column":49},"end":{"line":393,"column":50}},"loc":{"start":{"line":393,"column":56},"end":{"line":393,"column":79}},"line":393}},"branchMap":{"0":{"loc":{"start":{"line":352,"column":17},"end":{"line":352,"column":34}},"type":"binary-expr","locations":[{"start":{"line":352,"column":17},"end":{"line":352,"column":28}},{"start":{"line":352,"column":32},"end":{"line":352,"column":34}}],"line":352},"1":{"loc":{"start":{"line":353,"column":11},"end":{"line":355,"column":13}},"type":"binary-expr","locations":[{"start":{"line":353,"column":11},"end":{"line":355,"column":5}},{"start":{"line":355,"column":9},"end":{"line":355,"column":13}}],"line":353},"2":{"loc":{"start":{"line":354,"column":13},"end":{"line":354,"column":63}},"type":"binary-expr","locations":[{"start":{"line":354,"column":13},"end":{"line":354,"column":36}},{"start":{"line":354,"column":40},"end":{"line":354,"column":63}}],"line":354},"3":{"loc":{"start":{"line":360,"column":4},"end":{"line":360,"column":null}},"type":"if","locations":[{"start":{"line":360,"column":4},"end":{"line":360,"column":null}},{"start":{},"end":{}}],"line":360},"4":{"loc":{"start":{"line":362,"column":4},"end":{"line":362,"column":null}},"type":"if","locations":[{"start":{"line":362,"column":4},"end":{"line":362,"column":null}},{"start":{},"end":{}}],"line":362},"5":{"loc":{"start":{"line":363,"column":4},"end":{"line":363,"column":null}},"type":"if","locations":[{"start":{"line":363,"column":4},"end":{"line":363,"column":null}},{"start":{},"end":{}}],"line":363},"6":{"loc":{"start":{"line":365,"column":11},"end":{"line":365,"column":40}},"type":"cond-expr","locations":[{"start":{"line":365,"column":17},"end":{"line":365,"column":33}},{"start":{"line":365,"column":36},"end":{"line":365,"column":40}}],"line":365},"7":{"loc":{"start":{"line":370,"column":4},"end":{"line":370,"column":null}},"type":"if","locations":[{"start":{"line":370,"column":4},"end":{"line":370,"column":null}},{"start":{},"end":{}}],"line":370},"8":{"loc":{"start":{"line":373,"column":6},"end":{"line":373,"column":null}},"type":"if","locations":[{"start":{"line":373,"column":6},"end":{"line":373,"column":null}},{"start":{},"end":{}}],"line":373},"9":{"loc":{"start":{"line":386,"column":4},"end":{"line":391,"column":null}},"type":"if","locations":[{"start":{"line":386,"column":4},"end":{"line":391,"column":null}},{"start":{},"end":{}}],"line":386},"10":{"loc":{"start":{"line":386,"column":8},"end":{"line":386,"column":69}},"type":"binary-expr","locations":[{"start":{"line":386,"column":8},"end":{"line":386,"column":20}},{"start":{"line":386,"column":24},"end":{"line":386,"column":69}}],"line":386},"11":{"loc":{"start":{"line":387,"column":6},"end":{"line":389,"column":null}},"type":"if","locations":[{"start":{"line":387,"column":6},"end":{"line":389,"column":null}},{"start":{},"end":{}}],"line":387},"12":{"loc":{"start":{"line":394,"column":4},"end":{"line":398,"column":null}},"type":"if","locations":[{"start":{"line":394,"column":4},"end":{"line":398,"column":null}},{"start":{"line":396,"column":11},"end":{"line":398,"column":null}}],"line":394},"13":{"loc":{"start":{"line":401,"column":4},"end":{"line":404,"column":null}},"type":"if","locations":[{"start":{"line":401,"column":4},"end":{"line":404,"column":null}},{"start":{},"end":{}}],"line":401},"14":{"loc":{"start":{"line":401,"column":8},"end":{"line":402,"column":67}},"type":"binary-expr","locations":[{"start":{"line":401,"column":8},"end":{"line":401,"column":51}},{"start":{"line":402,"column":8},"end":{"line":402,"column":67}}],"line":401},"15":{"loc":{"start":{"line":421,"column":2},"end":{"line":425,"column":null}},"type":"if","locations":[{"start":{"line":421,"column":2},"end":{"line":425,"column":null}},{"start":{"line":423,"column":9},"end":{"line":425,"column":null}}],"line":421},"16":{"loc":{"start":{"line":421,"column":6},"end":{"line":421,"column":53}},"type":"binary-expr","locations":[{"start":{"line":421,"column":6},"end":{"line":421,"column":35}},{"start":{"line":421,"column":39},"end":{"line":421,"column":53}}],"line":421},"17":{"loc":{"start":{"line":428,"column":2},"end":{"line":430,"column":null}},"type":"if","locations":[{"start":{"line":428,"column":2},"end":{"line":430,"column":null}},{"start":{},"end":{}}],"line":428},"18":{"loc":{"start":{"line":428,"column":6},"end":{"line":428,"column":89}},"type":"binary-expr","locations":[{"start":{"line":428,"column":6},"end":{"line":428,"column":26}},{"start":{"line":428,"column":30},"end":{"line":428,"column":89}}],"line":428},"19":{"loc":{"start":{"line":432,"column":2},"end":{"line":432,"column":96}},"type":"cond-expr","locations":[{"start":{"line":432,"column":38},"end":{"line":432,"column":48}},{"start":{"line":432,"column":51},"end":{"line":432,"column":96}}],"line":432},"20":{"loc":{"start":{"line":432,"column":51},"end":{"line":432,"column":96}},"type":"cond-expr","locations":[{"start":{"line":432,"column":83},"end":{"line":432,"column":89}},{"start":{"line":432,"column":92},"end":{"line":432,"column":96}}],"line":432}},"s":{"0":1,"1":1,"2":1,"3":32,"4":32,"5":239,"6":7,"7":7,"8":1,"9":6,"10":12,"11":6,"12":0,"13":6,"14":6,"15":0,"16":0,"17":2,"18":2,"19":0,"20":2,"21":12,"22":12,"23":0,"24":12,"25":0,"26":0,"27":0,"28":0,"29":0,"30":0,"31":0,"32":0,"33":0,"34":0,"35":0,"36":0,"37":0,"38":1,"39":1,"40":1,"41":0,"42":1,"43":0},"f":{"0":1,"1":32,"2":239,"3":7,"4":12,"5":2,"6":12,"7":0,"8":0},"b":{"0":[32,0],"1":[32,2],"2":[239,215],"3":[1,6],"4":[0,6],"5":[6,0],"6":[0,0],"7":[0,2],"8":[0,12],"9":[0,0],"10":[0,0],"11":[0,0],"12":[0,0],"13":[0,0],"14":[0,0],"15":[1,0],"16":[1,1],"17":[0,1],"18":[1,0],"19":[1,0],"20":[0,0]},"meta":{"lastBranch":21,"lastFunction":9,"lastStatement":44,"seen":{"s:12:0:432:Infinity":0,"f:12:1:12:9":0,"s:18:27:57:3":1,"s:62:33:346:3":2,"f:351:11:351:34":1,"s:352:16:352:56":3,"b:352:17:352:28:352:32:352:34":0,"s:353:4:355:Infinity":4,"b:353:11:355:5:355:9:355:13":1,"f:354:6:354:7":2,"s:354:13:354:63":5,"b:354:13:354:36:354:40:354:63":2,"f:358:11:358:37":3,"s:359:17:359:53":6,"b:360:4:360:Infinity:undefined:undefined:undefined:undefined":3,"s:360:4:360:Infinity":7,"s:360:15:360:Infinity":8,"s:361:21:361:65":9,"f:361:45:361:46":4,"s:361:52:361:64":10,"b:362:4:362:Infinity:undefined:undefined:undefined:undefined":4,"s:362:4:362:Infinity":11,"s:362:19:362:Infinity":12,"b:363:4:363:Infinity:undefined:undefined:undefined:undefined":5,"s:363:4:363:Infinity":13,"s:363:54:363:Infinity":14,"s:364:16:364:54":15,"s:365:4:365:Infinity":16,"b:365:17:365:33:365:36:365:40":6,"f:368:11:368:32":5,"s:369:17:369:53":17,"b:370:4:370:Infinity:undefined:undefined:undefined:undefined":7,"s:370:4:370:Infinity":18,"s:370:15:370:Infinity":19,"s:371:4:375:Infinity":20,"f:371:38:371:39":6,"s:372:18:372:51":21,"b:373:6:373:Infinity:undefined:undefined:undefined:undefined":8,"s:373:6:373:Infinity":22,"s:373:16:373:Infinity":23,"s:374:6:374:Infinity":24,"f:385:11:385:30":7,"b:386:4:391:Infinity:undefined:undefined:undefined:undefined":9,"s:386:4:391:Infinity":25,"b:386:8:386:20:386:24:386:69":10,"b:387:6:389:Infinity:undefined:undefined:undefined:undefined":11,"s:387:6:389:Infinity":26,"s:388:8:388:Infinity":27,"s:390:6:390:Infinity":28,"s:392:16:392:55":29,"s:393:16:393:80":30,"f:393:49:393:50":8,"s:393:56:393:79":31,"b:394:4:398:Infinity:396:11:398:Infinity":12,"s:394:4:398:Infinity":32,"s:395:6:395:Infinity":33,"s:397:6:397:Infinity":34,"b:401:4:404:Infinity:undefined:undefined:undefined:undefined":13,"s:401:4:404:Infinity":35,"b:401:8:401:51:402:8:402:67":14,"s:403:6:403:Infinity":36,"s:405:4:405:Infinity":37,"s:411:32:418:3":38,"b:421:2:425:Infinity:423:9:425:Infinity":15,"s:421:2:425:Infinity":39,"b:421:6:421:35:421:39:421:53":16,"s:422:4:422:Infinity":40,"s:424:4:424:Infinity":41,"b:428:2:430:Infinity:undefined:undefined:undefined:undefined":17,"s:428:2:430:Infinity":42,"b:428:6:428:26:428:30:428:89":18,"s:429:4:429:Infinity":43,"b:432:38:432:48:432:51:432:96":19,"b:432:83:432:89:432:92:432:96":20}}}
,"/home/runner/work/CircuiTry3D/CircuiTry3D/public/js/component-failure-engine.js": {"path":"/home/runner/work/CircuiTry3D/CircuiTry3D/public/js/component-failure-engine.js","statementMap":{"0":{"start":{"line":63,"column":0},"end":{"line":1551,"column":null}},"1":{"start":{"line":69,"column":23},"end":{"line":69,"column":30}},"2":{"start":{"line":92,"column":32},"end":{"line":181,"column":3}},"3":{"start":{"line":201,"column":27},"end":{"line":223,"column":3}},"4":{"start":{"line":227,"column":4},"end":{"line":227,"column":null}},"5":{"start":{"line":227,"column":33},"end":{"line":227,"column":null}},"6":{"start":{"line":228,"column":4},"end":{"line":228,"column":null}},"7":{"start":{"line":228,"column":42},"end":{"line":228,"column":57}},"8":{"start":{"line":247,"column":35},"end":{"line":409,"column":3}},"9":{"start":{"line":415,"column":31},"end":{"line":471,"column":3}},"10":{"start":{"line":477,"column":29},"end":{"line":685,"column":3}},"11":{"start":{"line":697,"column":37},"end":{"line":1203,"column":3}},"12":{"start":{"line":708,"column":39},"end":{"line":708,"column":93}},"13":{"start":{"line":714,"column":12},"end":{"line":714,"column":91}},"14":{"start":{"line":721,"column":32},"end":{"line":721,"column":62}},"15":{"start":{"line":722,"column":33},"end":{"line":722,"column":85}},"16":{"start":{"line":733,"column":39},"end":{"line":733,"column":96}},"17":{"start":{"line":735,"column":12},"end":{"line":735,"column":90}},"18":{"start":{"line":742,"column":32},"end":{"line":742,"column":62}},"19":{"start":{"line":743,"column":33},"end":{"line":743,"column":85}},"20":{"start":{"line":754,"column":39},"end":{"line":754,"column":92}},"21":{"start":{"line":756,"column":12},"end":{"line":756,"column":86}},"22":{"start":{"line":763,"column":32},"end":{"line":763,"column":62}},"23":{"start":{"line":764,"column":33},"end":{"line":764,"column":85}},"24":{"start":{"line":775,"column":39},"end":{"line":775,"column":86}},"25":{"start":{"line":777,"column":12},"end":{"line":777,"column":80}},"26":{"start":{"line":784,"column":39},"end":{"line":784,"column":93}},"27":{"start":{"line":786,"column":12},"end":{"line":786,"column":87}},"28":{"start":{"line":793,"column":39},"end":{"line":793,"column":89}},"29":{"start":{"line":794,"column":40},"end":{"line":794,"column":92}},"30":{"start":{"line":805,"column":39},"end":{"line":805,"column":88}},"31":{"start":{"line":807,"column":12},"end":{"line":807,"column":82}},"32":{"start":{"line":814,"column":32},"end":{"line":814,"column":61}},"33":{"start":{"line":815,"column":33},"end":{"line":815,"column":84}},"34":{"start":{"line":826,"column":39},"end":{"line":826,"column":89}},"35":{"start":{"line":828,"column":12},"end":{"line":828,"column":81}},"36":{"start":{"line":835,"column":32},"end":{"line":835,"column":62}},"37":{"start":{"line":836,"column":33},"end":{"line":836,"column":85}},"38":{"start":{"line":847,"column":32},"end":{"line":847,"column":62}},"39":{"start":{"line":848,"column":33},"end":{"line":848,"column":85}},"40":{"start":{"line":859,"column":32},"end":{"line":859,"column":62}},"41":{"start":{"line":860,"column":33},"end":{"line":860,"column":86}},"42":{"start":{"line":871,"column":39},"end":{"line":871,"column":87}},"43":{"start":{"line":873,"column":12},"end":{"line":873,"column":81}},"44":{"start":{"line":880,"column":39},"end":{"line":880,"column":94}},"45":{"start":{"line":882,"column":12},"end":{"line":882,"column":87}},"46":{"start":{"line":889,"column":39},"end":{"line":889,"column":89}},"47":{"start":{"line":890,"column":40},"end":{"line":890,"column":92}},"48":{"start":{"line":901,"column":39},"end":{"line":901,"column":89}},"49":{"start":{"line":903,"column":12},"end":{"line":903,"column":83}},"50":{"start":{"line":910,"column":39},"end":{"line":910,"column":100}},"51":{"start":{"line":912,"column":12},"end":{"line":912,"column":94}},"52":{"start":{"line":923,"column":39},"end":{"line":923,"column":98}},"53":{"start":{"line":925,"column":12},"end":{"line":925,"column":90}},"54":{"start":{"line":936,"column":39},"end":{"line":936,"column":99}},"55":{"start":{"line":938,"column":12},"end":{"line":938,"column":93}},"56":{"start":{"line":945,"column":32},"end":{"line":945,"column":62}},"57":{"start":{"line":946,"column":33},"end":{"line":946,"column":85}},"58":{"start":{"line":957,"column":39},"end":{"line":957,"column":89}},"59":{"start":{"line":958,"column":40},"end":{"line":958,"column":92}},"60":{"start":{"line":965,"column":39},"end":{"line":965,"column":91}},"61":{"start":{"line":967,"column":12},"end":{"line":967,"column":83}},"62":{"start":{"line":978,"column":39},"end":{"line":978,"column":98}},"63":{"start":{"line":980,"column":12},"end":{"line":980,"column":92}},"64":{"start":{"line":987,"column":32},"end":{"line":987,"column":62}},"65":{"start":{"line":988,"column":33},"end":{"line":988,"column":84}},"66":{"start":{"line":1000,"column":26},"end":{"line":1000,"column":52}},"67":{"start":{"line":1001,"column":26},"end":{"line":1001,"column":74}},"68":{"start":{"line":1002,"column":27},"end":{"line":1002,"column":100}},"69":{"start":{"line":1003,"column":12},"end":{"line":1003,"column":null}},"70":{"start":{"line":1006,"column":26},"end":{"line":1006,"column":52}},"71":{"start":{"line":1007,"column":26},"end":{"line":1007,"column":74}},"72":{"start":{"line":1008,"column":27},"end":{"line":1008,"column":100}},"73":{"start":{"line":1009,"column":12},"end":{"line":1009,"column":null}},"74":{"start":{"line":1017,"column":39},"end":{"line":1017,"column":95}},"75":{"start":{"line":1019,"column":12},"end":{"line":1019,"column":89}},"76":{"start":{"line":1030,"column":39},"end":{"line":1030,"column":92}},"77":{"start":{"line":1032,"column":12},"end":{"line":1032,"column":86}},"78":{"start":{"line":1043,"column":39},"end":{"line":1043,"column":95}},"79":{"start":{"line":1045,"column":12},"end":{"line":1045,"column":89}},"80":{"start":{"line":1056,"column":39},"end":{"line":1056,"column":94}},"81":{"start":{"line":1058,"column":12},"end":{"line":1058,"column":86}},"82":{"start":{"line":1065,"column":32},"end":{"line":1065,"column":62}},"83":{"start":{"line":1066,"column":33},"end":{"line":1066,"column":84}},"84":{"start":{"line":1077,"column":32},"end":{"line":1077,"column":61}},"85":{"start":{"line":1078,"column":33},"end":{"line":1078,"column":84}},"86":{"start":{"line":1089,"column":32},"end":{"line":1089,"column":62}},"87":{"start":{"line":1090,"column":33},"end":{"line":1090,"column":84}},"88":{"start":{"line":1101,"column":32},"end":{"line":1101,"column":64}},"89":{"start":{"line":1102,"column":33},"end":{"line":1102,"column":84}},"90":{"start":{"line":1119,"column":29},"end":{"line":1119,"column":125}},"91":{"start":{"line":1120,"column":37},"end":{"line":1123,"column":57}},"92":{"start":{"line":1124,"column":12},"end":{"line":1126,"column":null}},"93":{"start":{"line":1130,"column":29},"end":{"line":1130,"column":125}},"94":{"start":{"line":1131,"column":12},"end":{"line":1131,"column":null}},"95":{"start":{"line":1145,"column":12},"end":{"line":1145,"column":null}},"96":{"start":{"line":1145,"column":54},"end":{"line":1145,"column":null}},"97":{"start":{"line":1146,"column":30},"end":{"line":1146,"column":105}},"98":{"start":{"line":1147,"column":27},"end":{"line":1147,"column":85}},"99":{"start":{"line":1148,"column":12},"end":{"line":1148,"column":null}},"100":{"start":{"line":1154,"column":30},"end":{"line":1154,"column":105}},"101":{"start":{"line":1155,"column":27},"end":{"line":1155,"column":85}},"102":{"start":{"line":1156,"column":25},"end":{"line":1156,"column":49}},"103":{"start":{"line":1157,"column":12},"end":{"line":1157,"column":null}},"104":{"start":{"line":1169,"column":30},"end":{"line":1169,"column":105}},"105":{"start":{"line":1170,"column":25},"end":{"line":1170,"column":75}},"106":{"start":{"line":1171,"column":12},"end":{"line":1171,"column":null}},"107":{"start":{"line":1174,"column":30},"end":{"line":1174,"column":105}},"108":{"start":{"line":1175,"column":25},"end":{"line":1175,"column":75}},"109":{"start":{"line":1176,"column":12},"end":{"line":1176,"column":null}},"110":{"start":{"line":1176,"column":27},"end":{"line":1176,"column":null}},"111":{"start":{"line":1177,"column":12},"end":{"line":1177,"column":null}},"112":{"start":{"line":1189,"column":32},"end":{"line":1189,"column":62}},"113":{"start":{"line":1190,"column":33},"end":{"line":1190,"column":84}},"114":{"start":{"line":1197,"column":39},"end":{"line":1197,"column":99}},"115":{"start":{"line":1199,"column":12},"end":{"line":1199,"column":93}},"116":{"start":{"line":1218,"column":4},"end":{"line":1220,"column":null}},"117":{"start":{"line":1219,"column":6},"end":{"line":1219,"column":null}},"118":{"start":{"line":1221,"column":14},"end":{"line":1221,"column":63}},"119":{"start":{"line":1224,"column":4},"end":{"line":1226,"column":null}},"120":{"start":{"line":1225,"column":6},"end":{"line":1225,"column":null}},"121":{"start":{"line":1229,"column":4},"end":{"line":1231,"column":null}},"122":{"start":{"line":1230,"column":6},"end":{"line":1230,"column":null}},"123":{"start":{"line":1236,"column":4},"end":{"line":1241,"column":null}},"124":{"start":{"line":1237,"column":6},"end":{"line":1237,"column":null}},"125":{"start":{"line":1237,"column":30},"end":{"line":1237,"column":null}},"126":{"start":{"line":1238,"column":6},"end":{"line":1240,"column":null}},"127":{"start":{"line":1239,"column":8},"end":{"line":1239,"column":null}},"128":{"start":{"line":1244,"column":4},"end":{"line":1256,"column":null}},"129":{"start":{"line":1245,"column":6},"end":{"line":1245,"column":null}},"130":{"start":{"line":1245,"column":48},"end":{"line":1245,"column":null}},"131":{"start":{"line":1246,"column":6},"end":{"line":1246,"column":null}},"132":{"start":{"line":1246,"column":49},"end":{"line":1246,"column":null}},"133":{"start":{"line":1247,"column":6},"end":{"line":1247,"column":null}},"134":{"start":{"line":1247,"column":52},"end":{"line":1247,"column":null}},"135":{"start":{"line":1248,"column":6},"end":{"line":1248,"column":null}},"136":{"start":{"line":1248,"column":77},"end":{"line":1248,"column":null}},"137":{"start":{"line":1249,"column":6},"end":{"line":1249,"column":null}},"138":{"start":{"line":1249,"column":78},"end":{"line":1249,"column":null}},"139":{"start":{"line":1250,"column":6},"end":{"line":1250,"column":null}},"140":{"start":{"line":1250,"column":49},"end":{"line":1250,"column":null}},"141":{"start":{"line":1251,"column":6},"end":{"line":1251,"column":null}},"142":{"start":{"line":1251,"column":91},"end":{"line":1251,"column":null}},"143":{"start":{"line":1252,"column":6},"end":{"line":1252,"column":null}},"144":{"start":{"line":1252,"column":97},"end":{"line":1252,"column":null}},"145":{"start":{"line":1253,"column":6},"end":{"line":1253,"column":null}},"146":{"start":{"line":1253,"column":48},"end":{"line":1253,"column":null}},"147":{"start":{"line":1254,"column":6},"end":{"line":1254,"column":null}},"148":{"start":{"line":1254,"column":95},"end":{"line":1254,"column":null}},"149":{"start":{"line":1255,"column":6},"end":{"line":1255,"column":null}},"150":{"start":{"line":1255,"column":48},"end":{"line":1255,"column":null}},"151":{"start":{"line":1258,"column":4},"end":{"line":1258,"column":null}},"152":{"start":{"line":1269,"column":18},"end":{"line":1269,"column":119}},"153":{"start":{"line":1270,"column":4},"end":{"line":1272,"column":null}},"154":{"start":{"line":1271,"column":6},"end":{"line":1271,"column":null}},"155":{"start":{"line":1274,"column":19},"end":{"line":1274,"column":79}},"156":{"start":{"line":1278,"column":6},"end":{"line":1280,"column":40}},"157":{"start":{"line":1282,"column":4},"end":{"line":1284,"column":null}},"158":{"start":{"line":1283,"column":6},"end":{"line":1283,"column":null}},"159":{"start":{"line":1286,"column":18},"end":{"line":1286,"column":44}},"160":{"start":{"line":1287,"column":24},"end":{"line":1287,"column":25}},"161":{"start":{"line":1288,"column":20},"end":{"line":1288,"column":24}},"162":{"start":{"line":1290,"column":4},"end":{"line":1302,"column":null}},"163":{"start":{"line":1291,"column":6},"end":{"line":1301,"column":null}},"164":{"start":{"line":1292,"column":8},"end":{"line":1298,"column":null}},"165":{"start":{"line":1293,"column":22},"end":{"line":1293,"column":92}},"166":{"start":{"line":1294,"column":10},"end":{"line":1297,"column":null}},"167":{"start":{"line":1295,"column":12},"end":{"line":1295,"column":null}},"168":{"start":{"line":1296,"column":12},"end":{"line":1296,"column":null}},"169":{"start":{"line":1304,"column":4},"end":{"line":1306,"column":null}},"170":{"start":{"line":1305,"column":6},"end":{"line":1305,"column":null}},"171":{"start":{"line":1308,"column":4},"end":{"line":1316,"column":null}},"172":{"start":{"line":1331,"column":4},"end":{"line":1336,"column":null}},"173":{"start":{"line":1332,"column":6},"end":{"line":1334,"column":null}},"174":{"start":{"line":1333,"column":8},"end":{"line":1333,"column":null}},"175":{"start":{"line":1335,"column":6},"end":{"line":1335,"column":null}},"176":{"start":{"line":1337,"column":16},"end":{"line":1337,"column":41}},"177":{"start":{"line":1339,"column":4},"end":{"line":1341,"column":null}},"178":{"start":{"line":1340,"column":6},"end":{"line":1340,"column":null}},"179":{"start":{"line":1346,"column":4},"end":{"line":1348,"column":null}},"180":{"start":{"line":1347,"column":6},"end":{"line":1347,"column":null}},"181":{"start":{"line":1350,"column":4},"end":{"line":1352,"column":null}},"182":{"start":{"line":1351,"column":6},"end":{"line":1351,"column":null}},"183":{"start":{"line":1360,"column":4},"end":{"line":1365,"column":null}},"184":{"start":{"line":1361,"column":6},"end":{"line":1363,"column":null}},"185":{"start":{"line":1362,"column":8},"end":{"line":1362,"column":null}},"186":{"start":{"line":1364,"column":6},"end":{"line":1364,"column":null}},"187":{"start":{"line":1366,"column":16},"end":{"line":1366,"column":41}},"188":{"start":{"line":1367,"column":4},"end":{"line":1369,"column":null}},"189":{"start":{"line":1368,"column":6},"end":{"line":1368,"column":null}},"190":{"start":{"line":1370,"column":4},"end":{"line":1370,"column":null}},"191":{"start":{"line":1384,"column":22},"end":{"line":1384,"column":24}},"192":{"start":{"line":1385,"column":19},"end":{"line":1385,"column":21}},"193":{"start":{"line":1396,"column":4},"end":{"line":1398,"column":null}},"194":{"start":{"line":1397,"column":6},"end":{"line":1397,"column":null}},"195":{"start":{"line":1399,"column":4},"end":{"line":1399,"column":null}},"196":{"start":{"line":1400,"column":4},"end":{"line":1400,"column":null}},"197":{"start":{"line":1401,"column":4},"end":{"line":1412,"column":null}},"198":{"start":{"line":1402,"column":6},"end":{"line":1411,"column":null}},"199":{"start":{"line":1403,"column":20},"end":{"line":1403,"column":52}},"200":{"start":{"line":1404,"column":8},"end":{"line":1404,"column":null}},"201":{"start":{"line":1406,"column":8},"end":{"line":1410,"column":null}},"202":{"start":{"line":1407,"column":10},"end":{"line":1409,"column":null}},"203":{"start":{"line":1408,"column":12},"end":{"line":1408,"column":null}},"204":{"start":{"line":1428,"column":16},"end":{"line":1428,"column":56}},"205":{"start":{"line":1429,"column":17},"end":{"line":1429,"column":35}},"206":{"start":{"line":1430,"column":4},"end":{"line":1430,"column":null}},"207":{"start":{"line":1430,"column":15},"end":{"line":1430,"column":null}},"208":{"start":{"line":1432,"column":21},"end":{"line":1434,"column":12}},"209":{"start":{"line":1433,"column":39},"end":{"line":1433,"column":51}},"210":{"start":{"line":1436,"column":24},"end":{"line":1436,"column":74}},"211":{"start":{"line":1438,"column":6},"end":{"line":1442,"column":14}},"212":{"start":{"line":1445,"column":22},"end":{"line":1445,"column":26}},"213":{"start":{"line":1446,"column":4},"end":{"line":1455,"column":null}},"214":{"start":{"line":1447,"column":16},"end":{"line":1447,"column":17}},"215":{"start":{"line":1448,"column":6},"end":{"line":1453,"column":null}},"216":{"start":{"line":1449,"column":20},"end":{"line":1449,"column":47}},"217":{"start":{"line":1450,"column":8},"end":{"line":1452,"column":null}},"218":{"start":{"line":1451,"column":10},"end":{"line":1451,"column":null}},"219":{"start":{"line":1454,"column":6},"end":{"line":1454,"column":null}},"220":{"start":{"line":1457,"column":4},"end":{"line":1463,"column":null}},"221":{"start":{"line":1468,"column":29},"end":{"line":1468,"column":42}},"222":{"start":{"line":1470,"column":19},"end":{"line":1470,"column":57}},"223":{"start":{"line":1471,"column":4},"end":{"line":1471,"column":null}},"224":{"start":{"line":1471,"column":20},"end":{"line":1471,"column":null}},"225":{"start":{"line":1473,"column":19},"end":{"line":1473,"column":79}},"226":{"start":{"line":1474,"column":23},"end":{"line":1475,"column":41}},"227":{"start":{"line":1477,"column":4},"end":{"line":1477,"column":null}},"228":{"start":{"line":1477,"column":21},"end":{"line":1477,"column":null}},"229":{"start":{"line":1479,"column":25},"end":{"line":1479,"column":56}},"230":{"start":{"line":1484,"column":4},"end":{"line":1504,"column":null}},"231":{"start":{"line":1485,"column":20},"end":{"line":1486,"column":66}},"232":{"start":{"line":1487,"column":32},"end":{"line":1487,"column":56}},"233":{"start":{"line":1489,"column":6},"end":{"line":1503,"column":null}},"234":{"start":{"line":1490,"column":24},"end":{"line":1490,"column":97}},"235":{"start":{"line":1491,"column":8},"end":{"line":1502,"column":null}},"236":{"start":{"line":1507,"column":4},"end":{"line":1512,"column":null}},"237":{"start":{"line":1508,"column":6},"end":{"line":1510,"column":null}},"238":{"start":{"line":1511,"column":6},"end":{"line":1511,"column":null}},"239":{"start":{"line":1514,"column":4},"end":{"line":1514,"column":null}},"240":{"start":{"line":1520,"column":24},"end":{"line":1542,"column":3}},"241":{"start":{"line":1545,"column":2},"end":{"line":1549,"column":null}},"242":{"start":{"line":1546,"column":4},"end":{"line":1546,"column":null}},"243":{"start":{"line":1548,"column":4},"end":{"line":1548,"column":null}}},"fnMap":{"0":{"name":"(anonymous_0)","decl":{"start":{"line":63,"column":1},"end":{"line":63,"column":9}},"loc":{"start":{"line":63,"column":19},"end":{"line":1551,"column":1}},"line":63},"1":{"name":"getWireGaugeData","decl":{"start":{"line":226,"column":11},"end":{"line":226,"column":27}},"loc":{"start":{"line":226,"column":33},"end":{"line":229,"column":null}},"line":226},"2":{"name":"(anonymous_2)","decl":{"start":{"line":228,"column":33},"end":{"line":228,"column":34}},"loc":{"start":{"line":228,"column":42},"end":{"line":228,"column":57}},"line":228},"3":{"name":"(anonymous_3)","decl":{"start":{"line":708,"column":19},"end":{"line":708,"column":20}},"loc":{"start":{"line":708,"column":39},"end":{"line":708,"column":93}},"line":708},"4":{"name":"(anonymous_4)","decl":{"start":{"line":713,"column":20},"end":{"line":713,"column":21}},"loc":{"start":{"line":714,"column":12},"end":{"line":714,"column":91}},"line":714},"5":{"name":"(anonymous_5)","decl":{"start":{"line":721,"column":19},"end":{"line":721,"column":20}},"loc":{"start":{"line":721,"column":32},"end":{"line":721,"column":62}},"line":721},"6":{"name":"(anonymous_6)","decl":{"start":{"line":722,"column":20},"end":{"line":722,"column":21}},"loc":{"start":{"line":722,"column":33},"end":{"line":722,"column":85}},"line":722},"7":{"name":"(anonymous_7)","decl":{"start":{"line":733,"column":19},"end":{"line":733,"column":20}},"loc":{"start":{"line":733,"column":39},"end":{"line":733,"column":96}},"line":733},"8":{"name":"(anonymous_8)","decl":{"start":{"line":734,"column":20},"end":{"line":734,"column":21}},"loc":{"start":{"line":735,"column":12},"end":{"line":735,"column":90}},"line":735},"9":{"name":"(anonymous_9)","decl":{"start":{"line":742,"column":19},"end":{"line":742,"column":20}},"loc":{"start":{"line":742,"column":32},"end":{"line":742,"column":62}},"line":742},"10":{"name":"(anonymous_10)","decl":{"start":{"line":743,"column":20},"end":{"line":743,"column":21}},"loc":{"start":{"line":743,"column":33},"end":{"line":743,"column":85}},"line":743},"11":{"name":"(anonymous_11)","decl":{"start":{"line":754,"column":19},"end":{"line":754,"column":20}},"loc":{"start":{"line":754,"column":39},"end":{"line":754,"column":92}},"line":754},"12":{"name":"(anonymous_12)","decl":{"start":{"line":755,"column":20},"end":{"line":755,"column":21}},"loc":{"start":{"line":756,"column":12},"end":{"line":756,"column":86}},"line":756},"13":{"name":"(anonymous_13)","decl":{"start":{"line":763,"column":19},"end":{"line":763,"column":20}},"loc":{"start":{"line":763,"column":32},"end":{"line":763,"column":62}},"line":763},"14":{"name":"(anonymous_14)","decl":{"start":{"line":764,"column":20},"end":{"line":764,"column":21}},"loc":{"start":{"line":764,"column":33},"end":{"line":764,"column":85}},"line":764},"15":{"name":"(anonymous_15)","decl":{"start":{"line":775,"column":19},"end":{"line":775,"column":20}},"loc":{"start":{"line":775,"column":39},"end":{"line":775,"column":86}},"line":775},"16":{"name":"(anonymous_16)","decl":{"start":{"line":776,"column":20},"end":{"line":776,"column":21}},"loc":{"start":{"line":777,"column":12},"end":{"line":777,"column":80}},"line":777},"17":{"name":"(anonymous_17)","decl":{"start":{"line":784,"column":19},"end":{"line":784,"column":20}},"loc":{"start":{"line":784,"column":39},"end":{"line":784,"column":93}},"line":784},"18":{"name":"(anonymous_18)","decl":{"start":{"line":785,"column":20},"end":{"line":785,"column":21}},"loc":{"start":{"line":786,"column":12},"end":{"line":786,"column":87}},"line":786},"19":{"name":"(anonymous_19)","decl":{"start":{"line":793,"column":19},"end":{"line":793,"column":20}},"loc":{"start":{"line":793,"column":39},"end":{"line":793,"column":89}},"line":793},"20":{"name":"(anonymous_20)","decl":{"start":{"line":794,"column":20},"end":{"line":794,"column":21}},"loc":{"start":{"line":794,"column":40},"end":{"line":794,"column":92}},"line":794},"21":{"name":"(anonymous_21)","decl":{"start":{"line":805,"column":19},"end":{"line":805,"column":20}},"loc":{"start":{"line":805,"column":39},"end":{"line":805,"column":88}},"line":805},"22":{"name":"(anonymous_22)","decl":{"start":{"line":806,"column":20},"end":{"line":806,"column":21}},"loc":{"start":{"line":807,"column":12},"end":{"line":807,"column":82}},"line":807},"23":{"name":"(anonymous_23)","decl":{"start":{"line":814,"column":19},"end":{"line":814,"column":20}},"loc":{"start":{"line":814,"column":32},"end":{"line":814,"column":61}},"line":814},"24":{"name":"(anonymous_24)","decl":{"start":{"line":815,"column":20},"end":{"line":815,"column":21}},"loc":{"start":{"line":815,"column":33},"end":{"line":815,"column":84}},"line":815},"25":{"name":"(anonymous_25)","decl":{"start":{"line":826,"column":19},"end":{"line":826,"column":20}},"loc":{"start":{"line":826,"column":39},"end":{"line":826,"column":89}},"line":826},"26":{"name":"(anonymous_26)","decl":{"start":{"line":827,"column":20},"end":{"line":827,"column":21}},"loc":{"start":{"line":828,"column":12},"end":{"line":828,"column":81}},"line":828},"27":{"name":"(anonymous_27)","decl":{"start":{"line":835,"column":19},"end":{"line":835,"column":20}},"loc":{"start":{"line":835,"column":32},"end":{"line":835,"column":62}},"line":835},"28":{"name":"(anonymous_28)","decl":{"start":{"line":836,"column":20},"end":{"line":836,"column":21}},"loc":{"start":{"line":836,"column":33},"end":{"line":836,"column":85}},"line":836},"29":{"name":"(anonymous_29)","decl":{"start":{"line":847,"column":19},"end":{"line":847,"column":20}},"loc":{"start":{"line":847,"column":32},"end":{"line":847,"column":62}},"line":847},"30":{"name":"(anonymous_30)","decl":{"start":{"line":848,"column":20},"end":{"line":848,"column":21}},"loc":{"start":{"line":848,"column":33},"end":{"line":848,"column":85}},"line":848},"31":{"name":"(anonymous_31)","decl":{"start":{"line":859,"column":19},"end":{"line":859,"column":20}},"loc":{"start":{"line":859,"column":32},"end":{"line":859,"column":62}},"line":859},"32":{"name":"(anonymous_32)","decl":{"start":{"line":860,"column":20},"end":{"line":860,"column":21}},"loc":{"start":{"line":860,"column":33},"end":{"line":860,"column":86}},"line":860},"33":{"name":"(anonymous_33)","decl":{"start":{"line":871,"column":19},"end":{"line":871,"column":20}},"loc":{"start":{"line":871,"column":39},"end":{"line":871,"column":87}},"line":871},"34":{"name":"(anonymous_34)","decl":{"start":{"line":872,"column":20},"end":{"line":872,"column":21}},"loc":{"start":{"line":873,"column":12},"end":{"line":873,"column":81}},"line":873},"35":{"name":"(anonymous_35)","decl":{"start":{"line":880,"column":19},"end":{"line":880,"column":20}},"loc":{"start":{"line":880,"column":39},"end":{"line":880,"column":94}},"line":880},"36":{"name":"(anonymous_36)","decl":{"start":{"line":881,"column":20},"end":{"line":881,"column":21}},"loc":{"start":{"line":882,"column":12},"end":{"line":882,"column":87}},"line":882},"37":{"name":"(anonymous_37)","decl":{"start":{"line":889,"column":19},"end":{"line":889,"column":20}},"loc":{"start":{"line":889,"column":39},"end":{"line":889,"column":89}},"line":889},"38":{"name":"(anonymous_38)","decl":{"start":{"line":890,"column":20},"end":{"line":890,"column":21}},"loc":{"start":{"line":890,"column":40},"end":{"line":890,"column":92}},"line":890},"39":{"name":"(anonymous_39)","decl":{"start":{"line":901,"column":19},"end":{"line":901,"column":20}},"loc":{"start":{"line":901,"column":39},"end":{"line":901,"column":89}},"line":901},"40":{"name":"(anonymous_40)","decl":{"start":{"line":902,"column":20},"end":{"line":902,"column":21}},"loc":{"start":{"line":903,"column":12},"end":{"line":903,"column":83}},"line":903},"41":{"name":"(anonymous_41)","decl":{"start":{"line":910,"column":19},"end":{"line":910,"column":20}},"loc":{"start":{"line":910,"column":39},"end":{"line":910,"column":100}},"line":910},"42":{"name":"(anonymous_42)","decl":{"start":{"line":911,"column":20},"end":{"line":911,"column":21}},"loc":{"start":{"line":912,"column":12},"end":{"line":912,"column":94}},"line":912},"43":{"name":"(anonymous_43)","decl":{"start":{"line":923,"column":19},"end":{"line":923,"column":20}},"loc":{"start":{"line":923,"column":39},"end":{"line":923,"column":98}},"line":923},"44":{"name":"(anonymous_44)","decl":{"start":{"line":924,"column":20},"end":{"line":924,"column":21}},"loc":{"start":{"line":925,"column":12},"end":{"line":925,"column":90}},"line":925},"45":{"name":"(anonymous_45)","decl":{"start":{"line":936,"column":19},"end":{"line":936,"column":20}},"loc":{"start":{"line":936,"column":39},"end":{"line":936,"column":99}},"line":936},"46":{"name":"(anonymous_46)","decl":{"start":{"line":937,"column":20},"end":{"line":937,"column":21}},"loc":{"start":{"line":938,"column":12},"end":{"line":938,"column":93}},"line":938},"47":{"name":"(anonymous_47)","decl":{"start":{"line":945,"column":19},"end":{"line":945,"column":20}},"loc":{"start":{"line":945,"column":32},"end":{"line":945,"column":62}},"line":945},"48":{"name":"(anonymous_48)","decl":{"start":{"line":946,"column":20},"end":{"line":946,"column":21}},"loc":{"start":{"line":946,"column":33},"end":{"line":946,"column":85}},"line":946},"49":{"name":"(anonymous_49)","decl":{"start":{"line":957,"column":19},"end":{"line":957,"column":20}},"loc":{"start":{"line":957,"column":39},"end":{"line":957,"column":89}},"line":957},"50":{"name":"(anonymous_50)","decl":{"start":{"line":958,"column":20},"end":{"line":958,"column":21}},"loc":{"start":{"line":958,"column":40},"end":{"line":958,"column":92}},"line":958},"51":{"name":"(anonymous_51)","decl":{"start":{"line":965,"column":19},"end":{"line":965,"column":20}},"loc":{"start":{"line":965,"column":39},"end":{"line":965,"column":91}},"line":965},"52":{"name":"(anonymous_52)","decl":{"start":{"line":966,"column":20},"end":{"line":966,"column":21}},"loc":{"start":{"line":967,"column":12},"end":{"line":967,"column":83}},"line":967},"53":{"name":"(anonymous_53)","decl":{"start":{"line":978,"column":19},"end":{"line":978,"column":20}},"loc":{"start":{"line":978,"column":39},"end":{"line":978,"column":98}},"line":978},"54":{"name":"(anonymous_54)","decl":{"start":{"line":979,"column":20},"end":{"line":979,"column":21}},"loc":{"start":{"line":980,"column":12},"end":{"line":980,"column":92}},"line":980},"55":{"name":"(anonymous_55)","decl":{"start":{"line":987,"column":19},"end":{"line":987,"column":20}},"loc":{"start":{"line":987,"column":32},"end":{"line":987,"column":62}},"line":987},"56":{"name":"(anonymous_56)","decl":{"start":{"line":988,"column":20},"end":{"line":988,"column":21}},"loc":{"start":{"line":988,"column":33},"end":{"line":988,"column":84}},"line":988},"57":{"name":"(anonymous_57)","decl":{"start":{"line":999,"column":19},"end":{"line":999,"column":20}},"loc":{"start":{"line":999,"column":39},"end":{"line":1004,"column":11}},"line":999},"58":{"name":"(anonymous_58)","decl":{"start":{"line":1005,"column":20},"end":{"line":1005,"column":21}},"loc":{"start":{"line":1005,"column":40},"end":{"line":1010,"column":11}},"line":1005},"59":{"name":"(anonymous_59)","decl":{"start":{"line":1017,"column":19},"end":{"line":1017,"column":20}},"loc":{"start":{"line":1017,"column":39},"end":{"line":1017,"column":95}},"line":1017},"60":{"name":"(anonymous_60)","decl":{"start":{"line":1018,"column":20},"end":{"line":1018,"column":21}},"loc":{"start":{"line":1019,"column":12},"end":{"line":1019,"column":89}},"line":1019},"61":{"name":"(anonymous_61)","decl":{"start":{"line":1030,"column":19},"end":{"line":1030,"column":20}},"loc":{"start":{"line":1030,"column":39},"end":{"line":1030,"column":92}},"line":1030},"62":{"name":"(anonymous_62)","decl":{"start":{"line":1031,"column":20},"end":{"line":1031,"column":21}},"loc":{"start":{"line":1032,"column":12},"end":{"line":1032,"column":86}},"line":1032},"63":{"name":"(anonymous_63)","decl":{"start":{"line":1043,"column":19},"end":{"line":1043,"column":20}},"loc":{"start":{"line":1043,"column":39},"end":{"line":1043,"column":95}},"line":1043},"64":{"name":"(anonymous_64)","decl":{"start":{"line":1044,"column":20},"end":{"line":1044,"column":21}},"loc":{"start":{"line":1045,"column":12},"end":{"line":1045,"column":89}},"line":1045},"65":{"name":"(anonymous_65)","decl":{"start":{"line":1056,"column":19},"end":{"line":1056,"column":20}},"loc":{"start":{"line":1056,"column":39},"end":{"line":1056,"column":94}},"line":1056},"66":{"name":"(anonymous_66)","decl":{"start":{"line":1057,"column":20},"end":{"line":1057,"column":21}},"loc":{"start":{"line":1058,"column":12},"end":{"line":1058,"column":86}},"line":1058},"67":{"name":"(anonymous_67)","decl":{"start":{"line":1065,"column":19},"end":{"line":1065,"column":20}},"loc":{"start":{"line":1065,"column":32},"end":{"line":1065,"column":62}},"line":1065},"68":{"name":"(anonymous_68)","decl":{"start":{"line":1066,"column":20},"end":{"line":1066,"column":21}},"loc":{"start":{"line":1066,"column":33},"end":{"line":1066,"column":84}},"line":1066},"69":{"name":"(anonymous_69)","decl":{"start":{"line":1077,"column":19},"end":{"line":1077,"column":20}},"loc":{"start":{"line":1077,"column":32},"end":{"line":1077,"column":61}},"line":1077},"70":{"name":"(anonymous_70)","decl":{"start":{"line":1078,"column":20},"end":{"line":1078,"column":21}},"loc":{"start":{"line":1078,"column":33},"end":{"line":1078,"column":84}},"line":1078},"71":{"name":"(anonymous_71)","decl":{"start":{"line":1089,"column":19},"end":{"line":1089,"column":20}},"loc":{"start":{"line":1089,"column":32},"end":{"line":1089,"column":62}},"line":1089},"72":{"name":"(anonymous_72)","decl":{"start":{"line":1090,"column":20},"end":{"line":1090,"column":21}},"loc":{"start":{"line":1090,"column":33},"end":{"line":1090,"column":84}},"line":1090},"73":{"name":"(anonymous_73)","decl":{"start":{"line":1101,"column":19},"end":{"line":1101,"column":20}},"loc":{"start":{"line":1101,"column":32},"end":{"line":1101,"column":64}},"line":1101},"74":{"name":"(anonymous_74)","decl":{"start":{"line":1102,"column":20},"end":{"line":1102,"column":21}},"loc":{"start":{"line":1102,"column":33},"end":{"line":1102,"column":84}},"line":1102},"75":{"name":"(anonymous_75)","decl":{"start":{"line":1118,"column":19},"end":{"line":1118,"column":20}},"loc":{"start":{"line":1118,"column":39},"end":{"line":1127,"column":11}},"line":1118},"76":{"name":"(anonymous_76)","decl":{"start":{"line":1129,"column":20},"end":{"line":1129,"column":21}},"loc":{"start":{"line":1129,"column":40},"end":{"line":1132,"column":11}},"line":1129},"77":{"name":"(anonymous_77)","decl":{"start":{"line":1144,"column":19},"end":{"line":1144,"column":20}},"loc":{"start":{"line":1144,"column":39},"end":{"line":1149,"column":11}},"line":1144},"78":{"name":"(anonymous_78)","decl":{"start":{"line":1153,"column":20},"end":{"line":1153,"column":21}},"loc":{"start":{"line":1153,"column":40},"end":{"line":1158,"column":11}},"line":1153},"79":{"name":"(anonymous_79)","decl":{"start":{"line":1168,"column":19},"end":{"line":1168,"column":20}},"loc":{"start":{"line":1168,"column":39},"end":{"line":1172,"column":11}},"line":1168},"80":{"name":"(anonymous_80)","decl":{"start":{"line":1173,"column":20},"end":{"line":1173,"column":21}},"loc":{"start":{"line":1173,"column":40},"end":{"line":1178,"column":11}},"line":1173},"81":{"name":"(anonymous_81)","decl":{"start":{"line":1189,"column":19},"end":{"line":1189,"column":20}},"loc":{"start":{"line":1189,"column":32},"end":{"line":1189,"column":62}},"line":1189},"82":{"name":"(anonymous_82)","decl":{"start":{"line":1190,"column":20},"end":{"line":1190,"column":21}},"loc":{"start":{"line":1190,"column":33},"end":{"line":1190,"column":84}},"line":1190},"83":{"name":"(anonymous_83)","decl":{"start":{"line":1197,"column":19},"end":{"line":1197,"column":20}},"loc":{"start":{"line":1197,"column":39},"end":{"line":1197,"column":99}},"line":1197},"84":{"name":"(anonymous_84)","decl":{"start":{"line":1198,"column":20},"end":{"line":1198,"column":21}},"loc":{"start":{"line":1199,"column":12},"end":{"line":1199,"column":93}},"line":1199},"85":{"name":"resolveComponentFamily","decl":{"start":{"line":1217,"column":11},"end":{"line":1217,"column":33}},"loc":{"start":{"line":1217,"column":50},"end":{"line":1259,"column":null}},"line":1217},"86":{"name":"detectFailure","decl":{"start":{"line":1268,"column":11},"end":{"line":1268,"column":24}},"loc":{"start":{"line":1268,"column":45},"end":{"line":1317,"column":null}},"line":1268},"87":{"name":"registerComponentType","decl":{"start":{"line":1330,"column":11},"end":{"line":1330,"column":32}},"loc":{"start":{"line":1330,"column":45},"end":{"line":1353,"column":null}},"line":1330},"88":{"name":"registerFailureProfile","decl":{"start":{"line":1359,"column":11},"end":{"line":1359,"column":33}},"loc":{"start":{"line":1359,"column":47},"end":{"line":1371,"column":null}},"line":1359},"89":{"name":"loadCompositions","decl":{"start":{"line":1395,"column":11},"end":{"line":1395,"column":27}},"loc":{"start":{"line":1395,"column":53},"end":{"line":1413,"column":null}},"line":1395},"90":{"name":"(anonymous_90)","decl":{"start":{"line":1401,"column":25},"end":{"line":1401,"column":26}},"loc":{"start":{"line":1401,"column":35},"end":{"line":1412,"column":5}},"line":1401},"91":{"name":"(anonymous_91)","decl":{"start":{"line":1407,"column":31},"end":{"line":1407,"column":32}},"loc":{"start":{"line":1407,"column":42},"end":{"line":1409,"column":11}},"line":1407},"92":{"name":"getCompositionThresholds","decl":{"start":{"line":1427,"column":11},"end":{"line":1427,"column":35}},"loc":{"start":{"line":1427,"column":49},"end":{"line":1464,"column":null}},"line":1427},"93":{"name":"(anonymous_93)","decl":{"start":{"line":1433,"column":32},"end":{"line":1433,"column":33}},"loc":{"start":{"line":1433,"column":39},"end":{"line":1433,"column":51}},"line":1433},"94":{"name":"(anonymous_94)","decl":{"start":{"line":1448,"column":33},"end":{"line":1448,"column":34}},"loc":{"start":{"line":1448,"column":42},"end":{"line":1453,"column":7}},"line":1448},"95":{"name":"detectFailureWithComposition","decl":{"start":{"line":1469,"column":11},"end":{"line":1469,"column":39}},"loc":{"start":{"line":1469,"column":60},"end":{"line":1515,"column":null}},"line":1469}},"branchMap":{"0":{"loc":{"start":{"line":227,"column":4},"end":{"line":227,"column":null}},"type":"if","locations":[{"start":{"line":227,"column":4},"end":{"line":227,"column":null}},{"start":{},"end":{}}],"line":227},"1":{"loc":{"start":{"line":228,"column":11},"end":{"line":228,"column":66}},"type":"binary-expr","locations":[{"start":{"line":228,"column":11},"end":{"line":228,"column":58}},{"start":{"line":228,"column":62},"end":{"line":228,"column":66}}],"line":228},"2":{"loc":{"start":{"line":708,"column":67},"end":{"line":708,"column":92}},"type":"binary-expr","locations":[{"start":{"line":708,"column":67},"end":{"line":708,"column":84}},{"start":{"line":708,"column":88},"end":{"line":708,"column":92}}],"line":708},"3":{"loc":{"start":{"line":714,"column":51},"end":{"line":714,"column":76}},"type":"binary-expr","locations":[{"start":{"line":714,"column":51},"end":{"line":714,"column":68}},{"start":{"line":714,"column":72},"end":{"line":714,"column":76}}],"line":714},"4":{"loc":{"start":{"line":733,"column":67},"end":{"line":733,"column":89}},"type":"binary-expr","locations":[{"start":{"line":733,"column":67},"end":{"line":733,"column":83}},{"start":{"line":733,"column":87},"end":{"line":733,"column":89}}],"line":733},"5":{"loc":{"start":{"line":735,"column":51},"end":{"line":735,"column":73}},"type":"binary-expr","locations":[{"start":{"line":735,"column":51},"end":{"line":735,"column":67}},{"start":{"line":735,"column":71},"end":{"line":735,"column":73}}],"line":735},"6":{"loc":{"start":{"line":754,"column":61},"end":{"line":754,"column":85}},"type":"binary-expr","locations":[{"start":{"line":754,"column":61},"end":{"line":754,"column":77}},{"start":{"line":754,"column":81},"end":{"line":754,"column":85}}],"line":754},"7":{"loc":{"start":{"line":756,"column":45},"end":{"line":756,"column":69}},"type":"binary-expr","locations":[{"start":{"line":756,"column":45},"end":{"line":756,"column":61}},{"start":{"line":756,"column":65},"end":{"line":756,"column":69}}],"line":756},"8":{"loc":{"start":{"line":775,"column":61},"end":{"line":775,"column":79}},"type":"binary-expr","locations":[{"start":{"line":775,"column":61},"end":{"line":775,"column":73}},{"start":{"line":775,"column":77},"end":{"line":775,"column":79}}],"line":775},"9":{"loc":{"start":{"line":777,"column":45},"end":{"line":777,"column":63}},"type":"binary-expr","locations":[{"start":{"line":777,"column":45},"end":{"line":777,"column":57}},{"start":{"line":777,"column":61},"end":{"line":777,"column":63}}],"line":777},"10":{"loc":{"start":{"line":784,"column":67},"end":{"line":784,"column":86}},"type":"binary-expr","locations":[{"start":{"line":784,"column":67},"end":{"line":784,"column":80}},{"start":{"line":784,"column":84},"end":{"line":784,"column":86}}],"line":784},"11":{"loc":{"start":{"line":786,"column":51},"end":{"line":786,"column":70}},"type":"binary-expr","locations":[{"start":{"line":786,"column":51},"end":{"line":786,"column":64}},{"start":{"line":786,"column":68},"end":{"line":786,"column":70}}],"line":786},"12":{"loc":{"start":{"line":793,"column":67},"end":{"line":793,"column":88}},"type":"binary-expr","locations":[{"start":{"line":793,"column":67},"end":{"line":793,"column":81}},{"start":{"line":793,"column":85},"end":{"line":793,"column":88}}],"line":793},"13":{"loc":{"start":{"line":805,"column":67},"end":{"line":805,"column":87}},"type":"binary-expr","locations":[{"start":{"line":805,"column":67},"end":{"line":805,"column":81}},{"start":{"line":805,"column":85},"end":{"line":805,"column":87}}],"line":805},"14":{"loc":{"start":{"line":807,"column":50},"end":{"line":807,"column":70}},"type":"binary-expr","locations":[{"start":{"line":807,"column":50},"end":{"line":807,"column":64}},{"start":{"line":807,"column":68},"end":{"line":807,"column":70}}],"line":807},"15":{"loc":{"start":{"line":826,"column":61},"end":{"line":826,"column":82}},"type":"binary-expr","locations":[{"start":{"line":826,"column":61},"end":{"line":826,"column":77}},{"start":{"line":826,"column":81},"end":{"line":826,"column":82}}],"line":826},"16":{"loc":{"start":{"line":828,"column":45},"end":{"line":828,"column":66}},"type":"binary-expr","locations":[{"start":{"line":828,"column":45},"end":{"line":828,"column":61}},{"start":{"line":828,"column":65},"end":{"line":828,"column":66}}],"line":828},"17":{"loc":{"start":{"line":871,"column":61},"end":{"line":871,"column":80}},"type":"binary-expr","locations":[{"start":{"line":871,"column":61},"end":{"line":871,"column":73}},{"start":{"line":871,"column":77},"end":{"line":871,"column":80}}],"line":871},"18":{"loc":{"start":{"line":873,"column":45},"end":{"line":873,"column":64}},"type":"binary-expr","locations":[{"start":{"line":873,"column":45},"end":{"line":873,"column":57}},{"start":{"line":873,"column":61},"end":{"line":873,"column":64}}],"line":873},"19":{"loc":{"start":{"line":880,"column":67},"end":{"line":880,"column":86}},"type":"binary-expr","locations":[{"start":{"line":880,"column":67},"end":{"line":880,"column":80}},{"start":{"line":880,"column":84},"end":{"line":880,"column":86}}],"line":880},"20":{"loc":{"start":{"line":882,"column":51},"end":{"line":882,"column":70}},"type":"binary-expr","locations":[{"start":{"line":882,"column":51},"end":{"line":882,"column":64}},{"start":{"line":882,"column":68},"end":{"line":882,"column":70}}],"line":882},"21":{"loc":{"start":{"line":889,"column":67},"end":{"line":889,"column":88}},"type":"binary-expr","locations":[{"start":{"line":889,"column":67},"end":{"line":889,"column":81}},{"start":{"line":889,"column":85},"end":{"line":889,"column":88}}],"line":889},"22":{"loc":{"start":{"line":901,"column":61},"end":{"line":901,"column":82}},"type":"binary-expr","locations":[{"start":{"line":901,"column":61},"end":{"line":901,"column":77}},{"start":{"line":901,"column":81},"end":{"line":901,"column":82}}],"line":901},"23":{"loc":{"start":{"line":903,"column":45},"end":{"line":903,"column":66}},"type":"binary-expr","locations":[{"start":{"line":903,"column":45},"end":{"line":903,"column":61}},{"start":{"line":903,"column":65},"end":{"line":903,"column":66}}],"line":903},"24":{"loc":{"start":{"line":910,"column":67},"end":{"line":910,"column":93}},"type":"binary-expr","locations":[{"start":{"line":910,"column":67},"end":{"line":910,"column":87}},{"start":{"line":910,"column":91},"end":{"line":910,"column":93}}],"line":910},"25":{"loc":{"start":{"line":912,"column":51},"end":{"line":912,"column":77}},"type":"binary-expr","locations":[{"start":{"line":912,"column":51},"end":{"line":912,"column":71}},{"start":{"line":912,"column":75},"end":{"line":912,"column":77}}],"line":912},"26":{"loc":{"start":{"line":923,"column":67},"end":{"line":923,"column":91}},"type":"binary-expr","locations":[{"start":{"line":923,"column":67},"end":{"line":923,"column":84}},{"start":{"line":923,"column":88},"end":{"line":923,"column":91}}],"line":923},"27":{"loc":{"start":{"line":925,"column":51},"end":{"line":925,"column":75}},"type":"binary-expr","locations":[{"start":{"line":925,"column":51},"end":{"line":925,"column":68}},{"start":{"line":925,"column":72},"end":{"line":925,"column":75}}],"line":925},"28":{"loc":{"start":{"line":936,"column":67},"end":{"line":936,"column":92}},"type":"binary-expr","locations":[{"start":{"line":936,"column":67},"end":{"line":936,"column":86}},{"start":{"line":936,"column":90},"end":{"line":936,"column":92}}],"line":936},"29":{"loc":{"start":{"line":938,"column":51},"end":{"line":938,"column":76}},"type":"binary-expr","locations":[{"start":{"line":938,"column":51},"end":{"line":938,"column":70}},{"start":{"line":938,"column":74},"end":{"line":938,"column":76}}],"line":938},"30":{"loc":{"start":{"line":957,"column":67},"end":{"line":957,"column":88}},"type":"binary-expr","locations":[{"start":{"line":957,"column":67},"end":{"line":957,"column":81}},{"start":{"line":957,"column":85},"end":{"line":957,"column":88}}],"line":957},"31":{"loc":{"start":{"line":965,"column":61},"end":{"line":965,"column":84}},"type":"binary-expr","locations":[{"start":{"line":965,"column":61},"end":{"line":965,"column":77}},{"start":{"line":965,"column":81},"end":{"line":965,"column":84}}],"line":965},"32":{"loc":{"start":{"line":967,"column":45},"end":{"line":967,"column":68}},"type":"binary-expr","locations":[{"start":{"line":967,"column":45},"end":{"line":967,"column":61}},{"start":{"line":967,"column":65},"end":{"line":967,"column":68}}],"line":967},"33":{"loc":{"start":{"line":978,"column":67},"end":{"line":978,"column":91}},"type":"binary-expr","locations":[{"start":{"line":978,"column":67},"end":{"line":978,"column":86}},{"start":{"line":978,"column":90},"end":{"line":978,"column":91}}],"line":978},"34":{"loc":{"start":{"line":980,"column":51},"end":{"line":980,"column":75}},"type":"binary-expr","locations":[{"start":{"line":980,"column":51},"end":{"line":980,"column":70}},{"start":{"line":980,"column":74},"end":{"line":980,"column":75}}],"line":980},"35":{"loc":{"start":{"line":1000,"column":26},"end":{"line":1000,"column":52}},"type":"binary-expr","locations":[{"start":{"line":1000,"column":26},"end":{"line":1000,"column":46}},{"start":{"line":1000,"column":50},"end":{"line":1000,"column":52}}],"line":1000},"36":{"loc":{"start":{"line":1001,"column":26},"end":{"line":1001,"column":74}},"type":"cond-expr","locations":[{"start":{"line":1001,"column":38},"end":{"line":1001,"column":70}},{"start":{"line":1001,"column":73},"end":{"line":1001,"column":74}}],"line":1001},"37":{"loc":{"start":{"line":1002,"column":27},"end":{"line":1002,"column":100}},"type":"cond-expr","locations":[{"start":{"line":1002,"column":68},"end":{"line":1002,"column":93}},{"start":{"line":1002,"column":96},"end":{"line":1002,"column":100}}],"line":1002},"38":{"loc":{"start":{"line":1002,"column":27},"end":{"line":1002,"column":65}},"type":"binary-expr","locations":[{"start":{"line":1002,"column":27},"end":{"line":1002,"column":52}},{"start":{"line":1002,"column":56},"end":{"line":1002,"column":65}}],"line":1002},"39":{"loc":{"start":{"line":1006,"column":26},"end":{"line":1006,"column":52}},"type":"binary-expr","locations":[{"start":{"line":1006,"column":26},"end":{"line":1006,"column":46}},{"start":{"line":1006,"column":50},"end":{"line":1006,"column":52}}],"line":1006},"40":{"loc":{"start":{"line":1007,"column":26},"end":{"line":1007,"column":74}},"type":"cond-expr","locations":[{"start":{"line":1007,"column":38},"end":{"line":1007,"column":70}},{"start":{"line":1007,"column":73},"end":{"line":1007,"column":74}}],"line":1007},"41":{"loc":{"start":{"line":1008,"column":27},"end":{"line":1008,"column":100}},"type":"cond-expr","locations":[{"start":{"line":1008,"column":68},"end":{"line":1008,"column":93}},{"start":{"line":1008,"column":96},"end":{"line":1008,"column":100}}],"line":1008},"42":{"loc":{"start":{"line":1008,"column":27},"end":{"line":1008,"column":65}},"type":"binary-expr","locations":[{"start":{"line":1008,"column":27},"end":{"line":1008,"column":52}},{"start":{"line":1008,"column":56},"end":{"line":1008,"column":65}}],"line":1008},"43":{"loc":{"start":{"line":1017,"column":61},"end":{"line":1017,"column":88}},"type":"binary-expr","locations":[{"start":{"line":1017,"column":61},"end":{"line":1017,"column":83}},{"start":{"line":1017,"column":87},"end":{"line":1017,"column":88}}],"line":1017},"44":{"loc":{"start":{"line":1019,"column":45},"end":{"line":1019,"column":72}},"type":"binary-expr","locations":[{"start":{"line":1019,"column":45},"end":{"line":1019,"column":67}},{"start":{"line":1019,"column":71},"end":{"line":1019,"column":72}}],"line":1019},"45":{"loc":{"start":{"line":1030,"column":61},"end":{"line":1030,"column":85}},"type":"binary-expr","locations":[{"start":{"line":1030,"column":61},"end":{"line":1030,"column":80}},{"start":{"line":1030,"column":84},"end":{"line":1030,"column":85}}],"line":1030},"46":{"loc":{"start":{"line":1032,"column":45},"end":{"line":1032,"column":69}},"type":"binary-expr","locations":[{"start":{"line":1032,"column":45},"end":{"line":1032,"column":64}},{"start":{"line":1032,"column":68},"end":{"line":1032,"column":69}}],"line":1032},"47":{"loc":{"start":{"line":1043,"column":67},"end":{"line":1043,"column":88}},"type":"binary-expr","locations":[{"start":{"line":1043,"column":67},"end":{"line":1043,"column":83}},{"start":{"line":1043,"column":87},"end":{"line":1043,"column":88}}],"line":1043},"48":{"loc":{"start":{"line":1045,"column":51},"end":{"line":1045,"column":72}},"type":"binary-expr","locations":[{"start":{"line":1045,"column":51},"end":{"line":1045,"column":67}},{"start":{"line":1045,"column":71},"end":{"line":1045,"column":72}}],"line":1045},"49":{"loc":{"start":{"line":1056,"column":61},"end":{"line":1056,"column":87}},"type":"binary-expr","locations":[{"start":{"line":1056,"column":61},"end":{"line":1056,"column":80}},{"start":{"line":1056,"column":84},"end":{"line":1056,"column":87}}],"line":1056},"50":{"loc":{"start":{"line":1058,"column":45},"end":{"line":1058,"column":71}},"type":"binary-expr","locations":[{"start":{"line":1058,"column":45},"end":{"line":1058,"column":64}},{"start":{"line":1058,"column":68},"end":{"line":1058,"column":71}}],"line":1058},"51":{"loc":{"start":{"line":1119,"column":29},"end":{"line":1119,"column":125}},"type":"binary-expr","locations":[{"start":{"line":1119,"column":29},"end":{"line":1119,"column":44}},{"start":{"line":1119,"column":48},"end":{"line":1119,"column":70}},{"start":{"line":1119,"column":74},"end":{"line":1119,"column":119}},{"start":{"line":1119,"column":123},"end":{"line":1119,"column":125}}],"line":1119},"52":{"loc":{"start":{"line":1120,"column":37},"end":{"line":1123,"column":57}},"type":"binary-expr","locations":[{"start":{"line":1120,"column":37},"end":{"line":1120,"column":null}},{"start":{"line":1121,"column":17},"end":{"line":1121,"column":null}},{"start":{"line":1122,"column":17},"end":{"line":1122,"column":null}},{"start":{"line":1123,"column":17},"end":{"line":1123,"column":57}}],"line":1120},"53":{"loc":{"start":{"line":1124,"column":19},"end":{"line":1126,"column":45}},"type":"cond-expr","locations":[{"start":{"line":1125,"column":16},"end":{"line":1125,"column":null}},{"start":{"line":1126,"column":16},"end":{"line":1126,"column":45}}],"line":1124},"54":{"loc":{"start":{"line":1130,"column":29},"end":{"line":1130,"column":125}},"type":"binary-expr","locations":[{"start":{"line":1130,"column":29},"end":{"line":1130,"column":44}},{"start":{"line":1130,"column":48},"end":{"line":1130,"column":70}},{"start":{"line":1130,"column":74},"end":{"line":1130,"column":119}},{"start":{"line":1130,"column":123},"end":{"line":1130,"column":125}}],"line":1130},"55":{"loc":{"start":{"line":1145,"column":12},"end":{"line":1145,"column":null}},"type":"if","locations":[{"start":{"line":1145,"column":12},"end":{"line":1145,"column":null}},{"start":{},"end":{}}],"line":1145},"56":{"loc":{"start":{"line":1146,"column":30},"end":{"line":1146,"column":105}},"type":"cond-expr","locations":[{"start":{"line":1146,"column":54},"end":{"line":1146,"column":98}},{"start":{"line":1146,"column":101},"end":{"line":1146,"column":105}}],"line":1146},"57":{"loc":{"start":{"line":1147,"column":27},"end":{"line":1147,"column":85}},"type":"binary-expr","locations":[{"start":{"line":1147,"column":27},"end":{"line":1147,"column":51}},{"start":{"line":1147,"column":55},"end":{"line":1147,"column":79}},{"start":{"line":1147,"column":83},"end":{"line":1147,"column":85}}],"line":1147},"58":{"loc":{"start":{"line":1154,"column":30},"end":{"line":1154,"column":105}},"type":"cond-expr","locations":[{"start":{"line":1154,"column":54},"end":{"line":1154,"column":98}},{"start":{"line":1154,"column":101},"end":{"line":1154,"column":105}}],"line":1154},"59":{"loc":{"start":{"line":1155,"column":27},"end":{"line":1155,"column":85}},"type":"binary-expr","locations":[{"start":{"line":1155,"column":27},"end":{"line":1155,"column":51}},{"start":{"line":1155,"column":55},"end":{"line":1155,"column":79}},{"start":{"line":1155,"column":83},"end":{"line":1155,"column":85}}],"line":1155},"60":{"loc":{"start":{"line":1169,"column":30},"end":{"line":1169,"column":105}},"type":"cond-expr","locations":[{"start":{"line":1169,"column":54},"end":{"line":1169,"column":98}},{"start":{"line":1169,"column":101},"end":{"line":1169,"column":105}}],"line":1169},"61":{"loc":{"start":{"line":1170,"column":25},"end":{"line":1170,"column":75}},"type":"binary-expr","locations":[{"start":{"line":1170,"column":25},"end":{"line":1170,"column":42}},{"start":{"line":1170,"column":46},"end":{"line":1170,"column":68}},{"start":{"line":1170,"column":72},"end":{"line":1170,"column":75}}],"line":1170},"62":{"loc":{"start":{"line":1171,"column":19},"end":{"line":1171,"column":68}},"type":"binary-expr","locations":[{"start":{"line":1171,"column":19},"end":{"line":1171,"column":27}},{"start":{"line":1171,"column":31},"end":{"line":1171,"column":68}}],"line":1171},"63":{"loc":{"start":{"line":1174,"column":30},"end":{"line":1174,"column":105}},"type":"cond-expr","locations":[{"start":{"line":1174,"column":54},"end":{"line":1174,"column":98}},{"start":{"line":1174,"column":101},"end":{"line":1174,"column":105}}],"line":1174},"64":{"loc":{"start":{"line":1175,"column":25},"end":{"line":1175,"column":75}},"type":"binary-expr","locations":[{"start":{"line":1175,"column":25},"end":{"line":1175,"column":42}},{"start":{"line":1175,"column":46},"end":{"line":1175,"column":68}},{"start":{"line":1175,"column":72},"end":{"line":1175,"column":75}}],"line":1175},"65":{"loc":{"start":{"line":1176,"column":12},"end":{"line":1176,"column":null}},"type":"if","locations":[{"start":{"line":1176,"column":12},"end":{"line":1176,"column":null}},{"start":{},"end":{}}],"line":1176},"66":{"loc":{"start":{"line":1197,"column":67},"end":{"line":1197,"column":92}},"type":"binary-expr","locations":[{"start":{"line":1197,"column":67},"end":{"line":1197,"column":84}},{"start":{"line":1197,"column":88},"end":{"line":1197,"column":92}}],"line":1197},"67":{"loc":{"start":{"line":1199,"column":51},"end":{"line":1199,"column":76}},"type":"binary-expr","locations":[{"start":{"line":1199,"column":51},"end":{"line":1199,"column":68}},{"start":{"line":1199,"column":72},"end":{"line":1199,"column":76}}],"line":1199},"68":{"loc":{"start":{"line":1218,"column":4},"end":{"line":1220,"column":null}},"type":"if","locations":[{"start":{"line":1218,"column":4},"end":{"line":1220,"column":null}},{"start":{},"end":{}}],"line":1218},"69":{"loc":{"start":{"line":1218,"column":8},"end":{"line":1218,"column":47}},"type":"binary-expr","locations":[{"start":{"line":1218,"column":8},"end":{"line":1218,"column":16}},{"start":{"line":1218,"column":20},"end":{"line":1218,"column":47}}],"line":1218},"70":{"loc":{"start":{"line":1224,"column":4},"end":{"line":1226,"column":null}},"type":"if","locations":[{"start":{"line":1224,"column":4},"end":{"line":1226,"column":null}},{"start":{},"end":{}}],"line":1224},"71":{"loc":{"start":{"line":1229,"column":4},"end":{"line":1231,"column":null}},"type":"if","locations":[{"start":{"line":1229,"column":4},"end":{"line":1231,"column":null}},{"start":{},"end":{}}],"line":1229},"72":{"loc":{"start":{"line":1237,"column":6},"end":{"line":1237,"column":null}},"type":"if","locations":[{"start":{"line":1237,"column":6},"end":{"line":1237,"column":null}},{"start":{},"end":{}}],"line":1237},"73":{"loc":{"start":{"line":1238,"column":6},"end":{"line":1240,"column":null}},"type":"if","locations":[{"start":{"line":1238,"column":6},"end":{"line":1240,"column":null}},{"start":{},"end":{}}],"line":1238},"74":{"loc":{"start":{"line":1244,"column":4},"end":{"line":1256,"column":null}},"type":"if","locations":[{"start":{"line":1244,"column":4},"end":{"line":1256,"column":null}},{"start":{},"end":{}}],"line":1244},"75":{"loc":{"start":{"line":1244,"column":8},"end":{"line":1244,"column":42}},"type":"binary-expr","locations":[{"start":{"line":1244,"column":8},"end":{"line":1244,"column":13}},{"start":{"line":1244,"column":17},"end":{"line":1244,"column":42}}],"line":1244},"76":{"loc":{"start":{"line":1245,"column":6},"end":{"line":1245,"column":null}},"type":"if","locations":[{"start":{"line":1245,"column":6},"end":{"line":1245,"column":null}},{"start":{},"end":{}}],"line":1245},"77":{"loc":{"start":{"line":1246,"column":6},"end":{"line":1246,"column":null}},"type":"if","locations":[{"start":{"line":1246,"column":6},"end":{"line":1246,"column":null}},{"start":{},"end":{}}],"line":1246},"78":{"loc":{"start":{"line":1247,"column":6},"end":{"line":1247,"column":null}},"type":"if","locations":[{"start":{"line":1247,"column":6},"end":{"line":1247,"column":null}},{"start":{},"end":{}}],"line":1247},"79":{"loc":{"start":{"line":1248,"column":6},"end":{"line":1248,"column":null}},"type":"if","locations":[{"start":{"line":1248,"column":6},"end":{"line":1248,"column":null}},{"start":{},"end":{}}],"line":1248},"80":{"loc":{"start":{"line":1248,"column":10},"end":{"line":1248,"column":75}},"type":"binary-expr","locations":[{"start":{"line":1248,"column":10},"end":{"line":1248,"column":42}},{"start":{"line":1248,"column":46},"end":{"line":1248,"column":75}}],"line":1248},"81":{"loc":{"start":{"line":1249,"column":6},"end":{"line":1249,"column":null}},"type":"if","locations":[{"start":{"line":1249,"column":6},"end":{"line":1249,"column":null}},{"start":{},"end":{}}],"line":1249},"82":{"loc":{"start":{"line":1249,"column":10},"end":{"line":1249,"column":76}},"type":"binary-expr","locations":[{"start":{"line":1249,"column":10},"end":{"line":1249,"column":39}},{"start":{"line":1249,"column":43},"end":{"line":1249,"column":76}}],"line":1249},"83":{"loc":{"start":{"line":1250,"column":6},"end":{"line":1250,"column":null}},"type":"if","locations":[{"start":{"line":1250,"column":6},"end":{"line":1250,"column":null}},{"start":{},"end":{}}],"line":1250},"84":{"loc":{"start":{"line":1251,"column":6},"end":{"line":1251,"column":null}},"type":"if","locations":[{"start":{"line":1251,"column":6},"end":{"line":1251,"column":null}},{"start":{},"end":{}}],"line":1251},"85":{"loc":{"start":{"line":1251,"column":10},"end":{"line":1251,"column":89}},"type":"binary-expr","locations":[{"start":{"line":1251,"column":10},"end":{"line":1251,"column":49}},{"start":{"line":1251,"column":53},"end":{"line":1251,"column":89}}],"line":1251},"86":{"loc":{"start":{"line":1252,"column":6},"end":{"line":1252,"column":null}},"type":"if","locations":[{"start":{"line":1252,"column":6},"end":{"line":1252,"column":null}},{"start":{},"end":{}}],"line":1252},"87":{"loc":{"start":{"line":1252,"column":10},"end":{"line":1252,"column":95}},"type":"binary-expr","locations":[{"start":{"line":1252,"column":10},"end":{"line":1252,"column":54}},{"start":{"line":1252,"column":58},"end":{"line":1252,"column":95}}],"line":1252},"88":{"loc":{"start":{"line":1253,"column":6},"end":{"line":1253,"column":null}},"type":"if","locations":[{"start":{"line":1253,"column":6},"end":{"line":1253,"column":null}},{"start":{},"end":{}}],"line":1253},"89":{"loc":{"start":{"line":1254,"column":6},"end":{"line":1254,"column":null}},"type":"if","locations":[{"start":{"line":1254,"column":6},"end":{"line":1254,"column":null}},{"start":{},"end":{}}],"line":1254},"90":{"loc":{"start":{"line":1254,"column":10},"end":{"line":1254,"column":93}},"type":"binary-expr","locations":[{"start":{"line":1254,"column":10},"end":{"line":1254,"column":45}},{"start":{"line":1254,"column":49},"end":{"line":1254,"column":93}}],"line":1254},"91":{"loc":{"start":{"line":1255,"column":6},"end":{"line":1255,"column":null}},"type":"if","locations":[{"start":{"line":1255,"column":6},"end":{"line":1255,"column":null}},{"start":{},"end":{}}],"line":1255},"92":{"loc":{"start":{"line":1270,"column":4},"end":{"line":1272,"column":null}},"type":"if","locations":[{"start":{"line":1270,"column":4},"end":{"line":1272,"column":null}},{"start":{},"end":{}}],"line":1270},"93":{"loc":{"start":{"line":1270,"column":8},"end":{"line":1270,"column":30}},"type":"binary-expr","locations":[{"start":{"line":1270,"column":8},"end":{"line":1270,"column":18}},{"start":{"line":1270,"column":22},"end":{"line":1270,"column":30}}],"line":1270},"94":{"loc":{"start":{"line":1278,"column":6},"end":{"line":1280,"column":40}},"type":"binary-expr","locations":[{"start":{"line":1278,"column":6},"end":{"line":1278,"column":48}},{"start":{"line":1279,"column":6},"end":{"line":1279,"column":40}},{"start":{"line":1280,"column":6},"end":{"line":1280,"column":40}}],"line":1278},"95":{"loc":{"start":{"line":1282,"column":4},"end":{"line":1284,"column":null}},"type":"if","locations":[{"start":{"line":1282,"column":4},"end":{"line":1284,"column":null}},{"start":{},"end":{}}],"line":1282},"96":{"loc":{"start":{"line":1286,"column":18},"end":{"line":1286,"column":44}},"type":"binary-expr","locations":[{"start":{"line":1286,"column":18},"end":{"line":1286,"column":38}},{"start":{"line":1286,"column":42},"end":{"line":1286,"column":44}}],"line":1286},"97":{"loc":{"start":{"line":1292,"column":8},"end":{"line":1298,"column":null}},"type":"if","locations":[{"start":{"line":1292,"column":8},"end":{"line":1298,"column":null}},{"start":{},"end":{}}],"line":1292},"98":{"loc":{"start":{"line":1293,"column":22},"end":{"line":1293,"column":92}},"type":"cond-expr","locations":[{"start":{"line":1293,"column":42},"end":{"line":1293,"column":88}},{"start":{"line":1293,"column":91},"end":{"line":1293,"column":92}}],"line":1293},"99":{"loc":{"start":{"line":1294,"column":10},"end":{"line":1297,"column":null}},"type":"if","locations":[{"start":{"line":1294,"column":10},"end":{"line":1297,"column":null}},{"start":{},"end":{}}],"line":1294},"100":{"loc":{"start":{"line":1304,"column":4},"end":{"line":1306,"column":null}},"type":"if","locations":[{"start":{"line":1304,"column":4},"end":{"line":1306,"column":null}},{"start":{},"end":{}}],"line":1304},"101":{"loc":{"start":{"line":1313,"column":19},"end":{"line":1313,"column":67}},"type":"cond-expr","locations":[{"start":{"line":1313,"column":31},"end":{"line":1313,"column":60}},{"start":{"line":1313,"column":63},"end":{"line":1313,"column":67}}],"line":1313},"102":{"loc":{"start":{"line":1314,"column":12},"end":{"line":1314,"column":45}},"type":"cond-expr","locations":[{"start":{"line":1314,"column":24},"end":{"line":1314,"column":38}},{"start":{"line":1314,"column":41},"end":{"line":1314,"column":45}}],"line":1314},"103":{"loc":{"start":{"line":1315,"column":14},"end":{"line":1315,"column":49}},"type":"cond-expr","locations":[{"start":{"line":1315,"column":26},"end":{"line":1315,"column":42}},{"start":{"line":1315,"column":45},"end":{"line":1315,"column":49}}],"line":1315},"104":{"loc":{"start":{"line":1331,"column":4},"end":{"line":1336,"column":null}},"type":"if","locations":[{"start":{"line":1331,"column":4},"end":{"line":1336,"column":null}},{"start":{},"end":{}}],"line":1331},"105":{"loc":{"start":{"line":1331,"column":8},"end":{"line":1331,"column":78}},"type":"binary-expr","locations":[{"start":{"line":1331,"column":8},"end":{"line":1331,"column":13}},{"start":{"line":1331,"column":17},"end":{"line":1331,"column":41}},{"start":{"line":1331,"column":45},"end":{"line":1331,"column":50}},{"start":{"line":1331,"column":54},"end":{"line":1331,"column":78}}],"line":1331},"106":{"loc":{"start":{"line":1332,"column":6},"end":{"line":1334,"column":null}},"type":"if","locations":[{"start":{"line":1332,"column":6},"end":{"line":1334,"column":null}},{"start":{},"end":{}}],"line":1332},"107":{"loc":{"start":{"line":1339,"column":4},"end":{"line":1341,"column":null}},"type":"if","locations":[{"start":{"line":1339,"column":4},"end":{"line":1341,"column":null}},{"start":{},"end":{}}],"line":1339},"108":{"loc":{"start":{"line":1339,"column":8},"end":{"line":1339,"column":76}},"type":"binary-expr","locations":[{"start":{"line":1339,"column":8},"end":{"line":1339,"column":30}},{"start":{"line":1339,"column":34},"end":{"line":1339,"column":76}}],"line":1339},"109":{"loc":{"start":{"line":1346,"column":4},"end":{"line":1348,"column":null}},"type":"if","locations":[{"start":{"line":1346,"column":4},"end":{"line":1348,"column":null}},{"start":{},"end":{}}],"line":1346},"110":{"loc":{"start":{"line":1346,"column":8},"end":{"line":1346,"column":66}},"type":"binary-expr","locations":[{"start":{"line":1346,"column":8},"end":{"line":1346,"column":25}},{"start":{"line":1346,"column":29},"end":{"line":1346,"column":66}}],"line":1346},"111":{"loc":{"start":{"line":1350,"column":4},"end":{"line":1352,"column":null}},"type":"if","locations":[{"start":{"line":1350,"column":4},"end":{"line":1352,"column":null}},{"start":{},"end":{}}],"line":1350},"112":{"loc":{"start":{"line":1350,"column":8},"end":{"line":1350,"column":54}},"type":"binary-expr","locations":[{"start":{"line":1350,"column":8},"end":{"line":1350,"column":19}},{"start":{"line":1350,"column":23},"end":{"line":1350,"column":54}}],"line":1350},"113":{"loc":{"start":{"line":1360,"column":4},"end":{"line":1365,"column":null}},"type":"if","locations":[{"start":{"line":1360,"column":4},"end":{"line":1365,"column":null}},{"start":{},"end":{}}],"line":1360},"114":{"loc":{"start":{"line":1360,"column":8},"end":{"line":1360,"column":80}},"type":"binary-expr","locations":[{"start":{"line":1360,"column":8},"end":{"line":1360,"column":13}},{"start":{"line":1360,"column":17},"end":{"line":1360,"column":41}},{"start":{"line":1360,"column":45},"end":{"line":1360,"column":51}},{"start":{"line":1360,"column":55},"end":{"line":1360,"column":80}}],"line":1360},"115":{"loc":{"start":{"line":1361,"column":6},"end":{"line":1363,"column":null}},"type":"if","locations":[{"start":{"line":1361,"column":6},"end":{"line":1363,"column":null}},{"start":{},"end":{}}],"line":1361},"116":{"loc":{"start":{"line":1367,"column":4},"end":{"line":1369,"column":null}},"type":"if","locations":[{"start":{"line":1367,"column":4},"end":{"line":1369,"column":null}},{"start":{},"end":{}}],"line":1367},"117":{"loc":{"start":{"line":1396,"column":4},"end":{"line":1398,"column":null}},"type":"if","locations":[{"start":{"line":1396,"column":4},"end":{"line":1398,"column":null}},{"start":{},"end":{}}],"line":1396},"118":{"loc":{"start":{"line":1396,"column":8},"end":{"line":1396,"column":83}},"type":"binary-expr","locations":[{"start":{"line":1396,"column":8},"end":{"line":1396,"column":36}},{"start":{"line":1396,"column":40},"end":{"line":1396,"column":69}},{"start":{"line":1396,"column":73},"end":{"line":1396,"column":83}}],"line":1396},"119":{"loc":{"start":{"line":1402,"column":6},"end":{"line":1411,"column":null}},"type":"if","locations":[{"start":{"line":1402,"column":6},"end":{"line":1411,"column":null}},{"start":{},"end":{}}],"line":1402},"120":{"loc":{"start":{"line":1402,"column":10},"end":{"line":1402,"column":56}},"typ
[...]
:{"loc":{"start":{"line":164,"column":56},"end":{"line":164,"column":91}},"type":"default-arg","locations":[{"start":{"line":164,"column":76},"end":{"line":164,"column":91}}],"line":164}},"s":{"0":128,"1":128,"2":128,"3":6,"4":6,"5":6,"6":1,"7":5,"8":5,"9":5,"10":5,"11":5,"12":5,"13":5,"14":5,"15":2,"16":3,"17":3,"18":3,"19":3,"20":3,"21":3,"22":0,"23":2,"24":2,"25":0,"26":3,"27":3,"28":7,"29":7,"30":7,"31":7,"32":7,"33":5,"34":7,"35":3,"36":3,"37":3,"38":3,"39":3,"40":9,"41":9,"42":27,"43":27,"44":27,"45":3,"46":3,"47":1,"48":6,"49":3},"f":{"0":128,"1":6,"2":5,"3":2,"4":0,"5":3,"6":7,"7":7,"8":3,"9":1,"10":6,"11":3},"b":{"0":[1,5],"1":[6,1],"2":[2,3],"3":[3,0],"4":[3,3,3,3],"5":[0,0,0,0],"6":[3],"7":[5,2],"8":[3,24],"9":[3]},"meta":{"lastBranch":10,"lastFunction":12,"lastStatement":50,"seen":{"f:6:16:6:25":0,"s:7:13:7:Infinity":0,"s:8:13:8:Infinity":1,"s:9:2:9:Infinity":2,"f:16:16:16:38":1,"s:17:13:17:Infinity":3,"s:18:13:18:Infinity":4,"b:20:2:23:Infinity:undefined:undefined:undefined:undefined":0,"s:20:2:23:Infinity":5,"b:20:6:20:18:20:18:20:28":1,"s:22:4:22:Infinity":6,"s:26:12:28:Infinity":7,"s:30:2:33:Infinity":8,"f:44:16:44:33":2,"s:45:14:45:Infinity":9,"s:46:14:46:Infinity":10,"s:47:14:47:Infinity":11,"s:48:14:48:Infinity":12,"s:50:22:50:Infinity":13,"b:53:2:55:Infinity:undefined:undefined:undefined:undefined":2,"s:53:2:55:Infinity":14,"s:54:4:54:Infinity":15,"s:57:14:57:Infinity":16,"s:58:14:58:Infinity":17,"s:60:8:60:Infinity":18,"s:61:8:61:Infinity":19,"b:64:2:69:Infinity:undefined:undefined:undefined:undefined":3,"s:64:2:69:Infinity":20,"b:64:6:64:16:64:16:64:26:64:26:64:36:64:36:64:44":4,"s:65:4:68:Infinity":21,"s:71:2:71:Infinity":22,"f:77:16:77:39":3,"s:78:20:78:Infinity":23,"s:79:2:79:Infinity":24,"f:85:16:85:30":4,"s:86:2:87:Infinity":25,"b:86:9:86:33:86:33:86:Infinity:87:9:87:33:87:33:87:Infinity":5,"f:98:2:98:14":5,"b:98:33:98:37":6,"s:99:4:99:Infinity":26,"s:100:4:100:Infinity":27,"f:106:10:106:21":6,"s:107:15:107:Infinity":28,"s:108:15:108:Infinity":29,"s:109:4:109:Infinity":30,"f:115:2:115:9":7,"s:116:16:116:Infinity":31,"b:117:4:119:Infinity:undefined:undefined:undefined:undefined":7,"s:117:4:119:Infinity":32,"s:118:6:118:Infinity":33,"s:120:4:120:Infinity":34,"f:126:2:126:12":8,"s:127:25:127:Infinity":35,"s:128:15:128:Infinity":36,"s:129:15:129:Infinity":37,"s:132:4:140:Infinity":38,"s:132:18:132:22":39,"s:133:6:139:Infinity":40,"s:133:20:133:24":41,"s:134:20:134:Infinity":42,"s:135:21:135:Infinity":43,"b:136:8:138:Infinity:undefined:undefined:undefined:undefined":8,"s:136:8:138:Infinity":44,"s:137:10:137:Infinity":45,"s:142:4:142:Infinity":46,"f:148:2:148:16":9,"s:149:4:149:Infinity":47,"f:157:16:157:29":10,"s:158:2:158:Infinity":48,"f:164:16:164:29":11,"b:164:76:164:91":9,"s:165:2:165:Infinity":49}}}
,"/home/runner/work/CircuiTry3D/CircuiTry3D/src/utils/id.ts": {"path":"/home/runner/work/CircuiTry3D/CircuiTry3D/src/utils/id.ts","statementMap":{"0":{"start":{"line":8,"column":4},"end":{"line":11,"column":null}},"1":{"start":{"line":14,"column":4},"end":{"line":14,"column":null}},"2":{"start":{"line":16,"column":2},"end":{"line":18,"column":null}},"3":{"start":{"line":17,"column":4},"end":{"line":17,"column":null}},"4":{"start":{"line":21,"column":2},"end":{"line":21,"column":null}}},"fnMap":{"0":{"name":"createId","decl":{"start":{"line":6,"column":16},"end":{"line":6,"column":25}},"loc":{"start":{"line":6,"column":49},"end":{"line":22,"column":null}},"line":6}},"branchMap":{"0":{"loc":{"start":{"line":8,"column":4},"end":{"line":11,"column":null}},"type":"cond-expr","locations":[{"start":{"line":9,"column":8},"end":{"line":9,"column":null}},{"start":{"line":11,"column":9},"end":{"line":11,"column":null}}],"line":8},"1":{"loc":{"start":{"line":11,"column":9},"end":{"line":11,"column":null}},"type":"cond-expr","locations":[{"start":{"line":11,"column":46},"end":{"line":11,"column":74}},{"start":{"line":11,"column":74},"end":{"line":11,"column":null}}],"line":11},"2":{"loc":{"start":{"line":14,"column":4},"end":{"line":14,"column":null}},"type":"cond-expr","locations":[{"start":{"line":14,"column":62},"end":{"line":14,"column":87}},{"start":{"line":14,"column":87},"end":{"line":14,"column":null}}],"line":14},"3":{"loc":{"start":{"line":14,"column":4},"end":{"line":14,"column":62}},"type":"binary-expr","locations":[{"start":{"line":14,"column":4},"end":{"line":14,"column":17}},{"start":{"line":14,"column":17},"end":{"line":14,"column":62}}],"line":14},"4":{"loc":{"start":{"line":16,"column":2},"end":{"line":18,"column":null}},"type":"if","locations":[{"start":{"line":16,"column":2},"end":{"line":18,"column":null}},{"start":{},"end":{}}],"line":16}},"s":{"0":181,"1":181,"2":181,"3":181,"4":0},"f":{"0":181},"b":{"0":[181,0],"1":[0,0],"2":[181,0],"3":[181,181],"4":[181,0]},"meta":{"lastBranch":5,"lastFunction":1,"lastStatement":5,"seen":{"f:6:16:6:25":0,"s:8:4:11:Infinity":0,"b:9:8:9:Infinity:11:9:11:Infinity":0,"b:11:46:11:74:11:74:11:Infinity":1,"s:14:4:14:Infinity":1,"b:14:62:14:87:14:87:14:Infinity":2,"b:14:4:14:17:14:17:14:62":3,"b:16:2:18:Infinity:undefined:undefined:undefined:undefined":4,"s:16:2:18:Infinity":2,"s:17:4:17:Infinity":3,"s:21:2:21:Infinity":4}}}
,"/home/runner/work/CircuiTry3D/CircuiTry3D/src/utils/practiceSolver.ts": {"path":"/home/runner/work/CircuiTry3D/CircuiTry3D/src/utils/practiceSolver.ts","statementMap":{"0":{"start":{"line":23,"column":21},"end":{"line":28,"column":null}},"1":{"start":{"line":24,"column":2},"end":{"line":26,"column":null}},"2":{"start":{"line":25,"column":4},"end":{"line":25,"column":null}},"3":{"start":{"line":27,"column":2},"end":{"line":27,"column":null}},"4":{"start":{"line":31,"column":2},"end":{"line":34,"column":null}},"5":{"start":{"line":32,"column":4},"end":{"line":32,"column":null}},"6":{"start":{"line":33,"column":4},"end":{"line":33,"column":null}},"7":{"start":{"line":38,"column":23},"end":{"line":38,"column":null}},"8":{"start":{"line":40,"column":26},"end":{"line":40,"column":null}},"9":{"start":{"line":42,"column":37},"end":{"line":54,"column":null}},"10":{"start":{"line":43,"column":22},"end":{"line":43,"column":null}},"11":{"start":{"line":44,"column":4},"end":{"line":46,"column":null}},"12":{"start":{"line":45,"column":6},"end":{"line":45,"column":null}},"13":{"start":{"line":48,"column":31},"end":{"line":48,"column":null}},"14":{"start":{"line":49,"column":4},"end":{"line":51,"column":null}},"15":{"start":{"line":50,"column":6},"end":{"line":50,"column":null}},"16":{"start":{"line":53,"column":4},"end":{"line":53,"column":null}},"17":{"start":{"line":56,"column":38},"end":{"line":86,"column":null}},"18":{"start":{"line":57,"column":4},"end":{"line":59,"column":null}},"19":{"start":{"line":58,"column":6},"end":{"line":58,"column":null}},"20":{"start":{"line":63,"column":4},"end":{"line":82,"column":null}},"21":{"start":{"line":64,"column":6},"end":{"line":64,"column":null}},"22":{"start":{"line":65,"column":4},"end":{"line":82,"column":null}},"23":{"start":{"line":66,"column":6},"end":{"line":66,"column":null}},"24":{"start":{"line":66,"column":52},"end":{"line":66,"column":94}},"25":{"start":{"line":69,"column":25},"end":{"line":75,"column":null}},"26":{"start":{"line":70,"column":32},"end":{"line":70,"column":null}},"27":{"start":{"line":71,"column":8},"end":{"line":73,"column":null}},"28":{"start":{"line":72,"column":10},"end":{"line":72,"column":null}},"29":{"start":{"line":74,"column":8},"end":{"line":74,"column":null}},"30":{"start":{"line":77,"column":6},"end":{"line":79,"column":null}},"31":{"start":{"line":78,"column":8},"end":{"line":78,"column":null}},"32":{"start":{"line":81,"column":6},"end":{"line":81,"column":null}},"33":{"start":{"line":84,"column":4},"end":{"line":84,"column":null}},"34":{"start":{"line":85,"column":4},"end":{"line":85,"column":null}},"35":{"start":{"line":88,"column":26},"end":{"line":88,"column":null}},"36":{"start":{"line":90,"column":8},"end":{"line":93,"column":null}},"37":{"start":{"line":95,"column":8},"end":{"line":101,"column":null}},"38":{"start":{"line":103,"column":58},"end":{"line":103,"column":null}},"39":{"start":{"line":105,"column":24},"end":{"line":145,"column":null}},"40":{"start":{"line":106,"column":4},"end":{"line":108,"column":null}},"41":{"start":{"line":107,"column":6},"end":{"line":107,"column":null}},"42":{"start":{"line":110,"column":4},"end":{"line":125,"column":null}},"43":{"start":{"line":111,"column":24},"end":{"line":111,"column":null}},"44":{"start":{"line":112,"column":6},"end":{"line":114,"column":null}},"45":{"start":{"line":113,"column":8},"end":{"line":113,"column":null}},"46":{"start":{"line":116,"column":12},"end":{"line":121,"column":null}},"47":{"start":{"line":123,"column":6},"end":{"line":123,"column":null}},"48":{"start":{"line":124,"column":6},"end":{"line":124,"column":null}},"49":{"start":{"line":127,"column":4},"end":{"line":134,"column":null}},"50":{"start":{"line":128,"column":6},"end":{"line":132,"column":null}},"51":{"start":{"line":129,"column":32},"end":{"line":129,"column":null}},"52":{"start":{"line":130,"column":29},"end":{"line":130,"column":null}},"53":{"start":{"line":131,"column":8},"end":{"line":131,"column":null}},"54":{"start":{"line":133,"column":6},"end":{"line":133,"column":null}},"55":{"start":{"line":137,"column":4},"end":{"line":144,"column":null}},"56":{"start":{"line":138,"column":30},"end":{"line":138,"column":null}},"57":{"start":{"line":139,"column":6},"end":{"line":141,"column":null}},"58":{"start":{"line":140,"column":8},"end":{"line":140,"column":null}},"59":{"start":{"line":142,"column":27},"end":{"line":142,"column":null}},"60":{"start":{"line":143,"column":6},"end":{"line":143,"column":null}},"61":{"start":{"line":147,"column":2},"end":{"line":147,"column":null}},"62":{"start":{"line":149,"column":43},"end":{"line":153,"column":null}},"63":{"start":{"line":155,"column":2},"end":{"line":161,"column":null}},"64":{"start":{"line":165,"column":2},"end":{"line":171,"column":null}},"65":{"start":{"line":166,"column":4},"end":{"line":166,"column":null}},"66":{"start":{"line":168,"column":20},"end":{"line":168,"column":null}},"67":{"start":{"line":169,"column":4},"end":{"line":169,"column":null}},"68":{"start":{"line":170,"column":4},"end":{"line":170,"column":null}}},"fnMap":{"0":{"name":"(anonymous_0)","decl":{"start":{"line":23,"column":21},"end":{"line":23,"column":22}},"loc":{"start":{"line":23,"column":61},"end":{"line":28,"column":null}},"line":23},"1":{"name":"createComponentMap","decl":{"start":{"line":30,"column":16},"end":{"line":30,"column":35}},"loc":{"start":{"line":30,"column":82},"end":{"line":35,"column":null}},"line":30},"2":{"name":"(anonymous_2)","decl":{"start":{"line":31,"column":41},"end":{"line":31,"column":42}},"loc":{"start":{"line":31,"column":61},"end":{"line":34,"column":5}},"line":31},"3":{"name":"solvePracticeProblem","decl":{"start":{"line":37,"column":16},"end":{"line":37,"column":37}},"loc":{"start":{"line":37,"column":76},"end":{"line":162,"column":null}},"line":37},"4":{"name":"(anonymous_4)","decl":{"start":{"line":42,"column":37},"end":{"line":42,"column":38}},"loc":{"start":{"line":42,"column":70},"end":{"line":54,"column":null}},"line":42},"5":{"name":"(anonymous_5)","decl":{"start":{"line":56,"column":38},"end":{"line":56,"column":39}},"loc":{"start":{"line":56,"column":69},"end":{"line":86,"column":null}},"line":56},"6":{"name":"(anonymous_6)","decl":{"start":{"line":66,"column":36},"end":{"line":66,"column":37}},"loc":{"start":{"line":66,"column":52},"end":{"line":66,"column":94}},"line":66},"7":{"name":"(anonymous_7)","decl":{"start":{"line":69,"column":46},"end":{"line":69,"column":47}},"loc":{"start":{"line":69,"column":62},"end":{"line":75,"column":9}},"line":69},"8":{"name":"(anonymous_8)","decl":{"start":{"line":105,"column":24},"end":{"line":105,"column":25}},"loc":{"start":{"line":105,"column":81},"end":{"line":145,"column":null}},"line":105},"9":{"name":"(anonymous_9)","decl":{"start":{"line":128,"column":28},"end":{"line":128,"column":29}},"loc":{"start":{"line":128,"column":39},"end":{"line":132,"column":7}},"line":128},"10":{"name":"(anonymous_10)","decl":{"start":{"line":137,"column":26},"end":{"line":137,"column":27}},"loc":{"start":{"line":137,"column":37},"end":{"line":144,"column":5}},"line":137},"11":{"name":"trySolvePracticeProblem","decl":{"start":{"line":164,"column":16},"end":{"line":164,"column":40}},"loc":{"start":{"line":164,"column":80},"end":{"line":172,"column":null}},"line":164}},"branchMap":{"0":{"loc":{"start":{"line":24,"column":2},"end":{"line":26,"column":null}},"type":"if","locations":[{"start":{"line":24,"column":2},"end":{"line":26,"column":null}},{"start":{},"end":{}}],"line":24},"1":{"loc":{"start":{"line":44,"column":4},"end":{"line":46,"column":null}},"type":"if","locations":[{"start":{"line":44,"column":4},"end":{"line":46,"column":null}},{"start":{},"end":{}}],"line":44},"2":{"loc":{"start":{"line":48,"column":31},"end":{"line":48,"column":null}},"type":"binary-expr","locations":[{"start":{"line":48,"column":31},"end":{"line":48,"column":63}},{"start":{"line":48,"column":63},"end":{"line":48,"column":null}}],"line":48},"3":{"loc":{"start":{"line":49,"column":4},"end":{"line":51,"column":null}},"type":"if","locations":[{"start":{"line":49,"column":4},"end":{"line":51,"column":null}},{"start":{},"end":{}}],"line":49},"4":{"loc":{"start":{"line":49,"column":8},"end":{"line":49,"column":87}},"type":"binary-expr","locations":[{"start":{"line":49,"column":8},"end":{"line":49,"column":50}},{"start":{"line":49,"column":50},"end":{"line":49,"column":87}}],"line":49},"5":{"loc":{"start":{"line":57,"column":4},"end":{"line":59,"column":null}},"type":"if","locations":[{"start":{"line":57,"column":4},"end":{"line":59,"column":null}},{"start":{},"end":{}}],"line":57},"6":{"loc":{"start":{"line":63,"column":4},"end":{"line":82,"column":null}},"type":"if","locations":[{"start":{"line":63,"column":4},"end":{"line":82,"column":null}},{"start":{"line":65,"column":4},"end":{"line":82,"column":null}}],"line":63},"7":{"loc":{"start":{"line":65,"column":4},"end":{"line":82,"column":null}},"type":"if","locations":[{"start":{"line":65,"column":4},"end":{"line":82,"column":null}},{"start":{"line":67,"column":11},"end":{"line":82,"column":null}}],"line":65},"8":{"loc":{"start":{"line":71,"column":8},"end":{"line":73,"column":null}},"type":"if","locations":[{"start":{"line":71,"column":8},"end":{"line":73,"column":null}},{"start":{},"end":{}}],"line":71},"9":{"loc":{"start":{"line":77,"column":6},"end":{"line":79,"column":null}},"type":"if","locations":[{"start":{"line":77,"column":6},"end":{"line":79,"column":null}},{"start":{},"end":{}}],"line":77},"10":{"loc":{"start":{"line":106,"column":4},"end":{"line":108,"column":null}},"type":"if","locations":[{"start":{"line":106,"column":4},"end":{"line":108,"column":null}},{"start":{},"end":{}}],"line":106},"11":{"loc":{"start":{"line":106,"column":8},"end":{"line":106,"column":64}},"type":"binary-expr","locations":[{"start":{"line":106,"column":8},"end":{"line":106,"column":37}},{"start":{"line":106,"column":37},"end":{"line":106,"column":64}}],"line":106},"12":{"loc":{"start":{"line":110,"column":4},"end":{"line":125,"column":null}},"type":"if","locations":[{"start":{"line":110,"column":4},"end":{"line":125,"column":null}},{"start":{},"end":{}}],"line":110},"13":{"loc":{"start":{"line":112,"column":6},"end":{"line":114,"column":null}},"type":"if","locations":[{"start":{"line":112,"column":6},"end":{"line":114,"column":null}},{"start":{},"end":{}}],"line":112},"14":{"loc":{"start":{"line":127,"column":4},"end":{"line":134,"column":null}},"type":"if","locations":[{"start":{"line":127,"column":4},"end":{"line":134,"column":null}},{"start":{},"end":{}}],"line":127},"15":{"loc":{"start":{"line":139,"column":6},"end":{"line":141,"column":null}},"type":"if","locations":[{"start":{"line":139,"column":6},"end":{"line":141,"column":null}},{"start":{},"end":{}}],"line":139},"16":{"loc":{"start":{"line":168,"column":20},"end":{"line":168,"column":null}},"type":"cond-expr","locations":[{"start":{"line":168,"column":45},"end":{"line":168,"column":61}},{"start":{"line":168,"column":61},"end":{"line":168,"column":null}}],"line":168}},"s":{"0":1,"1":13,"2":0,"3":13,"4":19,"5":33,"6":33,"7":16,"8":16,"9":16,"10":30,"11":30,"12":2,"13":28,"14":30,"15":27,"16":1,"17":16,"18":72,"19":28,"20":44,"21":30,"22":14,"23":8,"24":16,"25":6,"26":12,"27":12,"28":0,"29":12,"30":6,"31":0,"32":6,"33":41,"34":41,"35":16,"36":16,"37":16,"38":16,"39":16,"40":41,"41":0,"42":41,"43":27,"44":27,"45":0,"46":27,"47":27,"48":27,"49":14,"50":8,"51":16,"52":16,"53":16,"54":8,"55":6,"56":12,"57":12,"58":0,"59":12,"60":12,"61":16,"62":16,"63":16,"64":3,"65":3,"66":1,"67":1,"68":1},"f":{"0":13,"1":19,"2":33,"3":16,"4":30,"5":72,"6":16,"7":12,"8":41,"9":16,"10":12,"11":3},"b":{"0":[0,13],"1":[2,28],"2":[28,1],"3":[27,3],"4":[30,27],"5":[28,44],"6":[30,14],"7":[8,6],"8":[0,12],"9":[0,6],"10":[0,41],"11":[41,41],"12":[27,14],"13":[0,27],"14":[8,6],"15":[0,12],"16":[1,0]},"meta":{"lastBranch":17,"lastFunction":12,"lastStatement":69,"seen":{"s:23:21:28:Infinity":0,"f:23:21:23:22":0,"b:24:2:26:Infinity:undefined:undefined:undefined:undefined":0,"s:24:2:26:Infinity":1,"s:25:4:25:Infinity":2,"s:27:2:27:Infinity":3,"f:30:16:30:35":1,"s:31:2:34:Infinity":4,"f:31:41:31:42":2,"s:32:4:32:Infinity":5,"s:33:4:33:Infinity":6,"f:37:16:37:37":3,"s:38:23:38:Infinity":7,"s:40:26:40:Infinity":8,"s:42:37:54:Infinity":9,"f:42:37:42:38":4,"s:43:22:43:Infinity":10,"b:44:4:46:Infinity:undefined:undefined:undefined:undefined":1,"s:44:4:46:Infinity":11,"s:45:6:45:Infinity":12,"s:48:31:48:Infinity":13,"b:48:31:48:63:48:63:48:Infinity":2,"b:49:4:51:Infinity:undefined:undefined:undefined:undefined":3,"s:49:4:51:Infinity":14,"b:49:8:49:50:49:50:49:87":4,"s:50:6:50:Infinity":15,"s:53:4:53:Infinity":16,"s:56:38:86:Infinity":17,"f:56:38:56:39":5,"b:57:4:59:Infinity:undefined:undefined:undefined:undefined":5,"s:57:4:59:Infinity":18,"s:58:6:58:Infinity":19,"b:63:4:82:Infinity:65:4:82:Infinity":6,"s:63:4:82:Infinity":20,"s:64:6:64:Infinity":21,"b:65:4:82:Infinity:67:11:82:Infinity":7,"s:65:4:82:Infinity":22,"s:66:6:66:Infinity":23,"f:66:36:66:37":6,"s:66:52:66:94":24,"s:69:25:75:Infinity":25,"f:69:46:69:47":7,"s:70:32:70:Infinity":26,"b:71:8:73:Infinity:undefined:undefined:undefined:undefined":8,"s:71:8:73:Infinity":27,"s:72:10:72:Infinity":28,"s:74:8:74:Infinity":29,"b:77:6:79:Infinity:undefined:undefined:undefined:undefined":9,"s:77:6:79:Infinity":30,"s:78:8:78:Infinity":31,"s:81:6:81:Infinity":32,"s:84:4:84:Infinity":33,"s:85:4:85:Infinity":34,"s:88:26:88:Infinity":35,"s:90:8:93:Infinity":36,"s:95:8:101:Infinity":37,"s:103:58:103:Infinity":38,"s:105:24:145:Infinity":39,"f:105:24:105:25":8,"b:106:4:108:Infinity:undefined:undefined:undefined:undefined":10,"s:106:4:108:Infinity":40,"b:106:8:106:37:106:37:106:64":11,"s:107:6:107:Infinity":41,"b:110:4:125:Infinity:undefined:undefined:undefined:undefined":12,"s:110:4:125:Infinity":42,"s:111:24:111:Infinity":43,"b:112:6:114:Infinity:undefined:undefined:undefined:undefined":13,"s:112:6:114:Infinity":44,"s:113:8:113:Infinity":45,"s:116:12:121:Infinity":46,"s:123:6:123:Infinity":47,"s:124:6:124:Infinity":48,"b:127:4:134:Infinity:undefined:undefined:undefined:undefined":14,"s:127:4:134:Infinity":49,"s:128:6:132:Infinity":50,"f:128:28:128:29":9,"s:129:32:129:Infinity":51,"s:130:29:130:Infinity":52,"s:131:8:131:Infinity":53,"s:133:6:133:Infinity":54,"s:137:4:144:Infinity":55,"f:137:26:137:27":10,"s:138:30:138:Infinity":56,"b:139:6:141:Infinity:undefined:undefined:undefined:undefined":15,"s:139:6:141:Infinity":57,"s:140:8:140:Infinity":58,"s:142:27:142:Infinity":59,"s:143:6:143:Infinity":60,"s:147:2:147:Infinity":61,"s:149:43:153:Infinity":62,"s:155:2:161:Infinity":63,"f:164:16:164:40":11,"s:165:2:171:Infinity":64,"s:166:4:166:Infinity":65,"s:168:20:168:Infinity":66,"b:168:45:168:61:168:61:168:Infinity":16,"s:169:4:169:Infinity":67,"s:170:4:170:Infinity":68}}}
}
